# JRE version: OpenJDK Runtime Environment (17.0.7) (build 17.0.7+0-b2043.56-10550314)
# Java VM: OpenJDK 64-Bit Server VM (17.0.7+0-b2043.56-10550314, mixed mode, tiered, compressed oops, compressed class ptrs, g1 gc, windows-amd64)
GC Precious Log:
 CPUs: 8 total, 8 available
 Memory: 7995M
 Large Page Support: Disabled
 NUMA Support: Disabled
 Compressed Oops: Enabled (32-bit)
 Heap Region Size: 1M
 Heap Min Capacity: 8M
 Heap Initial Capacity: 126M
 Heap Max Capacity: 2G
 Pre-touch: Disabled
 Parallel Workers: 8
 Concurrent Workers: 2
 Concurrent Refinement Workers: 8
 Periodic GC: Disabled
Heap:
 garbage-first heap   total 495616K, used 295423K [0x0000000080000000, 0x0000000100000000)
  region size 1024K, 49 young (50176K), 3 survivors (3072K)
 Metaspace       used 138553K, committed 139712K, reserved 1179648K
  class space    used 18583K, committed 19136K, reserved 1048576K
GC Heap History (20 events):
Event: 110.233 GC heap before
{Heap before GC invocations=69 (full 0):
 garbage-first heap   total 428032K, used 351193K [0x0000000080000000, 0x0000000100000000)
  region size 1024K, 97 young (99328K), 7 survivors (7168K)
 Metaspace       used 131035K, committed 131968K, reserved 1179648K
  class space    used 17821K, committed 18304K, reserved 1048576K
}
Event: 110.239 GC heap after
{Heap after GC invocations=70 (full 0):
 garbage-first heap   total 428032K, used 260114K [0x0000000080000000, 0x0000000100000000)
  region size 1024K, 5 young (5120K), 5 survivors (5120K)
 Metaspace       used 131035K, committed 131968K, reserved 1179648K
  class space    used 17821K, committed 18304K, reserved 1048576K
}
Event: 112.390 GC heap before
{Heap before GC invocations=70 (full 0):
 garbage-first heap   total 428032K, used 364562K [0x0000000080000000, 0x0000000100000000)
  region size 1024K, 94 young (96256K), 5 survivors (5120K)
 Metaspace       used 134103K, committed 134976K, reserved 1179648K
  class space    used 18168K, committed 18624K, reserved 1048576K
}
Event: 112.413 GC heap after
{Heap after GC invocations=71 (full 0):
 garbage-first heap   total 428032K, used 290954K [0x0000000080000000, 0x0000000100000000)
  region size 1024K, 13 young (13312K), 13 survivors (13312K)
 Metaspace       used 134103K, committed 134976K, reserved 1179648K
  class space    used 18168K, committed 18624K, reserved 1048576K
}
Event: 116.454 GC heap before
{Heap before GC invocations=72 (full 0):
 garbage-first heap   total 428032K, used 261258K [0x0000000080000000, 0x0000000100000000)
  region size 1024K, 69 young (70656K), 13 survivors (13312K)
 Metaspace       used 136851K, committed 137792K, reserved 1179648K
  class space    used 18463K, committed 18944K, reserved 1048576K
}
Event: 116.468 GC heap after
{Heap after GC invocations=73 (full 0):
 garbage-first heap   total 428032K, used 209920K [0x0000000080000000, 0x0000000100000000)
  region size 1024K, 7 young (7168K), 7 survivors (7168K)
 Metaspace       used 136851K, committed 137792K, reserved 1179648K
  class space    used 18463K, committed 18944K, reserved 1048576K
}
Event: 116.558 GC heap before
{Heap before GC invocations=73 (full 0):
 garbage-first heap   total 428032K, used 222208K [0x0000000080000000, 0x0000000100000000)
  region size 1024K, 20 young (20480K), 7 survivors (7168K)
 Metaspace       used 136980K, committed 137920K, reserved 1179648K
  class space    used 18469K, committed 18944K, reserved 1048576K
}
Event: 116.566 GC heap after
{Heap after GC invocations=74 (full 0):
 garbage-first heap   total 428032K, used 184353K [0x0000000080000000, 0x0000000100000000)
  region size 1024K, 2 young (2048K), 2 survivors (2048K)
 Metaspace       used 136980K, committed 137920K, reserved 1179648K
  class space    used 18469K, committed 18944K, reserved 1048576K
}
Event: 190.347 GC heap before
{Heap before GC invocations=74 (full 0):
 garbage-first heap   total 428032K, used 322593K [0x0000000080000000, 0x0000000100000000)
  region size 1024K, 138 young (141312K), 2 survivors (2048K)
 Metaspace       used 137696K, committed 138752K, reserved 1179648K
  class space    used 18521K, committed 19072K, reserved 1048576K
}
Event: 190.353 GC heap after
{Heap after GC invocations=75 (full 0):
 garbage-first heap   total 495616K, used 187345K [0x0000000080000000, 0x0000000100000000)
  region size 1024K, 5 young (5120K), 5 survivors (5120K)
 Metaspace       used 137696K, committed 138752K, reserved 1179648K
  class space    used 18521K, committed 19072K, reserved 1048576K
}
Event: 215.722 GC heap before
{Heap before GC invocations=75 (full 0):
 garbage-first heap   total 495616K, used 364497K [0x0000000080000000, 0x0000000100000000)
  region size 1024K, 164 young (167936K), 5 survivors (5120K)
 Metaspace       used 138537K, committed 139648K, reserved 1179648K
  class space    used 18582K, committed 19136K, reserved 1048576K
}
Event: 215.731 GC heap after
{Heap after GC invocations=76 (full 0):
 garbage-first heap   total 495616K, used 211388K [0x0000000080000000, 0x0000000100000000)
  region size 1024K, 13 young (13312K), 13 survivors (13312K)
 Metaspace       used 138537K, committed 139648K, reserved 1179648K
  class space    used 18582K, committed 19136K, reserved 1048576K
}
Event: 215.770 GC heap before
{Heap before GC invocations=76 (full 0):
 garbage-first heap   total 495616K, used 225724K [0x0000000080000000, 0x0000000100000000)
  region size 1024K, 14 young (14336K), 13 survivors (13312K)
 Metaspace       used 138539K, committed 139648K, reserved 1179648K
  class space    used 18583K, committed 19136K, reserved 1048576K
}
Event: 215.778 GC heap after
{Heap after GC invocations=77 (full 0):
 garbage-first heap   total 495616K, used 226050K [0x0000000080000000, 0x0000000100000000)
  region size 1024K, 13 young (13312K), 13 survivors (13312K)
 Metaspace       used 138539K, committed 139648K, reserved 1179648K
  class space    used 18583K, committed 19136K, reserved 1048576K
}
Event: 215.862 GC heap before
{Heap before GC invocations=77 (full 0):
 garbage-first heap   total 495616K, used 250626K [0x0000000080000000, 0x0000000100000000)
  region size 1024K, 29 young (29696K), 13 survivors (13312K)
 Metaspace       used 138539K, committed 139648K, reserved 1179648K
  class space    used 18583K, committed 19136K, reserved 1048576K
}
Event: 215.873 GC heap after
{Heap after GC invocations=78 (full 0):
 garbage-first heap   total 495616K, used 223058K [0x0000000080000000, 0x0000000100000000)
  region size 1024K, 20 young (20480K), 20 survivors (20480K)
 Metaspace       used 138539K, committed 139648K, reserved 1179648K
  class space    used 18583K, committed 19136K, reserved 1048576K
}
Event: 216.264 GC heap before
{Heap before GC invocations=79 (full 0):
 garbage-first heap   total 495616K, used 352776K [0x0000000080000000, 0x0000000100000000)
  region size 1024K, 156 young (159744K), 20 survivors (20480K)
 Metaspace       used 138546K, committed 139648K, reserved 1179648K
  class space    used 18583K, committed 19136K, reserved 1048576K
}
Event: 216.377 GC heap after
{Heap after GC invocations=80 (full 0):
 garbage-first heap   total 495616K, used 256462K [0x0000000080000000, 0x0000000100000000)
  region size 1024K, 20 young (20480K), 20 survivors (20480K)
 Metaspace       used 138546K, committed 139648K, reserved 1179648K
  class space    used 18583K, committed 19136K, reserved 1048576K
}
Event: 216.413 GC heap before
{Heap before GC invocations=80 (full 0):
 garbage-first heap   total 495616K, used 260558K [0x0000000080000000, 0x0000000100000000)
  region size 1024K, 24 young (24576K), 20 survivors (20480K)
 Metaspace       used 138546K, committed 139648K, reserved 1179648K
  class space    used 18583K, committed 19136K, reserved 1048576K
}
Event: 216.444 GC heap after
{Heap after GC invocations=81 (full 0):
 garbage-first heap   total 495616K, used 239103K [0x0000000080000000, 0x0000000100000000)
  region size 1024K, 3 young (3072K), 3 survivors (3072K)
 Metaspace       used 138546K, committed 139648K, reserved 1179648K
  class space    used 18583K, committed 19136K, reserved 1048576K
}

