# JRE version: OpenJDK Runtime Environment (17.0.7) (build 17.0.7+0-b2043.56-10550314)
# Java VM: OpenJDK 64-Bit Server VM (17.0.7+0-b2043.56-10550314, mixed mode, tiered, compressed oops, compressed class ptrs, g1 gc, windows-amd64)
GC Precious Log:
 CPUs: 8 total, 8 available
 Memory: 7995M
 Large Page Support: Disabled
 NUMA Support: Disabled
 Compressed Oops: Enabled (32-bit)
 Heap Region Size: 1M
 Heap Min Capacity: 8M
 Heap Initial Capacity: 126M
 Heap Max Capacity: 2000M
 Pre-touch: Disabled
 Parallel Workers: 8
 Concurrent Workers: 2
 Concurrent Refinement Workers: 8
 Periodic GC: Disabled
Heap:
 garbage-first heap   total 137216K, used 51454K [0x0000000083000000, 0x0000000100000000)
  region size 1024K, 22 young (22528K), 9 survivors (9216K)
 Metaspace       used 52755K, committed 52992K, reserved 1114112K
  class space    used 6300K, committed 6400K, reserved 1048576K
GC Heap History (20 events):
Event: 0.919 GC heap before
{Heap before GC invocations=1 (full 0):
 garbage-first heap   total 129024K, used 37461K [0x0000000083000000, 0x0000000100000000)
  region size 1024K, 34 young (34816K), 3 survivors (3072K)
 Metaspace       used 21358K, committed 21504K, reserved 1114112K
  class space    used 2324K, committed 2432K, reserved 1048576K
}
Event: 0.926 GC heap after
{Heap after GC invocations=2 (full 0):
 garbage-first heap   total 129024K, used 10236K [0x0000000083000000, 0x0000000100000000)
  region size 1024K, 4 young (4096K), 4 survivors (4096K)
 Metaspace       used 21358K, committed 21504K, reserved 1114112K
  class space    used 2324K, committed 2432K, reserved 1048576K
}
Event: 1.231 GC heap before
{Heap before GC invocations=3 (full 0):
 garbage-first heap   total 40960K, used 30716K [0x0000000083000000, 0x0000000100000000)
  region size 1024K, 24 young (24576K), 4 survivors (4096K)
 Metaspace       used 27977K, committed 28160K, reserved 1114112K
  class space    used 3476K, committed 3584K, reserved 1048576K
}
Event: 1.238 GC heap after
{Heap after GC invocations=4 (full 0):
 garbage-first heap   total 40960K, used 11401K [0x0000000083000000, 0x0000000100000000)
  region size 1024K, 2 young (2048K), 2 survivors (2048K)
 Metaspace       used 27977K, committed 28160K, reserved 1114112K
  class space    used 3476K, committed 3584K, reserved 1048576K
}
Event: 1.251 GC heap before
{Heap before GC invocations=4 (full 0):
 garbage-first heap   total 40960K, used 11401K [0x0000000083000000, 0x0000000100000000)
  region size 1024K, 3 young (3072K), 2 survivors (2048K)
 Metaspace       used 28291K, committed 28480K, reserved 1114112K
  class space    used 3520K, committed 3584K, reserved 1048576K
}
Event: 1.255 GC heap after
{Heap after GC invocations=5 (full 0):
 garbage-first heap   total 40960K, used 11555K [0x0000000083000000, 0x0000000100000000)
  region size 1024K, 1 young (1024K), 1 survivors (1024K)
 Metaspace       used 28291K, committed 28480K, reserved 1114112K
  class space    used 3520K, committed 3584K, reserved 1048576K
}
Event: 1.451 GC heap before
{Heap before GC invocations=5 (full 0):
 garbage-first heap   total 40960K, used 33059K [0x0000000083000000, 0x0000000100000000)
  region size 1024K, 20 young (20480K), 1 survivors (1024K)
 Metaspace       used 30775K, committed 30912K, reserved 1114112K
  class space    used 3988K, committed 4032K, reserved 1048576K
}
Event: 1.458 GC heap after
{Heap after GC invocations=6 (full 0):
 garbage-first heap   total 40960K, used 17762K [0x0000000083000000, 0x0000000100000000)
  region size 1024K, 3 young (3072K), 3 survivors (3072K)
 Metaspace       used 30775K, committed 30912K, reserved 1114112K
  class space    used 3988K, committed 4032K, reserved 1048576K
}
Event: 1.629 GC heap before
{Heap before GC invocations=6 (full 0):
 garbage-first heap   total 40960K, used 31074K [0x0000000083000000, 0x0000000100000000)
  region size 1024K, 16 young (16384K), 3 survivors (3072K)
 Metaspace       used 34060K, committed 34304K, reserved 1114112K
  class space    used 4351K, committed 4480K, reserved 1048576K
}
Event: 1.635 GC heap after
{Heap after GC invocations=7 (full 0):
 garbage-first heap   total 78848K, used 17074K [0x0000000083000000, 0x0000000100000000)
  region size 1024K, 2 young (2048K), 2 survivors (2048K)
 Metaspace       used 34060K, committed 34304K, reserved 1114112K
  class space    used 4351K, committed 4480K, reserved 1048576K
}
Event: 1.728 GC heap before
{Heap before GC invocations=7 (full 0):
 garbage-first heap   total 78848K, used 25266K [0x0000000083000000, 0x0000000100000000)
  region size 1024K, 11 young (11264K), 2 survivors (2048K)
 Metaspace       used 35764K, committed 35968K, reserved 1114112K
  class space    used 4534K, committed 4672K, reserved 1048576K
}
Event: 1.732 GC heap after
{Heap after GC invocations=8 (full 0):
 garbage-first heap   total 78848K, used 18126K [0x0000000083000000, 0x0000000100000000)
  region size 1024K, 3 young (3072K), 3 survivors (3072K)
 Metaspace       used 35764K, committed 35968K, reserved 1114112K
  class space    used 4534K, committed 4672K, reserved 1048576K
}
Event: 2.237 GC heap before
{Heap before GC invocations=9 (full 0):
 garbage-first heap   total 68608K, used 56014K [0x0000000083000000, 0x0000000100000000)
  region size 1024K, 40 young (40960K), 3 survivors (3072K)
 Metaspace       used 44514K, committed 44800K, reserved 1114112K
  class space    used 5492K, committed 5632K, reserved 1048576K
}
Event: 2.245 GC heap after
{Heap after GC invocations=10 (full 0):
 garbage-first heap   total 68608K, used 20794K [0x0000000083000000, 0x0000000100000000)
  region size 1024K, 5 young (5120K), 5 survivors (5120K)
 Metaspace       used 44514K, committed 44800K, reserved 1114112K
  class space    used 5492K, committed 5632K, reserved 1048576K
}
Event: 2.256 GC heap before
{Heap before GC invocations=10 (full 0):
 garbage-first heap   total 68608K, used 21818K [0x0000000083000000, 0x0000000100000000)
  region size 1024K, 6 young (6144K), 5 survivors (5120K)
 Metaspace       used 44758K, committed 44992K, reserved 1114112K
  class space    used 5516K, committed 5632K, reserved 1048576K
}
Event: 2.263 GC heap after
{Heap after GC invocations=11 (full 0):
 garbage-first heap   total 68608K, used 20590K [0x0000000083000000, 0x0000000100000000)
  region size 1024K, 1 young (1024K), 1 survivors (1024K)
 Metaspace       used 44758K, committed 44992K, reserved 1114112K
  class space    used 5516K, committed 5632K, reserved 1048576K
}
Event: 2.513 GC heap before
{Heap before GC invocations=11 (full 0):
 garbage-first heap   total 68608K, used 53358K [0x0000000083000000, 0x0000000100000000)
  region size 1024K, 30 young (30720K), 1 survivors (1024K)
 Metaspace       used 46585K, committed 46784K, reserved 1114112K
  class space    used 5702K, committed 5824K, reserved 1048576K
}
Event: 2.522 GC heap after
{Heap after GC invocations=12 (full 0):
 garbage-first heap   total 137216K, used 29292K [0x0000000083000000, 0x0000000100000000)
  region size 1024K, 4 young (4096K), 4 survivors (4096K)
 Metaspace       used 46585K, committed 46784K, reserved 1114112K
  class space    used 5702K, committed 5824K, reserved 1048576K
}
Event: 3.447 GC heap before
{Heap before GC invocations=12 (full 0):
 garbage-first heap   total 137216K, used 97900K [0x0000000083000000, 0x0000000100000000)
  region size 1024K, 71 young (72704K), 4 survivors (4096K)
 Metaspace       used 50479K, committed 50752K, reserved 1114112K
  class space    used 6024K, committed 6144K, reserved 1048576K
}
Event: 3.465 GC heap after
{Heap after GC invocations=13 (full 0):
 garbage-first heap   total 137216K, used 39166K [0x0000000083000000, 0x0000000100000000)
  region size 1024K, 9 young (9216K), 9 survivors (9216K)
 Metaspace       used 50479K, committed 50752K, reserved 1114112K
  class space    used 6024K, committed 6144K, reserved 1048576K
}

