# JRE version: OpenJDK Runtime Environment (17.0.7) (build 17.0.7+0-b2043.56-10550314)
# Java VM: OpenJDK 64-Bit Server VM (17.0.7+0-b2043.56-10550314, mixed mode, tiered, compressed oops, compressed class ptrs, g1 gc, windows-amd64)
GC Precious Log:
 CPUs: 8 total, 8 available
 Memory: 7995M
 Large Page Support: Disabled
 NUMA Support: Disabled
 Compressed Oops: Enabled (32-bit)
 Heap Region Size: 1M
 Heap Min Capacity: 8M
 Heap Initial Capacity: 126M
 Heap Max Capacity: 2G
 Pre-touch: Disabled
 Parallel Workers: 8
 Concurrent Workers: 2
 Concurrent Refinement Workers: 8
 Periodic GC: Disabled
Heap:
 garbage-first heap   total 253952K, used 109037K [0x0000000080000000, 0x0000000100000000)
  region size 1024K, 36 young (36864K), 1 survivors (1024K)
 Metaspace       used 94421K, committed 94848K, reserved 1179648K
  class space    used 12275K, committed 12480K, reserved 1048576K
GC Heap History (20 events):
Event: 9.316 GC heap before
{Heap before GC invocations=24 (full 0):
 garbage-first heap   total 104448K, used 82377K [0x0000000080000000, 0x0000000100000000)
  region size 1024K, 25 young (25600K), 3 survivors (3072K)
 Metaspace       used 70572K, committed 71040K, reserved 1114112K
  class space    used 9561K, committed 9792K, reserved 1048576K
}
Event: 9.319 GC heap after
{Heap after GC invocations=25 (full 0):
 garbage-first heap   total 104448K, used 61679K [0x0000000080000000, 0x0000000100000000)
  region size 1024K, 4 young (4096K), 4 survivors (4096K)
 Metaspace       used 70572K, committed 71040K, reserved 1114112K
  class space    used 9561K, committed 9792K, reserved 1048576K
}
Event: 9.332 GC heap before
{Heap before GC invocations=25 (full 0):
 garbage-first heap   total 104448K, used 62703K [0x0000000080000000, 0x0000000100000000)
  region size 1024K, 5 young (5120K), 4 survivors (4096K)
 Metaspace       used 70681K, committed 71168K, reserved 1114112K
  class space    used 9569K, committed 9792K, reserved 1048576K
}
Event: 9.335 GC heap after
{Heap after GC invocations=26 (full 0):
 garbage-first heap   total 125952K, used 61793K [0x0000000080000000, 0x0000000100000000)
  region size 1024K, 1 young (1024K), 1 survivors (1024K)
 Metaspace       used 70681K, committed 71168K, reserved 1114112K
  class space    used 9569K, committed 9792K, reserved 1048576K
}
Event: 9.693 GC heap before
{Heap before GC invocations=26 (full 0):
 garbage-first heap   total 125952K, used 98657K [0x0000000080000000, 0x0000000100000000)
  region size 1024K, 37 young (37888K), 1 survivors (1024K)
 Metaspace       used 75142K, committed 75648K, reserved 1179648K
  class space    used 9967K, committed 10176K, reserved 1048576K
}
Event: 9.695 GC heap after
{Heap after GC invocations=27 (full 0):
 garbage-first heap   total 125952K, used 63259K [0x0000000080000000, 0x0000000100000000)
  region size 1024K, 3 young (3072K), 3 survivors (3072K)
 Metaspace       used 75142K, committed 75648K, reserved 1179648K
  class space    used 9967K, committed 10176K, reserved 1048576K
}
Event: 10.105 GC heap before
{Heap before GC invocations=28 (full 0):
 garbage-first heap   total 125952K, used 100123K [0x0000000080000000, 0x0000000100000000)
  region size 1024K, 39 young (39936K), 3 survivors (3072K)
 Metaspace       used 79533K, committed 80000K, reserved 1179648K
  class space    used 10501K, committed 10688K, reserved 1048576K
}
Event: 10.108 GC heap after
{Heap after GC invocations=29 (full 0):
 garbage-first heap   total 125952K, used 65207K [0x0000000080000000, 0x0000000100000000)
  region size 1024K, 4 young (4096K), 4 survivors (4096K)
 Metaspace       used 79533K, committed 80000K, reserved 1179648K
  class space    used 10501K, committed 10688K, reserved 1048576K
}
Event: 10.132 GC heap before
{Heap before GC invocations=29 (full 0):
 garbage-first heap   total 125952K, used 66231K [0x0000000080000000, 0x0000000100000000)
  region size 1024K, 6 young (6144K), 4 survivors (4096K)
 Metaspace       used 80053K, committed 80512K, reserved 1179648K
  class space    used 10563K, committed 10752K, reserved 1048576K
}
Event: 10.136 GC heap after
{Heap after GC invocations=30 (full 0):
 garbage-first heap   total 125952K, used 65185K [0x0000000080000000, 0x0000000100000000)
  region size 1024K, 1 young (1024K), 1 survivors (1024K)
 Metaspace       used 80053K, committed 80512K, reserved 1179648K
  class space    used 10563K, committed 10752K, reserved 1048576K
}
Event: 10.419 GC heap before
{Heap before GC invocations=30 (full 0):
 garbage-first heap   total 125952K, used 102049K [0x0000000080000000, 0x0000000100000000)
  region size 1024K, 36 young (36864K), 1 survivors (1024K)
 Metaspace       used 82580K, committed 83072K, reserved 1179648K
  class space    used 10883K, committed 11072K, reserved 1048576K
}
Event: 10.421 GC heap after
{Heap after GC invocations=31 (full 0):
 garbage-first heap   total 125952K, used 66554K [0x0000000080000000, 0x0000000100000000)
  region size 1024K, 2 young (2048K), 2 survivors (2048K)
 Metaspace       used 82580K, committed 83072K, reserved 1179648K
  class space    used 10883K, committed 11072K, reserved 1048576K
}
Event: 10.798 GC heap before
{Heap before GC invocations=32 (full 0):
 garbage-first heap   total 125952K, used 102394K [0x0000000080000000, 0x0000000100000000)
  region size 1024K, 37 young (37888K), 2 survivors (2048K)
 Metaspace       used 84826K, committed 85312K, reserved 1179648K
  class space    used 11144K, committed 11328K, reserved 1048576K
}
Event: 10.802 GC heap after
{Heap after GC invocations=33 (full 0):
 garbage-first heap   total 125952K, used 69066K [0x0000000080000000, 0x0000000100000000)
  region size 1024K, 5 young (5120K), 5 survivors (5120K)
 Metaspace       used 84826K, committed 85312K, reserved 1179648K
  class space    used 11144K, committed 11328K, reserved 1048576K
}
Event: 11.052 GC heap before
{Heap before GC invocations=33 (full 0):
 garbage-first heap   total 125952K, used 102858K [0x0000000080000000, 0x0000000100000000)
  region size 1024K, 38 young (38912K), 5 survivors (5120K)
 Metaspace       used 86435K, committed 86912K, reserved 1179648K
  class space    used 11323K, committed 11520K, reserved 1048576K
}
Event: 11.057 GC heap after
{Heap after GC invocations=34 (full 0):
 garbage-first heap   total 125952K, used 71868K [0x0000000080000000, 0x0000000100000000)
  region size 1024K, 3 young (3072K), 3 survivors (3072K)
 Metaspace       used 86435K, committed 86912K, reserved 1179648K
  class space    used 11323K, committed 11520K, reserved 1048576K
}
Event: 11.406 GC heap before
{Heap before GC invocations=35 (full 0):
 garbage-first heap   total 126976K, used 103612K [0x0000000080000000, 0x0000000100000000)
  region size 1024K, 34 young (34816K), 3 survivors (3072K)
 Metaspace       used 89452K, committed 89856K, reserved 1179648K
  class space    used 11665K, committed 11840K, reserved 1048576K
}
Event: 11.410 GC heap after
{Heap after GC invocations=36 (full 0):
 garbage-first heap   total 126976K, used 74168K [0x0000000080000000, 0x0000000100000000)
  region size 1024K, 3 young (3072K), 3 survivors (3072K)
 Metaspace       used 89452K, committed 89856K, reserved 1179648K
  class space    used 11665K, committed 11840K, reserved 1048576K
}
Event: 11.452 GC heap before
{Heap before GC invocations=36 (full 0):
 garbage-first heap   total 126976K, used 76216K [0x0000000080000000, 0x0000000100000000)
  region size 1024K, 6 young (6144K), 3 survivors (3072K)
 Metaspace       used 89992K, committed 90432K, reserved 1179648K
  class space    used 11706K, committed 11904K, reserved 1048576K
}
Event: 11.457 GC heap after
{Heap after GC invocations=37 (full 0):
 garbage-first heap   total 253952K, used 74221K [0x0000000080000000, 0x0000000100000000)
  region size 1024K, 1 young (1024K), 1 survivors (1024K)
 Metaspace       used 89992K, committed 90432K, reserved 1179648K
  class space    used 11706K, committed 11904K, reserved 1048576K
}

