# JRE version: OpenJDK Runtime Environment (17.0.7) (build 17.0.7+0-b2043.56-10550314)
# Java VM: OpenJDK 64-Bit Server VM (17.0.7+0-b2043.56-10550314, mixed mode, tiered, compressed oops, compressed class ptrs, g1 gc, windows-amd64)
GC Precious Log:
 CPUs: 8 total, 8 available
 Memory: 7995M
 Large Page Support: Disabled
 NUMA Support: Disabled
 Compressed Oops: Enabled (32-bit)
 Heap Region Size: 1M
 Heap Min Capacity: 8M
 Heap Initial Capacity: 126M
 Heap Max Capacity: 2G
 Pre-touch: Disabled
 Parallel Workers: 8
 Concurrent Workers: 2
 Concurrent Refinement Workers: 8
 Periodic GC: Disabled
Heap:
 garbage-first heap   total 207872K, used 147372K [0x0000000080000000, 0x0000000100000000)
  region size 1024K, 3 young (3072K), 3 survivors (3072K)
 Metaspace       used 140565K, committed 141312K, reserved 1179648K
  class space    used 18150K, committed 18496K, reserved 1048576K
GC Heap History (20 events):
Event: 17.422 GC heap after
{Heap after GC invocations=39 (full 0):
 garbage-first heap   total 207872K, used 95369K [0x0000000080000000, 0x0000000100000000)
  region size 1024K, 7 young (7168K), 7 survivors (7168K)
 Metaspace       used 121768K, committed 122368K, reserved 1179648K
  class space    used 15655K, committed 15936K, reserved 1048576K
}
Event: 22.326 GC heap before
{Heap before GC invocations=40 (full 0):
 garbage-first heap   total 207872K, used 171145K [0x0000000080000000, 0x0000000100000000)
  region size 1024K, 70 young (71680K), 7 survivors (7168K)
 Metaspace       used 127282K, committed 127872K, reserved 1179648K
  class space    used 16349K, committed 16640K, reserved 1048576K
}
Event: 22.331 GC heap after
{Heap after GC invocations=41 (full 0):
 garbage-first heap   total 207872K, used 114636K [0x0000000080000000, 0x0000000100000000)
  region size 1024K, 8 young (8192K), 8 survivors (8192K)
 Metaspace       used 127282K, committed 127872K, reserved 1179648K
  class space    used 16349K, committed 16640K, reserved 1048576K
}
Event: 22.364 GC heap before
{Heap before GC invocations=41 (full 0):
 garbage-first heap   total 207872K, used 116684K [0x0000000080000000, 0x0000000100000000)
  region size 1024K, 10 young (10240K), 8 survivors (8192K)
 Metaspace       used 127447K, committed 128064K, reserved 1179648K
  class space    used 16375K, committed 16704K, reserved 1048576K
}
Event: 22.367 GC heap after
{Heap after GC invocations=42 (full 0):
 garbage-first heap   total 207872K, used 107855K [0x0000000080000000, 0x0000000100000000)
  region size 1024K, 1 young (1024K), 1 survivors (1024K)
 Metaspace       used 127447K, committed 128064K, reserved 1179648K
  class space    used 16375K, committed 16704K, reserved 1048576K
}
Event: 23.619 GC heap before
{Heap before GC invocations=42 (full 0):
 garbage-first heap   total 207872K, used 171343K [0x0000000080000000, 0x0000000100000000)
  region size 1024K, 57 young (58368K), 1 survivors (1024K)
 Metaspace       used 132512K, committed 133120K, reserved 1179648K
  class space    used 17048K, committed 17344K, reserved 1048576K
}
Event: 23.623 GC heap after
{Heap after GC invocations=43 (full 0):
 garbage-first heap   total 207872K, used 112358K [0x0000000080000000, 0x0000000100000000)
  region size 1024K, 6 young (6144K), 6 survivors (6144K)
 Metaspace       used 132512K, committed 133120K, reserved 1179648K
  class space    used 17048K, committed 17344K, reserved 1048576K
}
Event: 25.034 GC heap before
{Heap before GC invocations=43 (full 0):
 garbage-first heap   total 207872K, used 167654K [0x0000000080000000, 0x0000000100000000)
  region size 1024K, 60 young (61440K), 6 survivors (6144K)
 Metaspace       used 136636K, committed 137344K, reserved 1179648K
  class space    used 17621K, committed 17984K, reserved 1048576K
}
Event: 25.039 GC heap after
{Heap after GC invocations=44 (full 0):
 garbage-first heap   total 207872K, used 115923K [0x0000000080000000, 0x0000000100000000)
  region size 1024K, 4 young (4096K), 4 survivors (4096K)
 Metaspace       used 136636K, committed 137344K, reserved 1179648K
  class space    used 17621K, committed 17984K, reserved 1048576K
}
Event: 25.127 GC heap before
{Heap before GC invocations=44 (full 0):
 garbage-first heap   total 207872K, used 115923K [0x0000000080000000, 0x0000000100000000)
  region size 1024K, 5 young (5120K), 4 survivors (4096K)
 Metaspace       used 136700K, committed 137408K, reserved 1179648K
  class space    used 17630K, committed 17984K, reserved 1048576K
}
Event: 25.130 GC heap after
{Heap after GC invocations=45 (full 0):
 garbage-first heap   total 207872K, used 116064K [0x0000000080000000, 0x0000000100000000)
  region size 1024K, 4 young (4096K), 4 survivors (4096K)
 Metaspace       used 136700K, committed 137408K, reserved 1179648K
  class space    used 17630K, committed 17984K, reserved 1048576K
}
Event: 26.463 GC heap before
{Heap before GC invocations=46 (full 0):
 garbage-first heap   total 207872K, used 174432K [0x0000000080000000, 0x0000000100000000)
  region size 1024K, 58 young (59392K), 4 survivors (4096K)
 Metaspace       used 140356K, committed 141120K, reserved 1179648K
  class space    used 18149K, committed 18496K, reserved 1048576K
}
Event: 26.468 GC heap after
{Heap after GC invocations=47 (full 0):
 garbage-first heap   total 207872K, used 124637K [0x0000000080000000, 0x0000000100000000)
  region size 1024K, 8 young (8192K), 8 survivors (8192K)
 Metaspace       used 140356K, committed 141120K, reserved 1179648K
  class space    used 18149K, committed 18496K, reserved 1048576K
}
Event: 26.500 GC heap before
{Heap before GC invocations=47 (full 0):
 garbage-first heap   total 207872K, used 126685K [0x0000000080000000, 0x0000000100000000)
  region size 1024K, 10 young (10240K), 8 survivors (8192K)
 Metaspace       used 140365K, committed 141120K, reserved 1179648K
  class space    used 18149K, committed 18496K, reserved 1048576K
}
Event: 26.505 GC heap after
{Heap after GC invocations=48 (full 0):
 garbage-first heap   total 207872K, used 122968K [0x0000000080000000, 0x0000000100000000)
  region size 1024K, 1 young (1024K), 1 survivors (1024K)
 Metaspace       used 140365K, committed 141120K, reserved 1179648K
  class space    used 18149K, committed 18496K, reserved 1048576K
}
Event: 26.701 GC heap before
{Heap before GC invocations=48 (full 0):
 garbage-first heap   total 207872K, used 173144K [0x0000000080000000, 0x0000000100000000)
  region size 1024K, 50 young (51200K), 1 survivors (1024K)
 Metaspace       used 140444K, committed 141184K, reserved 1179648K
  class space    used 18150K, committed 18496K, reserved 1048576K
}
Event: 26.711 GC heap after
{Heap after GC invocations=49 (full 0):
 garbage-first heap   total 207872K, used 137216K [0x0000000080000000, 0x0000000100000000)
  region size 1024K, 7 young (7168K), 7 survivors (7168K)
 Metaspace       used 140444K, committed 141184K, reserved 1179648K
  class space    used 18150K, committed 18496K, reserved 1048576K
}
Event: 27.097 GC heap before
{Heap before GC invocations=49 (full 0):
 garbage-first heap   total 207872K, used 168960K [0x0000000080000000, 0x0000000100000000)
  region size 1024K, 38 young (38912K), 7 survivors (7168K)
 Metaspace       used 140495K, committed 141248K, reserved 1179648K
  class space    used 18150K, committed 18496K, reserved 1048576K
}
Event: 27.107 GC heap after
{Heap after GC invocations=50 (full 0):
 garbage-first heap   total 207872K, used 143708K [0x0000000080000000, 0x0000000100000000)
  region size 1024K, 5 young (5120K), 5 survivors (5120K)
 Metaspace       used 140495K, committed 141248K, reserved 1179648K
  class space    used 18150K, committed 18496K, reserved 1048576K
}
Event: 27.161 GC heap before
{Heap before GC invocations=50 (full 0):
 garbage-first heap   total 207872K, used 158044K [0x0000000080000000, 0x0000000100000000)
  region size 1024K, 20 young (20480K), 5 survivors (5120K)
 Metaspace       used 140565K, committed 141312K, reserved 1179648K
  class space    used 18150K, committed 18496K, reserved 1048576K
}

