# JRE version: OpenJDK Runtime Environment (17.0.7) (build 17.0.7+0-b2043.56-10550314)
# Java VM: OpenJDK 64-Bit Server VM (17.0.7+0-b2043.56-10550314, mixed mode, tiered, compressed oops, compressed class ptrs, g1 gc, windows-amd64)
GC Precious Log:
 CPUs: 8 total, 8 available
 Memory: 7995M
 Large Page Support: Disabled
 NUMA Support: Disabled
 Compressed Oops: Enabled (32-bit)
 Heap Region Size: 1M
 Heap Min Capacity: 8M
 Heap Initial Capacity: 126M
 Heap Max Capacity: 2G
 Pre-touch: Disabled
 Parallel Workers: 8
 Concurrent Workers: 2
 Concurrent Refinement Workers: 8
 Periodic GC: Disabled
Heap:
 garbage-first heap   total 411648K, used 181371K [0x0000000080000000, 0x0000000100000000)
  region size 1024K, 8 young (8192K), 8 survivors (8192K)
 Metaspace       used 120761K, committed 121472K, reserved 1179648K
  class space    used 16610K, committed 16960K, reserved 1048576K
GC Heap History (20 events):
Event: 35.333 GC heap after
{Heap after GC invocations=68 (full 0):
 garbage-first heap   total 411648K, used 150568K [0x0000000080000000, 0x0000000100000000)
  region size 1024K, 24 young (24576K), 24 survivors (24576K)
 Metaspace       used 112807K, committed 113472K, reserved 1179648K
  class space    used 15540K, committed 15872K, reserved 1048576K
}
Event: 35.652 GC heap before
{Heap before GC invocations=68 (full 0):
 garbage-first heap   total 411648K, used 287784K [0x0000000080000000, 0x0000000100000000)
  region size 1024K, 158 young (161792K), 24 survivors (24576K)
 Metaspace       used 114519K, committed 115264K, reserved 1179648K
  class space    used 15810K, committed 16192K, reserved 1048576K
}
Event: 35.682 GC heap after
{Heap after GC invocations=69 (full 0):
 garbage-first heap   total 411648K, used 172032K [0x0000000080000000, 0x0000000100000000)
  region size 1024K, 20 young (20480K), 20 survivors (20480K)
 Metaspace       used 114519K, committed 115264K, reserved 1179648K
  class space    used 15810K, committed 16192K, reserved 1048576K
}
Event: 36.335 GC heap before
{Heap before GC invocations=69 (full 0):
 garbage-first heap   total 411648K, used 301056K [0x0000000080000000, 0x0000000100000000)
  region size 1024K, 147 young (150528K), 20 survivors (20480K)
 Metaspace       used 119049K, committed 119808K, reserved 1179648K
  class space    used 16557K, committed 16960K, reserved 1048576K
}
Event: 36.353 GC heap after
{Heap after GC invocations=70 (full 0):
 garbage-first heap   total 411648K, used 179164K [0x0000000080000000, 0x0000000100000000)
  region size 1024K, 6 young (6144K), 6 survivors (6144K)
 Metaspace       used 119049K, committed 119808K, reserved 1179648K
  class space    used 16557K, committed 16960K, reserved 1048576K
}
Event: 36.675 GC heap before
{Heap before GC invocations=70 (full 0):
 garbage-first heap   total 411648K, used 317404K [0x0000000080000000, 0x0000000100000000)
  region size 1024K, 141 young (144384K), 6 survivors (6144K)
 Metaspace       used 119420K, committed 120128K, reserved 1179648K
  class space    used 16583K, committed 16960K, reserved 1048576K
}
Event: 36.684 GC heap after
{Heap after GC invocations=71 (full 0):
 garbage-first heap   total 411648K, used 177520K [0x0000000080000000, 0x0000000100000000)
  region size 1024K, 4 young (4096K), 4 survivors (4096K)
 Metaspace       used 119420K, committed 120128K, reserved 1179648K
  class space    used 16583K, committed 16960K, reserved 1048576K
}
Event: 36.986 GC heap before
{Heap before GC invocations=71 (full 0):
 garbage-first heap   total 411648K, used 328048K [0x0000000080000000, 0x0000000100000000)
  region size 1024K, 151 young (154624K), 4 survivors (4096K)
 Metaspace       used 119487K, committed 120192K, reserved 1179648K
  class space    used 16595K, committed 16960K, reserved 1048576K
}
Event: 36.992 GC heap after
{Heap after GC invocations=72 (full 0):
 garbage-first heap   total 411648K, used 177652K [0x0000000080000000, 0x0000000100000000)
  region size 1024K, 4 young (4096K), 4 survivors (4096K)
 Metaspace       used 119487K, committed 120192K, reserved 1179648K
  class space    used 16595K, committed 16960K, reserved 1048576K
}
Event: 37.313 GC heap before
{Heap before GC invocations=72 (full 0):
 garbage-first heap   total 411648K, used 335348K [0x0000000080000000, 0x0000000100000000)
  region size 1024K, 158 young (161792K), 4 survivors (4096K)
 Metaspace       used 119709K, committed 120384K, reserved 1179648K
  class space    used 16604K, committed 16960K, reserved 1048576K
}
Event: 37.322 GC heap after
{Heap after GC invocations=73 (full 0):
 garbage-first heap   total 411648K, used 178121K [0x0000000080000000, 0x0000000100000000)
  region size 1024K, 5 young (5120K), 5 survivors (5120K)
 Metaspace       used 119709K, committed 120384K, reserved 1179648K
  class space    used 16604K, committed 16960K, reserved 1048576K
}
Event: 37.676 GC heap before
{Heap before GC invocations=73 (full 0):
 garbage-first heap   total 411648K, used 339913K [0x0000000080000000, 0x0000000100000000)
  region size 1024K, 163 young (166912K), 5 survivors (5120K)
 Metaspace       used 119880K, committed 120576K, reserved 1179648K
  class space    used 16607K, committed 16960K, reserved 1048576K
}
Event: 37.686 GC heap after
{Heap after GC invocations=74 (full 0):
 garbage-first heap   total 411648K, used 178573K [0x0000000080000000, 0x0000000100000000)
  region size 1024K, 5 young (5120K), 5 survivors (5120K)
 Metaspace       used 119880K, committed 120576K, reserved 1179648K
  class space    used 16607K, committed 16960K, reserved 1048576K
}
Event: 38.086 GC heap before
{Heap before GC invocations=74 (full 0):
 garbage-first heap   total 411648K, used 345485K [0x0000000080000000, 0x0000000100000000)
  region size 1024K, 168 young (172032K), 5 survivors (5120K)
 Metaspace       used 120290K, committed 121024K, reserved 1179648K
  class space    used 16607K, committed 16960K, reserved 1048576K
}
Event: 38.097 GC heap after
{Heap after GC invocations=75 (full 0):
 garbage-first heap   total 411648K, used 179812K [0x0000000080000000, 0x0000000100000000)
  region size 1024K, 7 young (7168K), 7 survivors (7168K)
 Metaspace       used 120290K, committed 121024K, reserved 1179648K
  class space    used 16607K, committed 16960K, reserved 1048576K
}
Event: 38.442 GC heap before
{Heap before GC invocations=75 (full 0):
 garbage-first heap   total 411648K, used 348772K [0x0000000080000000, 0x0000000100000000)
  region size 1024K, 172 young (176128K), 7 survivors (7168K)
 Metaspace       used 120612K, committed 121344K, reserved 1179648K
  class space    used 16607K, committed 16960K, reserved 1048576K
}
Event: 38.456 GC heap after
{Heap after GC invocations=76 (full 0):
 garbage-first heap   total 411648K, used 179968K [0x0000000080000000, 0x0000000100000000)
  region size 1024K, 7 young (7168K), 7 survivors (7168K)
 Metaspace       used 120612K, committed 121344K, reserved 1179648K
  class space    used 16607K, committed 16960K, reserved 1048576K
}
Event: 38.754 GC heap before
{Heap before GC invocations=76 (full 0):
 garbage-first heap   total 411648K, used 352000K [0x0000000080000000, 0x0000000100000000)
  region size 1024K, 175 young (179200K), 7 survivors (7168K)
 Metaspace       used 120714K, committed 121408K, reserved 1179648K
  class space    used 16607K, committed 16960K, reserved 1048576K
}
Event: 38.767 GC heap after
{Heap after GC invocations=77 (full 0):
 garbage-first heap   total 411648K, used 180724K [0x0000000080000000, 0x0000000100000000)
  region size 1024K, 7 young (7168K), 7 survivors (7168K)
 Metaspace       used 120714K, committed 121408K, reserved 1179648K
  class space    used 16607K, committed 16960K, reserved 1048576K
}
Event: 39.053 GC heap before
{Heap before GC invocations=77 (full 0):
 garbage-first heap   total 411648K, used 355828K [0x0000000080000000, 0x0000000100000000)
  region size 1024K, 178 young (182272K), 7 survivors (7168K)
 Metaspace       used 120761K, committed 121472K, reserved 1179648K
  class space    used 16610K, committed 16960K, reserved 1048576K
}

