# JRE version: OpenJDK Runtime Environment (17.0.7) (build 17.0.7+0-b2043.56-10550314)
# Java VM: OpenJDK 64-Bit Server VM (17.0.7+0-b2043.56-10550314, mixed mode, tiered, compressed oops, compressed class ptrs, g1 gc, windows-amd64)
GC Precious Log:
 CPUs: 8 total, 8 available
 Memory: 7995M
 Large Page Support: Disabled
 NUMA Support: Disabled
 Compressed Oops: Enabled (32-bit)
 Heap Region Size: 1M
 Heap Min Capacity: 8M
 Heap Initial Capacity: 126M
 Heap Max Capacity: 2G
 Pre-touch: Disabled
 Parallel Workers: 8
 Concurrent Workers: 2
 Concurrent Refinement Workers: 8
 Periodic GC: Disabled
Heap:
 garbage-first heap   total 429056K, used 244089K [0x0000000080000000, 0x0000000100000000)
  region size 1024K, 3 young (3072K), 3 survivors (3072K)
 Metaspace       used 138639K, committed 139584K, reserved 1179648K
  class space    used 18984K, committed 19456K, reserved 1048576K
GC Heap History (20 events):
Event: 127.599 GC heap after
{Heap after GC invocations=53 (full 0):
 garbage-first heap   total 235520K, used 173333K [0x0000000080000000, 0x0000000100000000)
  region size 1024K, 2 young (2048K), 2 survivors (2048K)
 Metaspace       used 128592K, committed 129536K, reserved 1179648K
  class space    used 17312K, committed 17792K, reserved 1048576K
}
Event: 128.006 GC heap before
{Heap before GC invocations=53 (full 0):
 garbage-first heap   total 235520K, used 200981K [0x0000000080000000, 0x0000000100000000)
  region size 1024K, 30 young (30720K), 2 survivors (2048K)
 Metaspace       used 132004K, committed 132928K, reserved 1179648K
  class space    used 17988K, committed 18432K, reserved 1048576K
}
Event: 128.010 GC heap after
{Heap after GC invocations=54 (full 0):
 garbage-first heap   total 282624K, used 173364K [0x0000000080000000, 0x0000000100000000)
  region size 1024K, 2 young (2048K), 2 survivors (2048K)
 Metaspace       used 132004K, committed 132928K, reserved 1179648K
  class space    used 17988K, committed 18432K, reserved 1048576K
}
Event: 128.570 GC heap before
{Heap before GC invocations=54 (full 0):
 garbage-first heap   total 282624K, used 235828K [0x0000000080000000, 0x0000000100000000)
  region size 1024K, 64 young (65536K), 2 survivors (2048K)
 Metaspace       used 136437K, committed 137408K, reserved 1179648K
  class space    used 18592K, committed 19072K, reserved 1048576K
}
Event: 128.574 GC heap after
{Heap after GC invocations=55 (full 0):
 garbage-first heap   total 282624K, used 175319K [0x0000000080000000, 0x0000000100000000)
  region size 1024K, 4 young (4096K), 4 survivors (4096K)
 Metaspace       used 136437K, committed 137408K, reserved 1179648K
  class space    used 18592K, committed 19072K, reserved 1048576K
}
Event: 128.855 GC heap before
{Heap before GC invocations=55 (full 0):
 garbage-first heap   total 282624K, used 211159K [0x0000000080000000, 0x0000000100000000)
  region size 1024K, 24 young (24576K), 4 survivors (4096K)
 Metaspace       used 137241K, committed 138176K, reserved 1179648K
  class space    used 18699K, committed 19136K, reserved 1048576K
}
Event: 128.859 GC heap after
{Heap after GC invocations=56 (full 0):
 garbage-first heap   total 282624K, used 191898K [0x0000000080000000, 0x0000000100000000)
  region size 1024K, 4 young (4096K), 4 survivors (4096K)
 Metaspace       used 137241K, committed 138176K, reserved 1179648K
  class space    used 18699K, committed 19136K, reserved 1048576K
}
Event: 128.860 GC heap before
{Heap before GC invocations=56 (full 0):
 garbage-first heap   total 282624K, used 197018K [0x0000000080000000, 0x0000000100000000)
  region size 1024K, 4 young (4096K), 4 survivors (4096K)
 Metaspace       used 137241K, committed 138176K, reserved 1179648K
  class space    used 18699K, committed 19136K, reserved 1048576K
}
Event: 128.864 GC heap after
{Heap after GC invocations=57 (full 0):
 garbage-first heap   total 282624K, used 197196K [0x0000000080000000, 0x0000000100000000)
  region size 1024K, 4 young (4096K), 4 survivors (4096K)
 Metaspace       used 137241K, committed 138176K, reserved 1179648K
  class space    used 18699K, committed 19136K, reserved 1048576K
}
Event: 128.865 GC heap before
{Heap before GC invocations=57 (full 0):
 garbage-first heap   total 282624K, used 206412K [0x0000000080000000, 0x0000000100000000)
  region size 1024K, 5 young (5120K), 4 survivors (4096K)
 Metaspace       used 137241K, committed 138176K, reserved 1179648K
  class space    used 18699K, committed 19136K, reserved 1048576K
}
Event: 128.868 GC heap after
{Heap after GC invocations=58 (full 0):
 garbage-first heap   total 282624K, used 206165K [0x0000000080000000, 0x0000000100000000)
  region size 1024K, 4 young (4096K), 4 survivors (4096K)
 Metaspace       used 137241K, committed 138176K, reserved 1179648K
  class space    used 18699K, committed 19136K, reserved 1048576K
}
Event: 129.173 GC heap before
{Heap before GC invocations=59 (full 0):
 garbage-first heap   total 367616K, used 239957K [0x0000000080000000, 0x0000000100000000)
  region size 1024K, 37 young (37888K), 4 survivors (4096K)
 Metaspace       used 137286K, committed 138304K, reserved 1179648K
  class space    used 18697K, committed 19200K, reserved 1048576K
}
Event: 129.185 GC heap after
{Heap after GC invocations=60 (full 0):
 garbage-first heap   total 367616K, used 198913K [0x0000000080000000, 0x0000000100000000)
  region size 1024K, 5 young (5120K), 5 survivors (5120K)
 Metaspace       used 137286K, committed 138304K, reserved 1179648K
  class space    used 18697K, committed 19200K, reserved 1048576K
}
Event: 129.252 GC heap before
{Heap before GC invocations=60 (full 0):
 garbage-first heap   total 367616K, used 212225K [0x0000000080000000, 0x0000000100000000)
  region size 1024K, 17 young (17408K), 5 survivors (5120K)
 Metaspace       used 137286K, committed 138304K, reserved 1179648K
  class space    used 18697K, committed 19200K, reserved 1048576K
}
Event: 129.266 GC heap after
{Heap after GC invocations=61 (full 0):
 garbage-first heap   total 367616K, used 192216K [0x0000000080000000, 0x0000000100000000)
  region size 1024K, 3 young (3072K), 3 survivors (3072K)
 Metaspace       used 137286K, committed 138304K, reserved 1179648K
  class space    used 18697K, committed 19200K, reserved 1048576K
}
Event: 129.757 GC heap before
{Heap before GC invocations=61 (full 0):
 garbage-first heap   total 367616K, used 261848K [0x0000000080000000, 0x0000000100000000)
  region size 1024K, 72 young (73728K), 3 survivors (3072K)
 Metaspace       used 138516K, committed 139456K, reserved 1179648K
  class space    used 18985K, committed 19456K, reserved 1048576K
}
Event: 129.784 GC heap after
{Heap after GC invocations=62 (full 0):
 garbage-first heap   total 367616K, used 224672K [0x0000000080000000, 0x0000000100000000)
  region size 1024K, 11 young (11264K), 11 survivors (11264K)
 Metaspace       used 138516K, committed 139456K, reserved 1179648K
  class space    used 18985K, committed 19456K, reserved 1048576K
}
Event: 130.167 GC heap before
{Heap before GC invocations=63 (full 0):
 garbage-first heap   total 429056K, used 279968K [0x0000000080000000, 0x0000000100000000)
  region size 1024K, 62 young (63488K), 11 survivors (11264K)
 Metaspace       used 138630K, committed 139584K, reserved 1179648K
  class space    used 18984K, committed 19456K, reserved 1048576K
}
Event: 130.193 GC heap after
{Heap after GC invocations=64 (full 0):
 garbage-first heap   total 429056K, used 245725K [0x0000000080000000, 0x0000000100000000)
  region size 1024K, 8 young (8192K), 8 survivors (8192K)
 Metaspace       used 138630K, committed 139584K, reserved 1179648K
  class space    used 18984K, committed 19456K, reserved 1048576K
}
Event: 130.256 GC heap before
{Heap before GC invocations=64 (full 0):
 garbage-first heap   total 429056K, used 256989K [0x0000000080000000, 0x0000000100000000)
  region size 1024K, 20 young (20480K), 8 survivors (8192K)
 Metaspace       used 138639K, committed 139584K, reserved 1179648K
  class space    used 18984K, committed 19456K, reserved 1048576K
}

