# JRE version: OpenJDK Runtime Environment (17.0.7) (build 17.0.7+0-b2043.56-10550314)
# Java VM: OpenJDK 64-Bit Server VM (17.0.7+0-b2043.56-10550314, mixed mode, tiered, compressed oops, compressed class ptrs, g1 gc, windows-amd64)
GC Precious Log:
 CPUs: 8 total, 8 available
 Memory: 7995M
 Large Page Support: Disabled
 NUMA Support: Disabled
 Compressed Oops: Enabled (32-bit)
 Heap Region Size: 1M
 Heap Min Capacity: 8M
 Heap Initial Capacity: 126M
 Heap Max Capacity: 2000M
 Pre-touch: Disabled
 Parallel Workers: 8
 Concurrent Workers: 2
 Concurrent Refinement Workers: 8
 Periodic GC: Disabled
Heap:
 garbage-first heap   total 67584K, used 39896K [0x0000000083000000, 0x0000000100000000)
  region size 1024K, 22 young (22528K), 4 survivors (4096K)
 Metaspace       used 45909K, committed 46144K, reserved 1114112K
  class space    used 5647K, committed 5760K, reserved 1048576K
GC Heap History (16 events):
Event: 0.464 GC heap before
{Heap before GC invocations=0 (full 0):
 garbage-first heap   total 129024K, used 27648K [0x0000000083000000, 0x0000000100000000)
  region size 1024K, 23 young (23552K), 0 survivors (0K)
 Metaspace       used 13355K, committed 13440K, reserved 1114112K
  class space    used 1292K, committed 1344K, reserved 1048576K
}
Event: 0.467 GC heap after
{Heap after GC invocations=1 (full 0):
 garbage-first heap   total 129024K, used 6984K [0x0000000083000000, 0x0000000100000000)
  region size 1024K, 3 young (3072K), 3 survivors (3072K)
 Metaspace       used 13355K, committed 13440K, reserved 1114112K
  class space    used 1292K, committed 1344K, reserved 1048576K
}
Event: 0.937 GC heap before
{Heap before GC invocations=1 (full 0):
 garbage-first heap   total 129024K, used 37704K [0x0000000083000000, 0x0000000100000000)
  region size 1024K, 34 young (34816K), 3 survivors (3072K)
 Metaspace       used 21323K, committed 21504K, reserved 1114112K
  class space    used 2323K, committed 2432K, reserved 1048576K
}
Event: 0.944 GC heap after
{Heap after GC invocations=2 (full 0):
 garbage-first heap   total 129024K, used 10350K [0x0000000083000000, 0x0000000100000000)
  region size 1024K, 4 young (4096K), 4 survivors (4096K)
 Metaspace       used 21323K, committed 21504K, reserved 1114112K
  class space    used 2323K, committed 2432K, reserved 1048576K
}
Event: 1.265 GC heap before
{Heap before GC invocations=3 (full 0):
 garbage-first heap   total 40960K, used 30830K [0x0000000083000000, 0x0000000100000000)
  region size 1024K, 25 young (25600K), 4 survivors (4096K)
 Metaspace       used 28313K, committed 28480K, reserved 1114112K
  class space    used 3520K, committed 3584K, reserved 1048576K
}
Event: 1.272 GC heap after
{Heap after GC invocations=4 (full 0):
 garbage-first heap   total 40960K, used 11384K [0x0000000083000000, 0x0000000100000000)
  region size 1024K, 2 young (2048K), 2 survivors (2048K)
 Metaspace       used 28313K, committed 28480K, reserved 1114112K
  class space    used 3520K, committed 3584K, reserved 1048576K
}
Event: 1.291 GC heap before
{Heap before GC invocations=4 (full 0):
 garbage-first heap   total 40960K, used 12408K [0x0000000083000000, 0x0000000100000000)
  region size 1024K, 3 young (3072K), 2 survivors (2048K)
 Metaspace       used 28649K, committed 28864K, reserved 1114112K
  class space    used 3549K, committed 3648K, reserved 1048576K
}
Event: 1.294 GC heap after
{Heap after GC invocations=5 (full 0):
 garbage-first heap   total 40960K, used 11673K [0x0000000083000000, 0x0000000100000000)
  region size 1024K, 1 young (1024K), 1 survivors (1024K)
 Metaspace       used 28649K, committed 28864K, reserved 1114112K
  class space    used 3549K, committed 3648K, reserved 1048576K
}
Event: 1.499 GC heap before
{Heap before GC invocations=5 (full 0):
 garbage-first heap   total 40960K, used 33177K [0x0000000083000000, 0x0000000100000000)
  region size 1024K, 20 young (20480K), 1 survivors (1024K)
 Metaspace       used 31182K, committed 31360K, reserved 1114112K
  class space    used 4035K, committed 4096K, reserved 1048576K
}
Event: 1.505 GC heap after
{Heap after GC invocations=6 (full 0):
 garbage-first heap   total 40960K, used 17770K [0x0000000083000000, 0x0000000100000000)
  region size 1024K, 3 young (3072K), 3 survivors (3072K)
 Metaspace       used 31182K, committed 31360K, reserved 1114112K
  class space    used 4035K, committed 4096K, reserved 1048576K
}
Event: 1.653 GC heap before
{Heap before GC invocations=6 (full 0):
 garbage-first heap   total 40960K, used 31082K [0x0000000083000000, 0x0000000100000000)
  region size 1024K, 16 young (16384K), 3 survivors (3072K)
 Metaspace       used 34335K, committed 34560K, reserved 1114112K
  class space    used 4377K, committed 4480K, reserved 1048576K
}
Event: 1.659 GC heap after
{Heap after GC invocations=7 (full 0):
 garbage-first heap   total 67584K, used 17296K [0x0000000083000000, 0x0000000100000000)
  region size 1024K, 2 young (2048K), 2 survivors (2048K)
 Metaspace       used 34335K, committed 34560K, reserved 1114112K
  class space    used 4377K, committed 4480K, reserved 1048576K
}
Event: 1.746 GC heap before
{Heap before GC invocations=7 (full 0):
 garbage-first heap   total 67584K, used 24464K [0x0000000083000000, 0x0000000100000000)
  region size 1024K, 10 young (10240K), 2 survivors (2048K)
 Metaspace       used 35901K, committed 36096K, reserved 1114112K
  class space    used 4546K, committed 4672K, reserved 1048576K
}
Event: 1.749 GC heap after
{Heap after GC invocations=8 (full 0):
 garbage-first heap   total 67584K, used 17955K [0x0000000083000000, 0x0000000100000000)
  region size 1024K, 3 young (3072K), 3 survivors (3072K)
 Metaspace       used 35901K, committed 36096K, reserved 1114112K
  class space    used 4546K, committed 4672K, reserved 1048576K
}
Event: 2.060 GC heap before
{Heap before GC invocations=9 (full 0):
 garbage-first heap   total 67584K, used 45603K [0x0000000083000000, 0x0000000100000000)
  region size 1024K, 30 young (30720K), 3 survivors (3072K)
 Metaspace       used 41416K, committed 41664K, reserved 1114112K
  class space    used 5083K, committed 5184K, reserved 1048576K
}
Event: 2.065 GC heap after
{Heap after GC invocations=10 (full 0):
 garbage-first heap   total 67584K, used 20440K [0x0000000083000000, 0x0000000100000000)
  region size 1024K, 4 young (4096K), 4 survivors (4096K)
 Metaspace       used 41416K, committed 41664K, reserved 1114112K
  class space    used 5083K, committed 5184K, reserved 1048576K
}

