# JRE version: OpenJDK Runtime Environment (17.0.7) (build 17.0.7+0-b2043.56-10550314)
# Java VM: OpenJDK 64-Bit Server VM (17.0.7+0-b2043.56-10550314, mixed mode, tiered, compressed oops, compressed class ptrs, g1 gc, windows-amd64)
GC Precious Log:
 CPUs: 8 total, 8 available
 Memory: 7995M
 Large Page Support: Disabled
 NUMA Support: Disabled
 Compressed Oops: Enabled (32-bit)
 Heap Region Size: 1M
 Heap Min Capacity: 8M
 Heap Initial Capacity: 126M
 Heap Max Capacity: 2G
 Pre-touch: Disabled
 Parallel Workers: 8
 Concurrent Workers: 2
 Concurrent Refinement Workers: 8
 Periodic GC: Disabled
Heap:
 garbage-first heap   total 355328K, used 245760K [0x0000000080000000, 0x0000000100000000)
  region size 1024K, 7 young (7168K), 7 survivors (7168K)
 Metaspace       used 134249K, committed 135168K, reserved 1179648K
  class space    used 18708K, committed 19136K, reserved 1048576K
GC Heap History (20 events):
Event: 84.645 GC heap after
{Heap after GC invocations=95 (full 0):
 garbage-first heap   total 196608K, used 153014K [0x0000000080000000, 0x0000000100000000)
  region size 1024K, 2 young (2048K), 2 survivors (2048K)
 Metaspace       used 115311K, committed 116224K, reserved 1179648K
  class space    used 15587K, committed 16064K, reserved 1048576K
}
Event: 85.434 GC heap before
{Heap before GC invocations=95 (full 0):
 garbage-first heap   total 196608K, used 170422K [0x0000000080000000, 0x0000000100000000)
  region size 1024K, 20 young (20480K), 2 survivors (2048K)
 Metaspace       used 117103K, committed 118016K, reserved 1179648K
  class space    used 15837K, committed 16320K, reserved 1048576K
}
Event: 85.441 GC heap after
{Heap after GC invocations=96 (full 0):
 garbage-first heap   total 196608K, used 154679K [0x0000000080000000, 0x0000000100000000)
  region size 1024K, 3 young (3072K), 3 survivors (3072K)
 Metaspace       used 117103K, committed 118016K, reserved 1179648K
  class space    used 15837K, committed 16320K, reserved 1048576K
}
Event: 85.788 GC heap before
{Heap before GC invocations=96 (full 0):
 garbage-first heap   total 196608K, used 170039K [0x0000000080000000, 0x0000000100000000)
  region size 1024K, 19 young (19456K), 3 survivors (3072K)
 Metaspace       used 119306K, committed 120192K, reserved 1179648K
  class space    used 16189K, committed 16640K, reserved 1048576K
}
Event: 85.794 GC heap after
{Heap after GC invocations=97 (full 0):
 garbage-first heap   total 196608K, used 155666K [0x0000000080000000, 0x0000000100000000)
  region size 1024K, 1 young (1024K), 1 survivors (1024K)
 Metaspace       used 119306K, committed 120192K, reserved 1179648K
  class space    used 16189K, committed 16640K, reserved 1048576K
}
Event: 85.913 GC heap before
{Heap before GC invocations=97 (full 0):
 garbage-first heap   total 196608K, used 170002K [0x0000000080000000, 0x0000000100000000)
  region size 1024K, 16 young (16384K), 1 survivors (1024K)
 Metaspace       used 120119K, committed 120960K, reserved 1179648K
  class space    used 16307K, committed 16768K, reserved 1048576K
}
Event: 85.922 GC heap after
{Heap after GC invocations=98 (full 0):
 garbage-first heap   total 196608K, used 159653K [0x0000000080000000, 0x0000000100000000)
  region size 1024K, 2 young (2048K), 2 survivors (2048K)
 Metaspace       used 120119K, committed 120960K, reserved 1179648K
  class space    used 16307K, committed 16768K, reserved 1048576K
}
Event: 86.051 GC heap before
{Heap before GC invocations=98 (full 0):
 garbage-first heap   total 196608K, used 168869K [0x0000000080000000, 0x0000000100000000)
  region size 1024K, 12 young (12288K), 2 survivors (2048K)
 Metaspace       used 120905K, committed 121728K, reserved 1179648K
  class space    used 16453K, committed 16896K, reserved 1048576K
}
Event: 86.061 GC heap after
{Heap after GC invocations=99 (full 0):
 garbage-first heap   total 293888K, used 161917K [0x0000000080000000, 0x0000000100000000)
  region size 1024K, 2 young (2048K), 2 survivors (2048K)
 Metaspace       used 120905K, committed 121728K, reserved 1179648K
  class space    used 16453K, committed 16896K, reserved 1048576K
}
Event: 87.108 GC heap before
{Heap before GC invocations=99 (full 0):
 garbage-first heap   total 293888K, used 229501K [0x0000000080000000, 0x0000000100000000)
  region size 1024K, 69 young (70656K), 2 survivors (2048K)
 Metaspace       used 128830K, committed 129728K, reserved 1179648K
  class space    used 17835K, committed 18304K, reserved 1048576K
}
Event: 87.116 GC heap after
{Heap after GC invocations=100 (full 0):
 garbage-first heap   total 293888K, used 165254K [0x0000000080000000, 0x0000000100000000)
  region size 1024K, 6 young (6144K), 6 survivors (6144K)
 Metaspace       used 128830K, committed 129728K, reserved 1179648K
  class space    used 17835K, committed 18304K, reserved 1048576K
}
Event: 88.634 GC heap before
{Heap before GC invocations=100 (full 0):
 garbage-first heap   total 293888K, used 264582K [0x0000000080000000, 0x0000000100000000)
  region size 1024K, 74 young (75776K), 6 survivors (6144K)
 Metaspace       used 133022K, committed 133952K, reserved 1179648K
  class space    used 18466K, committed 18944K, reserved 1048576K
}
Event: 88.644 GC heap after
{Heap after GC invocations=101 (full 0):
 garbage-first heap   total 293888K, used 196800K [0x0000000080000000, 0x0000000100000000)
  region size 1024K, 5 young (5120K), 5 survivors (5120K)
 Metaspace       used 133022K, committed 133952K, reserved 1179648K
  class space    used 18466K, committed 18944K, reserved 1048576K
}
Event: 89.247 GC heap before
{Heap before GC invocations=102 (full 0):
 garbage-first heap   total 355328K, used 246976K [0x0000000080000000, 0x0000000100000000)
  region size 1024K, 53 young (54272K), 5 survivors (5120K)
 Metaspace       used 133070K, committed 134016K, reserved 1179648K
  class space    used 18466K, committed 18944K, reserved 1048576K
}
Event: 89.275 GC heap after
{Heap after GC invocations=103 (full 0):
 garbage-first heap   total 355328K, used 193706K [0x0000000080000000, 0x0000000100000000)
  region size 1024K, 7 young (7168K), 7 survivors (7168K)
 Metaspace       used 133070K, committed 134016K, reserved 1179648K
  class space    used 18466K, committed 18944K, reserved 1048576K
}
Event: 89.434 GC heap before
{Heap before GC invocations=103 (full 0):
 garbage-first heap   total 355328K, used 202922K [0x0000000080000000, 0x0000000100000000)
  region size 1024K, 17 young (17408K), 7 survivors (7168K)
 Metaspace       used 133786K, committed 134720K, reserved 1179648K
  class space    used 18694K, committed 19136K, reserved 1048576K
}
Event: 89.452 GC heap after
{Heap after GC invocations=104 (full 0):
 garbage-first heap   total 355328K, used 192023K [0x0000000080000000, 0x0000000100000000)
  region size 1024K, 3 young (3072K), 3 survivors (3072K)
 Metaspace       used 133786K, committed 134720K, reserved 1179648K
  class space    used 18694K, committed 19136K, reserved 1048576K
}
Event: 90.180 GC heap before
{Heap before GC invocations=104 (full 0):
 garbage-first heap   total 355328K, used 269847K [0x0000000080000000, 0x0000000100000000)
  region size 1024K, 78 young (79872K), 3 survivors (3072K)
 Metaspace       used 134065K, committed 134976K, reserved 1179648K
  class space    used 18696K, committed 19136K, reserved 1048576K
}
Event: 90.220 GC heap after
{Heap after GC invocations=105 (full 0):
 garbage-first heap   total 355328K, used 232796K [0x0000000080000000, 0x0000000100000000)
  region size 1024K, 10 young (10240K), 10 survivors (10240K)
 Metaspace       used 134065K, committed 134976K, reserved 1179648K
  class space    used 18696K, committed 19136K, reserved 1048576K
}
Event: 90.618 GC heap before
{Heap before GC invocations=105 (full 0):
 garbage-first heap   total 355328K, used 278876K [0x0000000080000000, 0x0000000100000000)
  region size 1024K, 55 young (56320K), 10 survivors (10240K)
 Metaspace       used 134249K, committed 135168K, reserved 1179648K
  class space    used 18708K, committed 19136K, reserved 1048576K
}

