# JRE version: OpenJDK Runtime Environment (17.0.7) (build 17.0.7+0-b2043.56-10550314)
# Java VM: OpenJDK 64-Bit Server VM (17.0.7+0-b2043.56-10550314, mixed mode, tiered, compressed oops, compressed class ptrs, g1 gc, windows-amd64)
GC Precious Log:
 CPUs: 8 total, 8 available
 Memory: 7995M
 Large Page Support: Disabled
 NUMA Support: Disabled
 Compressed Oops: Enabled (32-bit)
 Heap Region Size: 1M
 Heap Min Capacity: 8M
 Heap Initial Capacity: 126M
 Heap Max Capacity: 2G
 Pre-touch: Disabled
 Parallel Workers: 8
 Concurrent Workers: 2
 Concurrent Refinement Workers: 8
 Periodic GC: Disabled
Heap:
 garbage-first heap   total 301056K, used 199680K [0x0000000080000000, 0x0000000100000000)
  region size 1024K, 7 young (7168K), 7 survivors (7168K)
 Metaspace       used 127658K, committed 128576K, reserved 1179648K
  class space    used 17594K, committed 18048K, reserved 1048576K
GC Heap History (20 events):
Event: 22.998 GC heap after
{Heap after GC invocations=54 (full 0):
 garbage-first heap   total 286720K, used 89444K [0x0000000080000000, 0x0000000100000000)
  region size 1024K, 2 young (2048K), 2 survivors (2048K)
 Metaspace       used 95964K, committed 96640K, reserved 1179648K
  class space    used 13202K, committed 13504K, reserved 1048576K
}
Event: 25.566 GC heap before
{Heap before GC invocations=54 (full 0):
 garbage-first heap   total 286720K, used 228708K [0x0000000080000000, 0x0000000100000000)
  region size 1024K, 134 young (137216K), 2 survivors (2048K)
 Metaspace       used 100775K, committed 101568K, reserved 1179648K
  class space    used 13795K, committed 14208K, reserved 1048576K
}
Event: 25.577 GC heap after
{Heap after GC invocations=55 (full 0):
 garbage-first heap   total 286720K, used 104629K [0x0000000080000000, 0x0000000100000000)
  region size 1024K, 16 young (16384K), 16 survivors (16384K)
 Metaspace       used 100775K, committed 101568K, reserved 1179648K
  class space    used 13795K, committed 14208K, reserved 1048576K
}
Event: 27.610 GC heap before
{Heap before GC invocations=55 (full 0):
 garbage-first heap   total 286720K, used 240821K [0x0000000080000000, 0x0000000100000000)
  region size 1024K, 131 young (134144K), 16 survivors (16384K)
 Metaspace       used 105903K, committed 106624K, reserved 1179648K
  class space    used 14432K, committed 14784K, reserved 1048576K
}
Event: 27.622 GC heap after
{Heap after GC invocations=56 (full 0):
 garbage-first heap   total 286720K, used 110122K [0x0000000080000000, 0x0000000100000000)
  region size 1024K, 6 young (6144K), 6 survivors (6144K)
 Metaspace       used 105903K, committed 106624K, reserved 1179648K
  class space    used 14432K, committed 14784K, reserved 1048576K
}
Event: 29.841 GC heap before
{Heap before GC invocations=56 (full 0):
 garbage-first heap   total 286720K, used 228906K [0x0000000080000000, 0x0000000100000000)
  region size 1024K, 123 young (125952K), 6 survivors (6144K)
 Metaspace       used 108705K, committed 109376K, reserved 1179648K
  class space    used 14712K, committed 15040K, reserved 1048576K
}
Event: 29.853 GC heap after
{Heap after GC invocations=57 (full 0):
 garbage-first heap   total 286720K, used 120769K [0x0000000080000000, 0x0000000100000000)
  region size 1024K, 16 young (16384K), 16 survivors (16384K)
 Metaspace       used 108705K, committed 109376K, reserved 1179648K
  class space    used 14712K, committed 15040K, reserved 1048576K
}
Event: 41.080 GC heap before
{Heap before GC invocations=57 (full 0):
 garbage-first heap   total 286720K, used 229313K [0x0000000080000000, 0x0000000100000000)
  region size 1024K, 123 young (125952K), 16 survivors (16384K)
 Metaspace       used 117128K, committed 118016K, reserved 1179648K
  class space    used 15895K, committed 16320K, reserved 1048576K
}
Event: 41.092 GC heap after
{Heap after GC invocations=58 (full 0):
 garbage-first heap   total 286720K, used 124616K [0x0000000080000000, 0x0000000100000000)
  region size 1024K, 7 young (7168K), 7 survivors (7168K)
 Metaspace       used 117128K, committed 118016K, reserved 1179648K
  class space    used 15895K, committed 16320K, reserved 1048576K
}
Event: 42.231 GC heap before
{Heap before GC invocations=58 (full 0):
 garbage-first heap   total 286720K, used 206536K [0x0000000080000000, 0x0000000100000000)
  region size 1024K, 73 young (74752K), 7 survivors (7168K)
 Metaspace       used 126157K, committed 127104K, reserved 1179648K
  class space    used 17254K, committed 17728K, reserved 1048576K
}
Event: 42.237 GC heap after
{Heap after GC invocations=59 (full 0):
 garbage-first heap   total 286720K, used 142275K [0x0000000080000000, 0x0000000100000000)
  region size 1024K, 9 young (9216K), 9 survivors (9216K)
 Metaspace       used 126157K, committed 127104K, reserved 1179648K
  class space    used 17254K, committed 17728K, reserved 1048576K
}
Event: 42.242 GC heap before
{Heap before GC invocations=59 (full 0):
 garbage-first heap   total 286720K, used 147395K [0x0000000080000000, 0x0000000100000000)
  region size 1024K, 10 young (10240K), 9 survivors (9216K)
 Metaspace       used 126157K, committed 127104K, reserved 1179648K
  class space    used 17254K, committed 17728K, reserved 1048576K
}
Event: 42.247 GC heap after
{Heap after GC invocations=60 (full 0):
 garbage-first heap   total 286720K, used 147398K [0x0000000080000000, 0x0000000100000000)
  region size 1024K, 3 young (3072K), 3 survivors (3072K)
 Metaspace       used 126157K, committed 127104K, reserved 1179648K
  class space    used 17254K, committed 17728K, reserved 1048576K
}
Event: 42.248 GC heap before
{Heap before GC invocations=60 (full 0):
 garbage-first heap   total 286720K, used 156614K [0x0000000080000000, 0x0000000100000000)
  region size 1024K, 4 young (4096K), 3 survivors (3072K)
 Metaspace       used 126157K, committed 127104K, reserved 1179648K
  class space    used 17254K, committed 17728K, reserved 1048576K
}
Event: 42.252 GC heap after
{Heap after GC invocations=61 (full 0):
 garbage-first heap   total 286720K, used 156529K [0x0000000080000000, 0x0000000100000000)
  region size 1024K, 3 young (3072K), 3 survivors (3072K)
 Metaspace       used 126157K, committed 127104K, reserved 1179648K
  class space    used 17254K, committed 17728K, reserved 1048576K
}
Event: 42.821 GC heap before
{Heap before GC invocations=62 (full 0):
 garbage-first heap   total 301056K, used 256881K [0x0000000080000000, 0x0000000100000000)
  region size 1024K, 88 young (90112K), 3 survivors (3072K)
 Metaspace       used 127623K, committed 128512K, reserved 1179648K
  class space    used 17594K, committed 18048K, reserved 1048576K
}
Event: 42.848 GC heap after
{Heap after GC invocations=63 (full 0):
 garbage-first heap   total 301056K, used 182065K [0x0000000080000000, 0x0000000100000000)
  region size 1024K, 11 young (11264K), 11 survivors (11264K)
 Metaspace       used 127623K, committed 128512K, reserved 1179648K
  class space    used 17594K, committed 18048K, reserved 1048576K
}
Event: 42.867 GC heap before
{Heap before GC invocations=63 (full 0):
 garbage-first heap   total 301056K, used 185137K [0x0000000080000000, 0x0000000100000000)
  region size 1024K, 14 young (14336K), 11 survivors (11264K)
 Metaspace       used 127626K, committed 128512K, reserved 1179648K
  class space    used 17594K, committed 18048K, reserved 1048576K
}
Event: 42.881 GC heap after
{Heap after GC invocations=64 (full 0):
 garbage-first heap   total 301056K, used 185173K [0x0000000080000000, 0x0000000100000000)
  region size 1024K, 2 young (2048K), 2 survivors (2048K)
 Metaspace       used 127626K, committed 128512K, reserved 1179648K
  class space    used 17594K, committed 18048K, reserved 1048576K
}
Event: 42.994 GC heap before
{Heap before GC invocations=64 (full 0):
 garbage-first heap   total 301056K, used 211797K [0x0000000080000000, 0x0000000100000000)
  region size 1024K, 29 young (29696K), 2 survivors (2048K)
 Metaspace       used 127658K, committed 128576K, reserved 1179648K
  class space    used 17594K, committed 18048K, reserved 1048576K
}

