# JRE version: OpenJDK Runtime Environment (17.0.7) (build 17.0.7+0-b2043.56-10550314)
# Java VM: OpenJDK 64-Bit Server VM (17.0.7+0-b2043.56-10550314, mixed mode, tiered, compressed oops, compressed class ptrs, g1 gc, windows-amd64)
GC Precious Log:
 CPUs: 8 total, 8 available
 Memory: 7995M
 Large Page Support: Disabled
 NUMA Support: Disabled
 Compressed Oops: Enabled (32-bit)
 Heap Region Size: 1M
 Heap Min Capacity: 8M
 Heap Initial Capacity: 126M
 Heap Max Capacity: 2G
 Pre-touch: Disabled
 Parallel Workers: 8
 Concurrent Workers: 2
 Concurrent Refinement Workers: 8
 Periodic GC: Disabled
Heap:
 garbage-first heap   total 384000K, used 214783K [0x0000000080000000, 0x0000000100000000)
  region size 1024K, 1 young (1024K), 1 survivors (1024K)
 Metaspace       used 113056K, committed 113792K, reserved 1179648K
  class space    used 15690K, committed 16064K, reserved 1048576K
GC Heap History (20 events):
Event: 8.828 GC heap after
{Heap after GC invocations=41 (full 0):
 garbage-first heap   total 159744K, used 86997K [0x0000000080000000, 0x0000000100000000)
  region size 1024K, 5 young (5120K), 5 survivors (5120K)
 Metaspace       used 91943K, committed 92544K, reserved 1179648K
  class space    used 12664K, committed 12928K, reserved 1048576K
}
Event: 8.844 GC heap before
{Heap before GC invocations=41 (full 0):
 garbage-first heap   total 159744K, used 89045K [0x0000000080000000, 0x0000000100000000)
  region size 1024K, 7 young (7168K), 5 survivors (5120K)
 Metaspace       used 92120K, committed 92736K, reserved 1179648K
  class space    used 12707K, committed 13056K, reserved 1048576K
}
Event: 8.851 GC heap after
{Heap after GC invocations=42 (full 0):
 garbage-first heap   total 159744K, used 87443K [0x0000000080000000, 0x0000000100000000)
  region size 1024K, 1 young (1024K), 1 survivors (1024K)
 Metaspace       used 92120K, committed 92736K, reserved 1179648K
  class space    used 12707K, committed 13056K, reserved 1048576K
}
Event: 9.285 GC heap before
{Heap before GC invocations=42 (full 0):
 garbage-first heap   total 159744K, used 132499K [0x0000000080000000, 0x0000000100000000)
  region size 1024K, 45 young (46080K), 1 survivors (1024K)
 Metaspace       used 96082K, committed 96640K, reserved 1179648K
  class space    used 13225K, committed 13504K, reserved 1048576K
}
Event: 9.289 GC heap after
{Heap after GC invocations=43 (full 0):
 garbage-first heap   total 159744K, used 90018K [0x0000000080000000, 0x0000000100000000)
  region size 1024K, 4 young (4096K), 4 survivors (4096K)
 Metaspace       used 96082K, committed 96640K, reserved 1179648K
  class space    used 13225K, committed 13504K, reserved 1048576K
}
Event: 9.613 GC heap before
{Heap before GC invocations=44 (full 0):
 garbage-first heap   total 163840K, used 132002K [0x0000000080000000, 0x0000000100000000)
  region size 1024K, 45 young (46080K), 4 survivors (4096K)
 Metaspace       used 97241K, committed 97856K, reserved 1179648K
  class space    used 13389K, committed 13696K, reserved 1048576K
}
Event: 9.620 GC heap after
{Heap after GC invocations=45 (full 0):
 garbage-first heap   total 163840K, used 95027K [0x0000000080000000, 0x0000000100000000)
  region size 1024K, 5 young (5120K), 5 survivors (5120K)
 Metaspace       used 97241K, committed 97856K, reserved 1179648K
  class space    used 13389K, committed 13696K, reserved 1048576K
}
Event: 9.639 GC heap before
{Heap before GC invocations=45 (full 0):
 garbage-first heap   total 163840K, used 98099K [0x0000000080000000, 0x0000000100000000)
  region size 1024K, 8 young (8192K), 5 survivors (5120K)
 Metaspace       used 97242K, committed 97856K, reserved 1179648K
  class space    used 13389K, committed 13696K, reserved 1048576K
}
Event: 9.644 GC heap after
{Heap after GC invocations=46 (full 0):
 garbage-first heap   total 327680K, used 95542K [0x0000000080000000, 0x0000000100000000)
  region size 1024K, 1 young (1024K), 1 survivors (1024K)
 Metaspace       used 97242K, committed 97856K, reserved 1179648K
  class space    used 13389K, committed 13696K, reserved 1048576K
}
Event: 10.892 GC heap before
{Heap before GC invocations=46 (full 0):
 garbage-first heap   total 327680K, used 270646K [0x0000000080000000, 0x0000000100000000)
  region size 1024K, 168 young (172032K), 1 survivors (1024K)
 Metaspace       used 101875K, committed 102592K, reserved 1179648K
  class space    used 13956K, committed 14336K, reserved 1048576K
}
Event: 10.903 GC heap after
{Heap after GC invocations=47 (full 0):
 garbage-first heap   total 327680K, used 110459K [0x0000000080000000, 0x0000000100000000)
  region size 1024K, 16 young (16384K), 16 survivors (16384K)
 Metaspace       used 101875K, committed 102592K, reserved 1179648K
  class space    used 13956K, committed 14336K, reserved 1048576K
}
Event: 11.794 GC heap before
{Heap before GC invocations=47 (full 0):
 garbage-first heap   total 327680K, used 294779K [0x0000000080000000, 0x0000000100000000)
  region size 1024K, 153 young (156672K), 16 survivors (16384K)
 Metaspace       used 107127K, committed 107840K, reserved 1179648K
  class space    used 14775K, committed 15168K, reserved 1048576K
}
Event: 11.819 GC heap after
{Heap after GC invocations=48 (full 0):
 garbage-first heap   total 336896K, used 156991K [0x0000000080000000, 0x0000000100000000)
  region size 1024K, 20 young (20480K), 20 survivors (20480K)
 Metaspace       used 107127K, committed 107840K, reserved 1179648K
  class space    used 14775K, committed 15168K, reserved 1048576K
}
Event: 12.364 GC heap before
{Heap before GC invocations=48 (full 0):
 garbage-first heap   total 336896K, used 262463K [0x0000000080000000, 0x0000000100000000)
  region size 1024K, 122 young (124928K), 20 survivors (20480K)
 Metaspace       used 109130K, committed 109888K, reserved 1179648K
  class space    used 15163K, committed 15552K, reserved 1048576K
}
Event: 12.415 GC heap after
{Heap after GC invocations=49 (full 0):
 garbage-first heap   total 336896K, used 208212K [0x0000000080000000, 0x0000000100000000)
  region size 1024K, 16 young (16384K), 16 survivors (16384K)
 Metaspace       used 109130K, committed 109888K, reserved 1179648K
  class space    used 15163K, committed 15552K, reserved 1048576K
}
Event: 12.730 GC heap before
{Heap before GC invocations=49 (full 0):
 garbage-first heap   total 336896K, used 245076K [0x0000000080000000, 0x0000000100000000)
  region size 1024K, 54 young (55296K), 16 survivors (16384K)
 Metaspace       used 112397K, committed 113088K, reserved 1179648K
  class space    used 15599K, committed 15936K, reserved 1048576K
}
Event: 12.750 GC heap after
{Heap after GC invocations=50 (full 0):
 garbage-first heap   total 336896K, used 214016K [0x0000000080000000, 0x0000000100000000)
  region size 1024K, 3 young (3072K), 3 survivors (3072K)
 Metaspace       used 112397K, committed 113088K, reserved 1179648K
  class space    used 15599K, committed 15936K, reserved 1048576K
}
Event: 13.264 GC heap before
{Heap before GC invocations=51 (full 0):
 garbage-first heap   total 384000K, used 262144K [0x0000000080000000, 0x0000000100000000)
  region size 1024K, 55 young (56320K), 3 survivors (3072K)
 Metaspace       used 112913K, committed 113728K, reserved 1179648K
  class space    used 15670K, committed 16064K, reserved 1048576K
}
Event: 13.275 GC heap after
{Heap after GC invocations=52 (full 0):
 garbage-first heap   total 384000K, used 211061K [0x0000000080000000, 0x0000000100000000)
  region size 1024K, 6 young (6144K), 6 survivors (6144K)
 Metaspace       used 112913K, committed 113728K, reserved 1179648K
  class space    used 15670K, committed 16064K, reserved 1048576K
}
Event: 13.540 GC heap before
{Heap before GC invocations=52 (full 0):
 garbage-first heap   total 384000K, used 226421K [0x0000000080000000, 0x0000000100000000)
  region size 1024K, 18 young (18432K), 6 survivors (6144K)
 Metaspace       used 113056K, committed 113792K, reserved 1179648K
  class space    used 15690K, committed 16064K, reserved 1048576K
}

