# JRE version: OpenJDK Runtime Environment (17.0.7) (build 17.0.7+0-b2043.56-10550314)
# Java VM: OpenJDK 64-Bit Server VM (17.0.7+0-b2043.56-10550314, mixed mode, tiered, compressed oops, compressed class ptrs, g1 gc, windows-amd64)
GC Precious Log:
 CPUs: 8 total, 8 available
 Memory: 7995M
 Large Page Support: Disabled
 NUMA Support: Disabled
 Compressed Oops: Enabled (32-bit)
 Heap Region Size: 1M
 Heap Min Capacity: 8M
 Heap Initial Capacity: 126M
 Heap Max Capacity: 2G
 Pre-touch: Disabled
 Parallel Workers: 8
 Concurrent Workers: 2
 Concurrent Refinement Workers: 8
 Periodic GC: Disabled
Heap:
 garbage-first heap   total 261120K, used 140856K [0x0000000080000000, 0x0000000100000000)
  region size 1024K, 2 young (2048K), 2 survivors (2048K)
 Metaspace       used 110645K, committed 111424K, reserved 1179648K
  class space    used 15214K, committed 15616K, reserved 1048576K
GC Heap History (20 events):
Event: 11.989 GC heap after
{Heap after GC invocations=25 (full 0):
 garbage-first heap   total 181248K, used 86244K [0x0000000080000000, 0x0000000100000000)
  region size 1024K, 5 young (5120K), 5 survivors (5120K)
 Metaspace       used 91018K, committed 91648K, reserved 1179648K
  class space    used 12501K, committed 12800K, reserved 1048576K
}
Event: 12.545 GC heap before
{Heap before GC invocations=26 (full 0):
 garbage-first heap   total 181248K, used 146660K [0x0000000080000000, 0x0000000100000000)
  region size 1024K, 64 young (65536K), 5 survivors (5120K)
 Metaspace       used 96294K, committed 96960K, reserved 1179648K
  class space    used 13261K, committed 13568K, reserved 1048576K
}
Event: 12.552 GC heap after
{Heap after GC invocations=27 (full 0):
 garbage-first heap   total 181248K, used 89791K [0x0000000080000000, 0x0000000100000000)
  region size 1024K, 8 young (8192K), 8 survivors (8192K)
 Metaspace       used 96294K, committed 96960K, reserved 1179648K
  class space    used 13261K, committed 13568K, reserved 1048576K
}
Event: 12.966 GC heap before
{Heap before GC invocations=28 (full 0):
 garbage-first heap   total 181248K, used 148159K [0x0000000080000000, 0x0000000100000000)
  region size 1024K, 65 young (66560K), 8 survivors (8192K)
 Metaspace       used 97308K, committed 97920K, reserved 1179648K
  class space    used 13389K, committed 13696K, reserved 1048576K
}
Event: 12.975 GC heap after
{Heap after GC invocations=29 (full 0):
 garbage-first heap   total 181248K, used 97414K [0x0000000080000000, 0x0000000100000000)
  region size 1024K, 9 young (9216K), 9 survivors (9216K)
 Metaspace       used 97308K, committed 97920K, reserved 1179648K
  class space    used 13389K, committed 13696K, reserved 1048576K
}
Event: 13.100 GC heap before
{Heap before GC invocations=29 (full 0):
 garbage-first heap   total 181248K, used 113798K [0x0000000080000000, 0x0000000100000000)
  region size 1024K, 27 young (27648K), 9 survivors (9216K)
 Metaspace       used 98171K, committed 98816K, reserved 1179648K
  class space    used 13458K, committed 13760K, reserved 1048576K
}
Event: 13.109 GC heap after
{Heap after GC invocations=30 (full 0):
 garbage-first heap   total 218112K, used 102529K [0x0000000080000000, 0x0000000100000000)
  region size 1024K, 5 young (5120K), 5 survivors (5120K)
 Metaspace       used 98171K, committed 98816K, reserved 1179648K
  class space    used 13458K, committed 13760K, reserved 1048576K
}
Event: 13.714 GC heap before
{Heap before GC invocations=31 (full 0):
 garbage-first heap   total 218112K, used 175233K [0x0000000080000000, 0x0000000100000000)
  region size 1024K, 72 young (73728K), 5 survivors (5120K)
 Metaspace       used 100974K, committed 101632K, reserved 1179648K
  class space    used 13846K, committed 14208K, reserved 1048576K
}
Event: 13.723 GC heap after
{Heap after GC invocations=32 (full 0):
 garbage-first heap   total 218112K, used 106769K [0x0000000080000000, 0x0000000100000000)
  region size 1024K, 9 young (9216K), 9 survivors (9216K)
 Metaspace       used 100974K, committed 101632K, reserved 1179648K
  class space    used 13846K, committed 14208K, reserved 1048576K
}
Event: 14.244 GC heap before
{Heap before GC invocations=32 (full 0):
 garbage-first heap   total 218112K, used 172305K [0x0000000080000000, 0x0000000100000000)
  region size 1024K, 74 young (75776K), 9 survivors (9216K)
 Metaspace       used 103703K, committed 104512K, reserved 1179648K
  class space    used 14193K, committed 14592K, reserved 1048576K
}
Event: 14.255 GC heap after
{Heap after GC invocations=33 (full 0):
 garbage-first heap   total 218112K, used 112483K [0x0000000080000000, 0x0000000100000000)
  region size 1024K, 6 young (6144K), 6 survivors (6144K)
 Metaspace       used 103703K, committed 104512K, reserved 1179648K
  class space    used 14193K, committed 14592K, reserved 1048576K
}
Event: 14.563 GC heap before
{Heap before GC invocations=34 (full 0):
 garbage-first heap   total 219136K, used 174947K [0x0000000080000000, 0x0000000100000000)
  region size 1024K, 68 young (69632K), 6 survivors (6144K)
 Metaspace       used 106543K, committed 107264K, reserved 1179648K
  class space    used 14594K, committed 14976K, reserved 1048576K
}
Event: 14.569 GC heap after
{Heap after GC invocations=35 (full 0):
 garbage-first heap   total 219136K, used 122018K [0x0000000080000000, 0x0000000100000000)
  region size 1024K, 9 young (9216K), 9 survivors (9216K)
 Metaspace       used 106543K, committed 107264K, reserved 1179648K
  class space    used 14594K, committed 14976K, reserved 1048576K
}
Event: 14.578 GC heap before
{Heap before GC invocations=35 (full 0):
 garbage-first heap   total 219136K, used 123042K [0x0000000080000000, 0x0000000100000000)
  region size 1024K, 10 young (10240K), 9 survivors (9216K)
 Metaspace       used 106664K, committed 107328K, reserved 1179648K
  class space    used 14618K, committed 14976K, reserved 1048576K
}
Event: 14.583 GC heap after
{Heap after GC invocations=36 (full 0):
 garbage-first heap   total 219136K, used 123075K [0x0000000080000000, 0x0000000100000000)
  region size 1024K, 2 young (2048K), 2 survivors (2048K)
 Metaspace       used 106664K, committed 107328K, reserved 1179648K
  class space    used 14618K, committed 14976K, reserved 1048576K
}
Event: 14.819 GC heap before
{Heap before GC invocations=36 (full 0):
 garbage-first heap   total 219136K, used 176323K [0x0000000080000000, 0x0000000100000000)
  region size 1024K, 55 young (56320K), 2 survivors (2048K)
 Metaspace       used 108964K, committed 109696K, reserved 1179648K
  class space    used 14926K, committed 15296K, reserved 1048576K
}
Event: 14.827 GC heap after
{Heap after GC invocations=37 (full 0):
 garbage-first heap   total 219136K, used 131811K [0x0000000080000000, 0x0000000100000000)
  region size 1024K, 7 young (7168K), 7 survivors (7168K)
 Metaspace       used 108964K, committed 109696K, reserved 1179648K
  class space    used 14926K, committed 15296K, reserved 1048576K
}
Event: 15.123 GC heap before
{Heap before GC invocations=38 (full 0):
 garbage-first heap   total 261120K, used 176867K [0x0000000080000000, 0x0000000100000000)
  region size 1024K, 51 young (52224K), 7 survivors (7168K)
 Metaspace       used 110616K, committed 111424K, reserved 1179648K
  class space    used 15210K, committed 15616K, reserved 1048576K
}
Event: 15.146 GC heap after
{Heap after GC invocations=39 (full 0):
 garbage-first heap   total 261120K, used 138977K [0x0000000080000000, 0x0000000100000000)
  region size 1024K, 7 young (7168K), 7 survivors (7168K)
 Metaspace       used 110616K, committed 111424K, reserved 1179648K
  class space    used 15210K, committed 15616K, reserved 1048576K
}
Event: 15.163 GC heap before
{Heap before GC invocations=39 (full 0):
 garbage-first heap   total 261120K, used 144097K [0x0000000080000000, 0x0000000100000000)
  region size 1024K, 12 young (12288K), 7 survivors (7168K)
 Metaspace       used 110645K, committed 111424K, reserved 1179648K
  class space    used 15214K, committed 15616K, reserved 1048576K
}

