# JRE version: OpenJDK Runtime Environment (17.0.7) (build 17.0.7+0-b2043.56-10550314)
# Java VM: OpenJDK 64-Bit Server VM (17.0.7+0-b2043.56-10550314, mixed mode, tiered, compressed oops, compressed class ptrs, g1 gc, windows-amd64)
GC Precious Log:
 CPUs: 8 total, 8 available
 Memory: 7995M
 Large Page Support: Disabled
 NUMA Support: Disabled
 Compressed Oops: Enabled (32-bit)
 Heap Region Size: 1M
 Heap Min Capacity: 8M
 Heap Initial Capacity: 126M
 Heap Max Capacity: 2G
 Pre-touch: Disabled
 Parallel Workers: 8
 Concurrent Workers: 2
 Concurrent Refinement Workers: 8
 Periodic GC: Disabled
Heap:
 garbage-first heap   total 275456K, used 212992K [0x0000000080000000, 0x0000000100000000)
  region size 1024K, 4 young (4096K), 4 survivors (4096K)
 Metaspace       used 110058K, committed 110784K, reserved 1179648K
  class space    used 15265K, committed 15616K, reserved 1048576K
GC Heap History (20 events):
Event: 25.319 GC heap after
{Heap after GC invocations=56 (full 0):
 garbage-first heap   total 143360K, used 103741K [0x0000000080000000, 0x0000000100000000)
  region size 1024K, 4 young (4096K), 4 survivors (4096K)
 Metaspace       used 98169K, committed 98816K, reserved 1179648K
  class space    used 13461K, committed 13760K, reserved 1048576K
}
Event: 25.947 GC heap before
{Heap before GC invocations=57 (full 0):
 garbage-first heap   total 183296K, used 119101K [0x0000000080000000, 0x0000000100000000)
  region size 1024K, 17 young (17408K), 4 survivors (4096K)
 Metaspace       used 100147K, committed 100800K, reserved 1179648K
  class space    used 13720K, committed 14080K, reserved 1048576K
}
Event: 25.952 GC heap after
{Heap after GC invocations=58 (full 0):
 garbage-first heap   total 183296K, used 103183K [0x0000000080000000, 0x0000000100000000)
  region size 1024K, 2 young (2048K), 2 survivors (2048K)
 Metaspace       used 100147K, committed 100800K, reserved 1179648K
  class space    used 13720K, committed 14080K, reserved 1048576K
}
Event: 26.110 GC heap before
{Heap before GC invocations=58 (full 0):
 garbage-first heap   total 183296K, used 109327K [0x0000000080000000, 0x0000000100000000)
  region size 1024K, 8 young (8192K), 2 survivors (2048K)
 Metaspace       used 100498K, committed 101184K, reserved 1179648K
  class space    used 13761K, committed 14144K, reserved 1048576K
}
Event: 26.114 GC heap after
{Heap after GC invocations=59 (full 0):
 garbage-first heap   total 183296K, used 103617K [0x0000000080000000, 0x0000000100000000)
  region size 1024K, 1 young (1024K), 1 survivors (1024K)
 Metaspace       used 100498K, committed 101184K, reserved 1179648K
  class space    used 13761K, committed 14144K, reserved 1048576K
}
Event: 26.924 GC heap before
{Heap before GC invocations=59 (full 0):
 garbage-first heap   total 183296K, used 148673K [0x0000000080000000, 0x0000000100000000)
  region size 1024K, 46 young (47104K), 1 survivors (1024K)
 Metaspace       used 100981K, committed 101696K, reserved 1179648K
  class space    used 13819K, committed 14208K, reserved 1048576K
}
Event: 26.929 GC heap after
{Heap after GC invocations=60 (full 0):
 garbage-first heap   total 235520K, used 106925K [0x0000000080000000, 0x0000000100000000)
  region size 1024K, 5 young (5120K), 5 survivors (5120K)
 Metaspace       used 100981K, committed 101696K, reserved 1179648K
  class space    used 13819K, committed 14208K, reserved 1048576K
}
Event: 27.931 GC heap before
{Heap before GC invocations=60 (full 0):
 garbage-first heap   total 235520K, used 188845K [0x0000000080000000, 0x0000000100000000)
  region size 1024K, 86 young (88064K), 5 survivors (5120K)
 Metaspace       used 101841K, committed 102592K, reserved 1179648K
  class space    used 13873K, committed 14272K, reserved 1048576K
}
Event: 27.942 GC heap after
{Heap after GC invocations=61 (full 0):
 garbage-first heap   total 235520K, used 112403K [0x0000000080000000, 0x0000000100000000)
  region size 1024K, 10 young (10240K), 10 survivors (10240K)
 Metaspace       used 101841K, committed 102592K, reserved 1179648K
  class space    used 13873K, committed 14272K, reserved 1048576K
}
Event: 29.756 GC heap before
{Heap before GC invocations=61 (full 0):
 garbage-first heap   total 235520K, used 190227K [0x0000000080000000, 0x0000000100000000)
  region size 1024K, 67 young (68608K), 10 survivors (10240K)
 Metaspace       used 105803K, committed 106560K, reserved 1179648K
  class space    used 14465K, committed 14848K, reserved 1048576K
}
Event: 29.765 GC heap after
{Heap after GC invocations=62 (full 0):
 garbage-first heap   total 235520K, used 137939K [0x0000000080000000, 0x0000000100000000)
  region size 1024K, 10 young (10240K), 10 survivors (10240K)
 Metaspace       used 105803K, committed 106560K, reserved 1179648K
  class space    used 14465K, committed 14848K, reserved 1048576K
}
Event: 30.315 GC heap before
{Heap before GC invocations=63 (full 0):
 garbage-first heap   total 275456K, used 215763K [0x0000000080000000, 0x0000000100000000)
  region size 1024K, 64 young (65536K), 10 survivors (10240K)
 Metaspace       used 106732K, committed 107456K, reserved 1179648K
  class space    used 14629K, committed 14976K, reserved 1048576K
}
Event: 30.337 GC heap after
{Heap after GC invocations=64 (full 0):
 garbage-first heap   total 275456K, used 158229K [0x0000000080000000, 0x0000000100000000)
  region size 1024K, 8 young (8192K), 8 survivors (8192K)
 Metaspace       used 106732K, committed 107456K, reserved 1179648K
  class space    used 14629K, committed 14976K, reserved 1048576K
}
Event: 30.442 GC heap before
{Heap before GC invocations=64 (full 0):
 garbage-first heap   total 275456K, used 162325K [0x0000000080000000, 0x0000000100000000)
  region size 1024K, 13 young (13312K), 8 survivors (8192K)
 Metaspace       used 107543K, committed 108288K, reserved 1179648K
  class space    used 14909K, committed 15296K, reserved 1048576K
}
Event: 30.453 GC heap after
{Heap after GC invocations=65 (full 0):
 garbage-first heap   total 275456K, used 160708K [0x0000000080000000, 0x0000000100000000)
  region size 1024K, 2 young (2048K), 2 survivors (2048K)
 Metaspace       used 107543K, committed 108288K, reserved 1179648K
  class space    used 14909K, committed 15296K, reserved 1048576K
}
Event: 30.933 GC heap before
{Heap before GC invocations=65 (full 0):
 garbage-first heap   total 275456K, used 216004K [0x0000000080000000, 0x0000000100000000)
  region size 1024K, 57 young (58368K), 2 survivors (2048K)
 Metaspace       used 108898K, committed 109632K, reserved 1179648K
  class space    used 15081K, committed 15424K, reserved 1048576K
}
Event: 30.960 GC heap after
{Heap after GC invocations=66 (full 0):
 garbage-first heap   total 275456K, used 184766K [0x0000000080000000, 0x0000000100000000)
  region size 1024K, 8 young (8192K), 8 survivors (8192K)
 Metaspace       used 108898K, committed 109632K, reserved 1179648K
  class space    used 15081K, committed 15424K, reserved 1048576K
}
Event: 31.156 GC heap before
{Heap before GC invocations=66 (full 0):
 garbage-first heap   total 275456K, used 220606K [0x0000000080000000, 0x0000000100000000)
  region size 1024K, 41 young (41984K), 8 survivors (8192K)
 Metaspace       used 108901K, committed 109632K, reserved 1179648K
  class space    used 15081K, committed 15424K, reserved 1048576K
}
Event: 31.185 GC heap after
{Heap after GC invocations=67 (full 0):
 garbage-first heap   total 275456K, used 205166K [0x0000000080000000, 0x0000000100000000)
  region size 1024K, 6 young (6144K), 6 survivors (6144K)
 Metaspace       used 108901K, committed 109632K, reserved 1179648K
  class space    used 15081K, committed 15424K, reserved 1048576K
}
Event: 31.496 GC heap before
{Heap before GC invocations=67 (full 0):
 garbage-first heap   total 275456K, used 224622K [0x0000000080000000, 0x0000000100000000)
  region size 1024K, 26 young (26624K), 6 survivors (6144K)
 Metaspace       used 110058K, committed 110784K, reserved 1179648K
  class space    used 15265K, committed 15616K, reserved 1048576K
}

