# JRE version: OpenJDK Runtime Environment (17.0.7) (build 17.0.7+0-b2043.56-10550314)
# Java VM: OpenJDK 64-Bit Server VM (17.0.7+0-b2043.56-10550314, mixed mode, tiered, compressed oops, compressed class ptrs, g1 gc, windows-amd64)
GC Precious Log:
 CPUs: 8 total, 8 available
 Memory: 7995M
 Large Page Support: Disabled
 NUMA Support: Disabled
 Compressed Oops: Enabled (32-bit)
 Heap Region Size: 1M
 Heap Min Capacity: 8M
 Heap Initial Capacity: 126M
 Heap Max Capacity: 2G
 Pre-touch: Disabled
 Parallel Workers: 8
 Concurrent Workers: 2
 Concurrent Refinement Workers: 8
 Periodic GC: Disabled
Heap:
 garbage-first heap   total 191488K, used 108221K [0x0000000080000000, 0x0000000100000000)
  region size 1024K, 5 young (5120K), 5 survivors (5120K)
 Metaspace       used 101430K, committed 102208K, reserved 1179648K
  class space    used 13914K, committed 14336K, reserved 1048576K
GC Heap History (20 events):
Event: 9.531 GC heap after
{Heap after GC invocations=36 (full 0):
 garbage-first heap   total 135168K, used 79903K [0x0000000080000000, 0x0000000100000000)
  region size 1024K, 4 young (4096K), 4 survivors (4096K)
 Metaspace       used 81010K, committed 81600K, reserved 1179648K
  class space    used 10870K, committed 11136K, reserved 1048576K
}
Event: 9.858 GC heap before
{Heap before GC invocations=37 (full 0):
 garbage-first heap   total 145408K, used 109599K [0x0000000080000000, 0x0000000100000000)
  region size 1024K, 33 young (33792K), 4 survivors (4096K)
 Metaspace       used 83273K, committed 83840K, reserved 1179648K
  class space    used 11295K, committed 11584K, reserved 1048576K
}
Event: 9.862 GC heap after
{Heap after GC invocations=38 (full 0):
 garbage-first heap   total 145408K, used 80650K [0x0000000080000000, 0x0000000100000000)
  region size 1024K, 3 young (3072K), 3 survivors (3072K)
 Metaspace       used 83273K, committed 83840K, reserved 1179648K
  class space    used 11295K, committed 11584K, reserved 1048576K
}
Event: 10.274 GC heap before
{Heap before GC invocations=38 (full 0):
 garbage-first heap   total 145408K, used 117514K [0x0000000080000000, 0x0000000100000000)
  region size 1024K, 39 young (39936K), 3 survivors (3072K)
 Metaspace       used 86066K, committed 86720K, reserved 1179648K
  class space    used 11772K, committed 12096K, reserved 1048576K
}
Event: 10.278 GC heap after
{Heap after GC invocations=39 (full 0):
 garbage-first heap   total 175104K, used 82401K [0x0000000080000000, 0x0000000100000000)
  region size 1024K, 4 young (4096K), 4 survivors (4096K)
 Metaspace       used 86066K, committed 86720K, reserved 1179648K
  class space    used 11772K, committed 12096K, reserved 1048576K
}
Event: 11.018 GC heap before
{Heap before GC invocations=40 (full 0):
 garbage-first heap   total 175104K, used 139745K [0x0000000080000000, 0x0000000100000000)
  region size 1024K, 60 young (61440K), 4 survivors (4096K)
 Metaspace       used 90515K, committed 91136K, reserved 1179648K
  class space    used 12439K, committed 12736K, reserved 1048576K
}
Event: 11.025 GC heap after
{Heap after GC invocations=41 (full 0):
 garbage-first heap   total 175104K, used 85584K [0x0000000080000000, 0x0000000100000000)
  region size 1024K, 7 young (7168K), 7 survivors (7168K)
 Metaspace       used 90515K, committed 91136K, reserved 1179648K
  class space    used 12439K, committed 12736K, reserved 1048576K
}
Event: 11.778 GC heap before
{Heap before GC invocations=41 (full 0):
 garbage-first heap   total 175104K, used 142928K [0x0000000080000000, 0x0000000100000000)
  region size 1024K, 63 young (64512K), 7 survivors (7168K)
 Metaspace       used 95896K, committed 96512K, reserved 1179648K
  class space    used 13203K, committed 13504K, reserved 1048576K
}
Event: 11.786 GC heap after
{Heap after GC invocations=42 (full 0):
 garbage-first heap   total 175104K, used 88775K [0x0000000080000000, 0x0000000100000000)
  region size 1024K, 7 young (7168K), 7 survivors (7168K)
 Metaspace       used 95896K, committed 96512K, reserved 1179648K
  class space    used 13203K, committed 13504K, reserved 1048576K
}
Event: 12.294 GC heap before
{Heap before GC invocations=43 (full 0):
 garbage-first heap   total 175104K, used 144071K [0x0000000080000000, 0x0000000100000000)
  region size 1024K, 61 young (62464K), 7 survivors (7168K)
 Metaspace       used 97296K, committed 97920K, reserved 1179648K
  class space    used 13397K, committed 13696K, reserved 1048576K
}
Event: 12.305 GC heap after
{Heap after GC invocations=44 (full 0):
 garbage-first heap   total 175104K, used 95298K [0x0000000080000000, 0x0000000100000000)
  region size 1024K, 8 young (8192K), 8 survivors (8192K)
 Metaspace       used 97296K, committed 97920K, reserved 1179648K
  class space    used 13397K, committed 13696K, reserved 1048576K
}
Event: 12.313 GC heap before
{Heap before GC invocations=44 (full 0):
 garbage-first heap   total 175104K, used 96322K [0x0000000080000000, 0x0000000100000000)
  region size 1024K, 9 young (9216K), 8 survivors (8192K)
 Metaspace       used 97312K, committed 97984K, reserved 1179648K
  class space    used 13399K, committed 13696K, reserved 1048576K
}
Event: 12.323 GC heap after
{Heap after GC invocations=45 (full 0):
 garbage-first heap   total 175104K, used 96653K [0x0000000080000000, 0x0000000100000000)
  region size 1024K, 2 young (2048K), 2 survivors (2048K)
 Metaspace       used 97312K, committed 97984K, reserved 1179648K
  class space    used 13399K, committed 13696K, reserved 1048576K
}
Event: 12.529 GC heap before
{Heap before GC invocations=45 (full 0):
 garbage-first heap   total 175104K, used 123277K [0x0000000080000000, 0x0000000100000000)
  region size 1024K, 30 young (30720K), 2 survivors (2048K)
 Metaspace       used 98218K, committed 98880K, reserved 1179648K
  class space    used 13467K, committed 13760K, reserved 1048576K
}
Event: 12.533 GC heap after
{Heap after GC invocations=46 (full 0):
 garbage-first heap   total 175104K, used 101366K [0x0000000080000000, 0x0000000100000000)
  region size 1024K, 6 young (6144K), 6 survivors (6144K)
 Metaspace       used 98218K, committed 98880K, reserved 1179648K
  class space    used 13467K, committed 13760K, reserved 1048576K
}
Event: 13.032 GC heap before
{Heap before GC invocations=47 (full 0):
 garbage-first heap   total 191488K, used 145398K [0x0000000080000000, 0x0000000100000000)
  region size 1024K, 44 young (45056K), 6 survivors (6144K)
 Metaspace       used 100833K, committed 101504K, reserved 1179648K
  class space    used 13865K, committed 14208K, reserved 1048576K
}
Event: 13.040 GC heap after
{Heap after GC invocations=48 (full 0):
 garbage-first heap   total 191488K, used 104499K [0x0000000080000000, 0x0000000100000000)
  region size 1024K, 4 young (4096K), 4 survivors (4096K)
 Metaspace       used 100833K, committed 101504K, reserved 1179648K
  class space    used 13865K, committed 14208K, reserved 1048576K
}
Event: 13.081 GC heap before
{Heap before GC invocations=48 (full 0):
 garbage-first heap   total 191488K, used 108595K [0x0000000080000000, 0x0000000100000000)
  region size 1024K, 9 young (9216K), 4 survivors (4096K)
 Metaspace       used 100861K, committed 101504K, reserved 1179648K
  class space    used 13866K, committed 14208K, reserved 1048576K
}
Event: 13.088 GC heap after
{Heap after GC invocations=49 (full 0):
 garbage-first heap   total 191488K, used 104694K [0x0000000080000000, 0x0000000100000000)
  region size 1024K, 1 young (1024K), 1 survivors (1024K)
 Metaspace       used 100861K, committed 101504K, reserved 1179648K
  class space    used 13866K, committed 14208K, reserved 1048576K
}
Event: 13.460 GC heap before
{Heap before GC invocations=49 (full 0):
 garbage-first heap   total 191488K, used 153846K [0x0000000080000000, 0x0000000100000000)
  region size 1024K, 50 young (51200K), 1 survivors (1024K)
 Metaspace       used 101430K, committed 102208K, reserved 1179648K
  class space    used 13914K, committed 14336K, reserved 1048576K
}

