# JRE version: OpenJDK Runtime Environment (17.0.7) (build 17.0.7+0-b2043.56-10550314)
# Java VM: OpenJDK 64-Bit Server VM (17.0.7+0-b2043.56-10550314, mixed mode, tiered, compressed oops, compressed class ptrs, g1 gc, windows-amd64)
GC Precious Log:
 CPUs: 8 total, 8 available
 Memory: 7995M
 Large Page Support: Disabled
 NUMA Support: Disabled
 Compressed Oops: Enabled (32-bit)
 Heap Region Size: 1M
 Heap Min Capacity: 8M
 Heap Initial Capacity: 126M
 Heap Max Capacity: 2G
 Pre-touch: Disabled
 Parallel Workers: 8
 Concurrent Workers: 2
 Concurrent Refinement Workers: 8
 Periodic GC: Disabled
Heap:
 garbage-first heap   total 494592K, used 351692K [0x0000000080000000, 0x0000000100000000)
  region size 1024K, 5 young (5120K), 5 survivors (5120K)
 Metaspace       used 153787K, committed 155136K, reserved 1245184K
  class space    used 20964K, committed 21632K, reserved 1048576K
GC Heap History (20 events):
Event: 79.991 GC heap after
{Heap after GC invocations=125 (full 0):
 garbage-first heap   total 427008K, used 327126K [0x0000000080000000, 0x0000000100000000)
  region size 1024K, 8 young (8192K), 8 survivors (8192K)
 Metaspace       used 153739K, committed 155072K, reserved 1245184K
  class space    used 20964K, committed 21632K, reserved 1048576K
}
Event: 80.316 GC heap before
{Heap before GC invocations=125 (full 0):
 garbage-first heap   total 427008K, used 375254K [0x0000000080000000, 0x0000000100000000)
  region size 1024K, 54 young (55296K), 8 survivors (8192K)
 Metaspace       used 153744K, committed 155072K, reserved 1245184K
  class space    used 20964K, committed 21632K, reserved 1048576K
}
Event: 80.326 GC heap after
{Heap after GC invocations=126 (full 0):
 garbage-first heap   total 427008K, used 329632K [0x0000000080000000, 0x0000000100000000)
  region size 1024K, 4 young (4096K), 4 survivors (4096K)
 Metaspace       used 153744K, committed 155072K, reserved 1245184K
  class space    used 20964K, committed 21632K, reserved 1048576K
}
Event: 80.445 GC heap before
{Heap before GC invocations=126 (full 0):
 garbage-first heap   total 427008K, used 375712K [0x0000000080000000, 0x0000000100000000)
  region size 1024K, 49 young (50176K), 4 survivors (4096K)
 Metaspace       used 153745K, committed 155072K, reserved 1245184K
  class space    used 20964K, committed 21632K, reserved 1048576K
}
Event: 80.451 GC heap after
{Heap after GC invocations=127 (full 0):
 garbage-first heap   total 427008K, used 330482K [0x0000000080000000, 0x0000000100000000)
  region size 1024K, 5 young (5120K), 5 survivors (5120K)
 Metaspace       used 153745K, committed 155072K, reserved 1245184K
  class space    used 20964K, committed 21632K, reserved 1048576K
}
Event: 80.585 GC heap before
{Heap before GC invocations=127 (full 0):
 garbage-first heap   total 427008K, used 376562K [0x0000000080000000, 0x0000000100000000)
  region size 1024K, 50 young (51200K), 5 survivors (5120K)
 Metaspace       used 153746K, committed 155072K, reserved 1245184K
  class space    used 20964K, committed 21632K, reserved 1048576K
}
Event: 80.590 GC heap after
{Heap after GC invocations=128 (full 0):
 garbage-first heap   total 427008K, used 330835K [0x0000000080000000, 0x0000000100000000)
  region size 1024K, 2 young (2048K), 2 survivors (2048K)
 Metaspace       used 153746K, committed 155072K, reserved 1245184K
  class space    used 20964K, committed 21632K, reserved 1048576K
}
Event: 80.774 GC heap before
{Heap before GC invocations=128 (full 0):
 garbage-first heap   total 427008K, used 375891K [0x0000000080000000, 0x0000000100000000)
  region size 1024K, 47 young (48128K), 2 survivors (2048K)
 Metaspace       used 153752K, committed 155072K, reserved 1245184K
  class space    used 20964K, committed 21632K, reserved 1048576K
}
Event: 80.778 GC heap after
{Heap after GC invocations=129 (full 0):
 garbage-first heap   total 427008K, used 332690K [0x0000000080000000, 0x0000000100000000)
  region size 1024K, 4 young (4096K), 4 survivors (4096K)
 Metaspace       used 153752K, committed 155072K, reserved 1245184K
  class space    used 20964K, committed 21632K, reserved 1048576K
}
Event: 80.952 GC heap before
{Heap before GC invocations=129 (full 0):
 garbage-first heap   total 427008K, used 375698K [0x0000000080000000, 0x0000000100000000)
  region size 1024K, 47 young (48128K), 4 survivors (4096K)
 Metaspace       used 153760K, committed 155072K, reserved 1245184K
  class space    used 20964K, committed 21632K, reserved 1048576K
}
Event: 80.958 GC heap after
{Heap after GC invocations=130 (full 0):
 garbage-first heap   total 427008K, used 335442K [0x0000000080000000, 0x0000000100000000)
  region size 1024K, 6 young (6144K), 6 survivors (6144K)
 Metaspace       used 153760K, committed 155072K, reserved 1245184K
  class space    used 20964K, committed 21632K, reserved 1048576K
}
Event: 81.047 GC heap before
{Heap before GC invocations=130 (full 0):
 garbage-first heap   total 427008K, used 375378K [0x0000000080000000, 0x0000000100000000)
  region size 1024K, 45 young (46080K), 6 survivors (6144K)
 Metaspace       used 153760K, committed 155072K, reserved 1245184K
  class space    used 20964K, committed 21632K, reserved 1048576K
}
Event: 81.055 GC heap after
{Heap after GC invocations=131 (full 0):
 garbage-first heap   total 494592K, used 337285K [0x0000000080000000, 0x0000000100000000)
  region size 1024K, 5 young (5120K), 5 survivors (5120K)
 Metaspace       used 153760K, committed 155072K, reserved 1245184K
  class space    used 20964K, committed 21632K, reserved 1048576K
}
Event: 81.308 GC heap before
{Heap before GC invocations=131 (full 0):
 garbage-first heap   total 494592K, used 431493K [0x0000000080000000, 0x0000000100000000)
  region size 1024K, 97 young (99328K), 5 survivors (5120K)
 Metaspace       used 153770K, committed 155072K, reserved 1245184K
  class space    used 20964K, committed 21632K, reserved 1048576K
}
Event: 81.321 GC heap after
{Heap after GC invocations=132 (full 0):
 garbage-first heap   total 494592K, used 343837K [0x0000000080000000, 0x0000000100000000)
  region size 1024K, 12 young (12288K), 12 survivors (12288K)
 Metaspace       used 153770K, committed 155072K, reserved 1245184K
  class space    used 20964K, committed 21632K, reserved 1048576K
}
Event: 81.512 GC heap before
{Heap before GC invocations=132 (full 0):
 garbage-first heap   total 494592K, used 428829K [0x0000000080000000, 0x0000000100000000)
  region size 1024K, 95 young (97280K), 12 survivors (12288K)
 Metaspace       used 153774K, committed 155136K, reserved 1245184K
  class space    used 20964K, committed 21632K, reserved 1048576K
}
Event: 81.528 GC heap after
{Heap after GC invocations=133 (full 0):
 garbage-first heap   total 494592K, used 347772K [0x0000000080000000, 0x0000000100000000)
  region size 1024K, 6 young (6144K), 6 survivors (6144K)
 Metaspace       used 153774K, committed 155136K, reserved 1245184K
  class space    used 20964K, committed 21632K, reserved 1048576K
}
Event: 81.775 GC heap before
{Heap before GC invocations=133 (full 0):
 garbage-first heap   total 494592K, used 429692K [0x0000000080000000, 0x0000000100000000)
  region size 1024K, 86 young (88064K), 6 survivors (6144K)
 Metaspace       used 153778K, committed 155136K, reserved 1245184K
  class space    used 20964K, committed 21632K, reserved 1048576K
}
Event: 81.785 GC heap after
{Heap after GC invocations=134 (full 0):
 garbage-first heap   total 494592K, used 351636K [0x0000000080000000, 0x0000000100000000)
  region size 1024K, 9 young (9216K), 9 survivors (9216K)
 Metaspace       used 153778K, committed 155136K, reserved 1245184K
  class space    used 20964K, committed 21632K, reserved 1048576K
}
Event: 82.022 GC heap before
{Heap before GC invocations=134 (full 0):
 garbage-first heap   total 494592K, used 430484K [0x0000000080000000, 0x0000000100000000)
  region size 1024K, 86 young (88064K), 9 survivors (9216K)
 Metaspace       used 153787K, committed 155136K, reserved 1245184K
  class space    used 20964K, committed 21632K, reserved 1048576K
}

