# JRE version: OpenJDK Runtime Environment (17.0.7) (build 17.0.7+0-b2043.56-10550314)
# Java VM: OpenJDK 64-Bit Server VM (17.0.7+0-b2043.56-10550314, mixed mode, tiered, compressed oops, compressed class ptrs, g1 gc, windows-amd64)
GC Precious Log:
 CPUs: 8 total, 8 available
 Memory: 7995M
 Large Page Support: Disabled
 NUMA Support: Disabled
 Compressed Oops: Enabled (32-bit)
 Heap Region Size: 1M
 Heap Min Capacity: 8M
 Heap Initial Capacity: 126M
 Heap Max Capacity: 2G
 Pre-touch: Disabled
 Parallel Workers: 8
 Concurrent Workers: 2
 Concurrent Refinement Workers: 8
 Periodic GC: Disabled
Heap:
 garbage-first heap   total 377856K, used 206724K [0x0000000080000000, 0x0000000100000000)
  region size 1024K, 2 young (2048K), 2 survivors (2048K)
 Metaspace       used 113146K, committed 113856K, reserved 1179648K
  class space    used 15720K, committed 16064K, reserved 1048576K
GC Heap History (20 events):
Event: 8.719 GC heap after
{Heap after GC invocations=24 (full 0):
 garbage-first heap   total 152576K, used 78170K [0x0000000080000000, 0x0000000100000000)
  region size 1024K, 6 young (6144K), 6 survivors (6144K)
 Metaspace       used 80225K, committed 80768K, reserved 1179648K
  class space    used 10740K, committed 11008K, reserved 1048576K
}
Event: 9.126 GC heap before
{Heap before GC invocations=24 (full 0):
 garbage-first heap   total 152576K, used 123226K [0x0000000080000000, 0x0000000100000000)
  region size 1024K, 49 young (50176K), 6 survivors (6144K)
 Metaspace       used 83588K, committed 84224K, reserved 1179648K
  class space    used 11357K, committed 11648K, reserved 1048576K
}
Event: 9.133 GC heap after
{Heap after GC invocations=25 (full 0):
 garbage-first heap   total 305152K, used 79782K [0x0000000080000000, 0x0000000100000000)
  region size 1024K, 5 young (5120K), 5 survivors (5120K)
 Metaspace       used 83588K, committed 84224K, reserved 1179648K
  class space    used 11357K, committed 11648K, reserved 1048576K
}
Event: 10.223 GC heap before
{Heap before GC invocations=25 (full 0):
 garbage-first heap   total 305152K, used 173990K [0x0000000080000000, 0x0000000100000000)
  region size 1024K, 98 young (100352K), 5 survivors (5120K)
 Metaspace       used 90932K, committed 91520K, reserved 1179648K
  class space    used 12494K, committed 12800K, reserved 1048576K
}
Event: 10.232 GC heap after
{Heap after GC invocations=26 (full 0):
 garbage-first heap   total 305152K, used 84644K [0x0000000080000000, 0x0000000100000000)
  region size 1024K, 9 young (9216K), 9 survivors (9216K)
 Metaspace       used 90932K, committed 91520K, reserved 1179648K
  class space    used 12494K, committed 12800K, reserved 1048576K
}
Event: 11.878 GC heap before
{Heap before GC invocations=27 (full 0):
 garbage-first heap   total 305152K, used 250532K [0x0000000080000000, 0x0000000100000000)
  region size 1024K, 167 young (171008K), 9 survivors (9216K)
 Metaspace       used 100471K, committed 101120K, reserved 1179648K
  class space    used 13762K, committed 14080K, reserved 1048576K
}
Event: 11.900 GC heap after
{Heap after GC invocations=28 (full 0):
 garbage-first heap   total 305152K, used 100980K [0x0000000080000000, 0x0000000100000000)
  region size 1024K, 21 young (21504K), 21 survivors (21504K)
 Metaspace       used 100471K, committed 101120K, reserved 1179648K
  class space    used 13762K, committed 14080K, reserved 1048576K
}
Event: 12.956 GC heap before
{Heap before GC invocations=29 (full 0):
 garbage-first heap   total 305152K, used 233076K [0x0000000080000000, 0x0000000100000000)
  region size 1024K, 151 young (154624K), 21 survivors (21504K)
 Metaspace       used 102004K, committed 102784K, reserved 1179648K
  class space    used 13942K, committed 14336K, reserved 1048576K
}
Event: 12.983 GC heap after
{Heap after GC invocations=30 (full 0):
 garbage-first heap   total 305152K, used 111342K [0x0000000080000000, 0x0000000100000000)
  region size 1024K, 11 young (11264K), 11 survivors (11264K)
 Metaspace       used 102004K, committed 102784K, reserved 1179648K
  class space    used 13942K, committed 14336K, reserved 1048576K
}
Event: 13.560 GC heap before
{Heap before GC invocations=30 (full 0):
 garbage-first heap   total 305152K, used 201454K [0x0000000080000000, 0x0000000100000000)
  region size 1024K, 71 young (72704K), 11 survivors (11264K)
 Metaspace       used 105993K, committed 106752K, reserved 1179648K
  class space    used 14533K, committed 14912K, reserved 1048576K
}
Event: 13.572 GC heap after
{Heap after GC invocations=31 (full 0):
 garbage-first heap   total 305152K, used 145958K [0x0000000080000000, 0x0000000100000000)
  region size 1024K, 5 young (5120K), 5 survivors (5120K)
 Metaspace       used 105993K, committed 106752K, reserved 1179648K
  class space    used 14533K, committed 14912K, reserved 1048576K
}
Event: 14.460 GC heap before
{Heap before GC invocations=32 (full 0):
 garbage-first heap   total 305152K, used 263718K [0x0000000080000000, 0x0000000100000000)
  region size 1024K, 107 young (109568K), 5 survivors (5120K)
 Metaspace       used 109036K, committed 109760K, reserved 1179648K
  class space    used 15148K, committed 15488K, reserved 1048576K
}
Event: 14.498 GC heap after
{Heap after GC invocations=33 (full 0):
 garbage-first heap   total 309248K, used 176917K [0x0000000080000000, 0x0000000100000000)
  region size 1024K, 14 young (14336K), 14 survivors (14336K)
 Metaspace       used 109036K, committed 109760K, reserved 1179648K
  class space    used 15148K, committed 15488K, reserved 1048576K
}
Event: 15.023 GC heap before
{Heap before GC invocations=33 (full 0):
 garbage-first heap   total 309248K, used 244501K [0x0000000080000000, 0x0000000100000000)
  region size 1024K, 78 young (79872K), 14 survivors (14336K)
 Metaspace       used 110264K, committed 110976K, reserved 1179648K
  class space    used 15332K, committed 15680K, reserved 1048576K
}
Event: 15.067 GC heap after
{Heap after GC invocations=34 (full 0):
 garbage-first heap   total 309248K, used 210432K [0x0000000080000000, 0x0000000100000000)
  region size 1024K, 10 young (10240K), 10 survivors (10240K)
 Metaspace       used 110264K, committed 110976K, reserved 1179648K
  class space    used 15332K, committed 15680K, reserved 1048576K
}
Event: 15.379 GC heap before
{Heap before GC invocations=34 (full 0):
 garbage-first heap   total 309248K, used 245248K [0x0000000080000000, 0x0000000100000000)
  region size 1024K, 45 young (46080K), 10 survivors (10240K)
 Metaspace       used 112428K, committed 113152K, reserved 1179648K
  class space    used 15627K, committed 16000K, reserved 1048576K
}
Event: 15.404 GC heap after
{Heap after GC invocations=35 (full 0):
 garbage-first heap   total 309248K, used 215041K [0x0000000080000000, 0x0000000100000000)
  region size 1024K, 3 young (3072K), 3 survivors (3072K)
 Metaspace       used 112428K, committed 113152K, reserved 1179648K
  class space    used 15627K, committed 16000K, reserved 1048576K
}
Event: 15.882 GC heap before
{Heap before GC invocations=36 (full 0):
 garbage-first heap   total 377856K, used 237569K [0x0000000080000000, 0x0000000100000000)
  region size 1024K, 38 young (38912K), 3 survivors (3072K)
 Metaspace       used 112885K, committed 113664K, reserved 1179648K
  class space    used 15688K, committed 16064K, reserved 1048576K
}
Event: 15.889 GC heap after
{Heap after GC invocations=37 (full 0):
 garbage-first heap   total 377856K, used 206848K [0x0000000080000000, 0x0000000100000000)
  region size 1024K, 5 young (5120K), 5 survivors (5120K)
 Metaspace       used 112885K, committed 113664K, reserved 1179648K
  class space    used 15688K, committed 16064K, reserved 1048576K
}
Event: 16.129 GC heap before
{Heap before GC invocations=37 (full 0):
 garbage-first heap   total 377856K, used 219136K [0x0000000080000000, 0x0000000100000000)
  region size 1024K, 18 young (18432K), 5 survivors (5120K)
 Metaspace       used 113146K, committed 113856K, reserved 1179648K
  class space    used 15720K, committed 16064K, reserved 1048576K
}

