# JRE version: OpenJDK Runtime Environment (17.0.7) (build 17.0.7+0-b2043.56-10550314)
# Java VM: OpenJDK 64-Bit Server VM (17.0.7+0-b2043.56-10550314, mixed mode, tiered, compressed oops, compressed class ptrs, g1 gc, windows-amd64)
GC Precious Log:
 CPUs: 8 total, 8 available
 Memory: 7995M
 Large Page Support: Disabled
 NUMA Support: Disabled
 Compressed Oops: Enabled (32-bit)
 Heap Region Size: 1M
 Heap Min Capacity: 8M
 Heap Initial Capacity: 126M
 Heap Max Capacity: 2G
 Pre-touch: Disabled
 Parallel Workers: 8
 Concurrent Workers: 2
 Concurrent Refinement Workers: 8
 Periodic GC: Disabled
Heap:
 garbage-first heap   total 296960K, used 204838K [0x0000000080000000, 0x0000000100000000)
  region size 1024K, 7 young (7168K), 7 survivors (7168K)
 Metaspace       used 121066K, committed 121920K, reserved 1179648K
  class space    used 16846K, committed 17280K, reserved 1048576K
GC Heap History (20 events):
Event: 18.204 GC heap after
{Heap after GC invocations=45 (full 0):
 garbage-first heap   total 197632K, used 107192K [0x0000000080000000, 0x0000000100000000)
  region size 1024K, 2 young (2048K), 2 survivors (2048K)
 Metaspace       used 100913K, committed 101632K, reserved 1179648K
  class space    used 13858K, committed 14208K, reserved 1048576K
}
Event: 18.829 GC heap before
{Heap before GC invocations=45 (full 0):
 garbage-first heap   total 197632K, used 158392K [0x0000000080000000, 0x0000000100000000)
  region size 1024K, 53 young (54272K), 2 survivors (2048K)
 Metaspace       used 101685K, committed 102464K, reserved 1179648K
  class space    used 13935K, committed 14336K, reserved 1048576K
}
Event: 18.834 GC heap after
{Heap after GC invocations=46 (full 0):
 garbage-first heap   total 197632K, used 110510K [0x0000000080000000, 0x0000000100000000)
  region size 1024K, 5 young (5120K), 5 survivors (5120K)
 Metaspace       used 101685K, committed 102464K, reserved 1179648K
  class space    used 13935K, committed 14336K, reserved 1048576K
}
Event: 20.064 GC heap before
{Heap before GC invocations=46 (full 0):
 garbage-first heap   total 197632K, used 159662K [0x0000000080000000, 0x0000000100000000)
  region size 1024K, 54 young (55296K), 5 survivors (5120K)
 Metaspace       used 104713K, committed 105472K, reserved 1179648K
  class space    used 14324K, committed 14720K, reserved 1048576K
}
Event: 20.072 GC heap after
{Heap after GC invocations=47 (full 0):
 garbage-first heap   total 197632K, used 114695K [0x0000000080000000, 0x0000000100000000)
  region size 1024K, 5 young (5120K), 5 survivors (5120K)
 Metaspace       used 104713K, committed 105472K, reserved 1179648K
  class space    used 14324K, committed 14720K, reserved 1048576K
}
Event: 20.309 GC heap before
{Heap before GC invocations=47 (full 0):
 garbage-first heap   total 197632K, used 160775K [0x0000000080000000, 0x0000000100000000)
  region size 1024K, 51 young (52224K), 5 survivors (5120K)
 Metaspace       used 106088K, committed 106816K, reserved 1179648K
  class space    used 14507K, committed 14848K, reserved 1048576K
}
Event: 20.316 GC heap after
{Heap after GC invocations=48 (full 0):
 garbage-first heap   total 237568K, used 117799K [0x0000000080000000, 0x0000000100000000)
  region size 1024K, 3 young (3072K), 3 survivors (3072K)
 Metaspace       used 106088K, committed 106816K, reserved 1179648K
  class space    used 14507K, committed 14848K, reserved 1048576K
}
Event: 22.819 GC heap before
{Heap before GC invocations=49 (full 0):
 garbage-first heap   total 237568K, used 192551K [0x0000000080000000, 0x0000000100000000)
  region size 1024K, 77 young (78848K), 3 survivors (3072K)
 Metaspace       used 114247K, committed 115072K, reserved 1179648K
  class space    used 15649K, committed 16064K, reserved 1048576K
}
Event: 22.826 GC heap after
{Heap after GC invocations=50 (full 0):
 garbage-first heap   total 237568K, used 120061K [0x0000000080000000, 0x0000000100000000)
  region size 1024K, 6 young (6144K), 6 survivors (6144K)
 Metaspace       used 114247K, committed 115072K, reserved 1179648K
  class space    used 15649K, committed 16064K, reserved 1048576K
}
Event: 22.879 GC heap before
{Heap before GC invocations=50 (full 0):
 garbage-first heap   total 237568K, used 124157K [0x0000000080000000, 0x0000000100000000)
  region size 1024K, 11 young (11264K), 6 survivors (6144K)
 Metaspace       used 115051K, committed 115840K, reserved 1179648K
  class space    used 15786K, committed 16192K, reserved 1048576K
}
Event: 22.884 GC heap after
{Heap after GC invocations=51 (full 0):
 garbage-first heap   total 237568K, used 119879K [0x0000000080000000, 0x0000000100000000)
  region size 1024K, 1 young (1024K), 1 survivors (1024K)
 Metaspace       used 115051K, committed 115840K, reserved 1179648K
  class space    used 15786K, committed 16192K, reserved 1048576K
}
Event: 23.496 GC heap before
{Heap before GC invocations=51 (full 0):
 garbage-first heap   total 237568K, used 227399K [0x0000000080000000, 0x0000000100000000)
  region size 1024K, 65 young (66560K), 1 survivors (1024K)
 Metaspace       used 119620K, committed 120512K, reserved 1179648K
  class space    used 16512K, committed 16960K, reserved 1048576K
}
Event: 23.510 GC heap after
{Heap after GC invocations=52 (full 0):
 garbage-first heap   total 244736K, used 155038K [0x0000000080000000, 0x0000000100000000)
  region size 1024K, 10 young (10240K), 10 survivors (10240K)
 Metaspace       used 119620K, committed 120512K, reserved 1179648K
  class space    used 16512K, committed 16960K, reserved 1048576K
}
Event: 23.614 GC heap before
{Heap before GC invocations=52 (full 0):
 garbage-first heap   total 244736K, used 168350K [0x0000000080000000, 0x0000000100000000)
  region size 1024K, 24 young (24576K), 10 survivors (10240K)
 Metaspace       used 119623K, committed 120512K, reserved 1179648K
  class space    used 16512K, committed 16960K, reserved 1048576K
}
Event: 23.631 GC heap after
{Heap after GC invocations=53 (full 0):
 garbage-first heap   total 244736K, used 160983K [0x0000000080000000, 0x0000000100000000)
  region size 1024K, 6 young (6144K), 6 survivors (6144K)
 Metaspace       used 119623K, committed 120512K, reserved 1179648K
  class space    used 16512K, committed 16960K, reserved 1048576K
}
Event: 23.970 GC heap before
{Heap before GC invocations=54 (full 0):
 garbage-first heap   total 296960K, used 191703K [0x0000000080000000, 0x0000000100000000)
  region size 1024K, 36 young (36864K), 6 survivors (6144K)
 Metaspace       used 120996K, committed 121856K, reserved 1179648K
  class space    used 16845K, committed 17280K, reserved 1048576K
}
Event: 23.990 GC heap after
{Heap after GC invocations=55 (full 0):
 garbage-first heap   total 296960K, used 172248K [0x0000000080000000, 0x0000000100000000)
  region size 1024K, 5 young (5120K), 5 survivors (5120K)
 Metaspace       used 120996K, committed 121856K, reserved 1179648K
  class space    used 16845K, committed 17280K, reserved 1048576K
}
Event: 24.033 GC heap before
{Heap before GC invocations=55 (full 0):
 garbage-first heap   total 296960K, used 181464K [0x0000000080000000, 0x0000000100000000)
  region size 1024K, 14 young (14336K), 5 survivors (5120K)
 Metaspace       used 121017K, committed 121856K, reserved 1179648K
  class space    used 16845K, committed 17280K, reserved 1048576K
}
Event: 24.045 GC heap after
{Heap after GC invocations=56 (full 0):
 garbage-first heap   total 296960K, used 177497K [0x0000000080000000, 0x0000000100000000)
  region size 1024K, 2 young (2048K), 2 survivors (2048K)
 Metaspace       used 121017K, committed 121856K, reserved 1179648K
  class space    used 16845K, committed 17280K, reserved 1048576K
}
Event: 24.387 GC heap before
{Heap before GC invocations=56 (full 0):
 garbage-first heap   total 296960K, used 227673K [0x0000000080000000, 0x0000000100000000)
  region size 1024K, 49 young (50176K), 2 survivors (2048K)
 Metaspace       used 121066K, committed 121920K, reserved 1179648K
  class space    used 16846K, committed 17280K, reserved 1048576K
}

