# JRE version: OpenJDK Runtime Environment (17.0.7) (build 17.0.7+0-b2043.56-10550314)
# Java VM: OpenJDK 64-Bit Server VM (17.0.7+0-b2043.56-10550314, mixed mode, tiered, compressed oops, compressed class ptrs, g1 gc, windows-amd64)
GC Precious Log:
 CPUs: 8 total, 8 available
 Memory: 7995M
 Large Page Support: Disabled
 NUMA Support: Disabled
 Compressed Oops: Enabled (32-bit)
 Heap Region Size: 1M
 Heap Min Capacity: 8M
 Heap Initial Capacity: 126M
 Heap Max Capacity: 2G
 Pre-touch: Disabled
 Parallel Workers: 8
 Concurrent Workers: 2
 Concurrent Refinement Workers: 8
 Periodic GC: Disabled
Heap:
 garbage-first heap   total 276480K, used 196100K [0x0000000080000000, 0x0000000100000000)
  region size 1024K, 6 young (6144K), 6 survivors (6144K)
 Metaspace       used 122172K, committed 123008K, reserved 1179648K
  class space    used 17029K, committed 17472K, reserved 1048576K
GC Heap History (20 events):
Event: 14.949 GC heap after
{Heap after GC invocations=41 (full 0):
 garbage-first heap   total 276480K, used 82596K [0x0000000080000000, 0x0000000100000000)
  region size 1024K, 2 young (2048K), 2 survivors (2048K)
 Metaspace       used 85468K, committed 86080K, reserved 1179648K
  class space    used 11674K, committed 11968K, reserved 1048576K
}
Event: 18.507 GC heap before
{Heap before GC invocations=41 (full 0):
 garbage-first heap   total 276480K, used 215716K [0x0000000080000000, 0x0000000100000000)
  region size 1024K, 132 young (135168K), 2 survivors (2048K)
 Metaspace       used 96449K, committed 97024K, reserved 1179648K
  class space    used 13282K, committed 13568K, reserved 1048576K
}
Event: 18.516 GC heap after
{Heap after GC invocations=42 (full 0):
 garbage-first heap   total 276480K, used 89288K [0x0000000080000000, 0x0000000100000000)
  region size 1024K, 8 young (8192K), 8 survivors (8192K)
 Metaspace       used 96449K, committed 97024K, reserved 1179648K
  class space    used 13282K, committed 13568K, reserved 1048576K
}
Event: 21.696 GC heap before
{Heap before GC invocations=42 (full 0):
 garbage-first heap   total 276480K, used 222408K [0x0000000080000000, 0x0000000100000000)
  region size 1024K, 134 young (137216K), 8 survivors (8192K)
 Metaspace       used 100837K, committed 101504K, reserved 1179648K
  class space    used 13824K, committed 14144K, reserved 1048576K
}
Event: 21.714 GC heap after
{Heap after GC invocations=43 (full 0):
 garbage-first heap   total 276480K, used 104138K [0x0000000080000000, 0x0000000100000000)
  region size 1024K, 17 young (17408K), 17 survivors (17408K)
 Metaspace       used 100837K, committed 101504K, reserved 1179648K
  class space    used 13824K, committed 14144K, reserved 1048576K
}
Event: 25.194 GC heap before
{Heap before GC invocations=43 (full 0):
 garbage-first heap   total 276480K, used 216778K [0x0000000080000000, 0x0000000100000000)
  region size 1024K, 128 young (131072K), 17 survivors (17408K)
 Metaspace       used 104781K, committed 105536K, reserved 1179648K
  class space    used 14294K, committed 14656K, reserved 1048576K
}
Event: 25.221 GC heap after
{Heap after GC invocations=44 (full 0):
 garbage-first heap   total 276480K, used 114381K [0x0000000080000000, 0x0000000100000000)
  region size 1024K, 10 young (10240K), 10 survivors (10240K)
 Metaspace       used 104781K, committed 105536K, reserved 1179648K
  class space    used 14294K, committed 14656K, reserved 1048576K
}
Event: 30.702 GC heap before
{Heap before GC invocations=44 (full 0):
 garbage-first heap   total 276480K, used 219853K [0x0000000080000000, 0x0000000100000000)
  region size 1024K, 114 young (116736K), 10 survivors (10240K)
 Metaspace       used 112047K, committed 112896K, reserved 1179648K
  class space    used 15343K, committed 15744K, reserved 1048576K
}
Event: 30.715 GC heap after
{Heap after GC invocations=45 (full 0):
 garbage-first heap   total 276480K, used 119284K [0x0000000080000000, 0x0000000100000000)
  region size 1024K, 6 young (6144K), 6 survivors (6144K)
 Metaspace       used 112047K, committed 112896K, reserved 1179648K
  class space    used 15343K, committed 15744K, reserved 1048576K
}
Event: 32.057 GC heap before
{Heap before GC invocations=45 (full 0):
 garbage-first heap   total 276480K, used 205300K [0x0000000080000000, 0x0000000100000000)
  region size 1024K, 71 young (72704K), 6 survivors (6144K)
 Metaspace       used 120902K, committed 121728K, reserved 1179648K
  class space    used 16746K, committed 17152K, reserved 1048576K
}
Event: 32.068 GC heap after
{Heap after GC invocations=46 (full 0):
 garbage-first heap   total 276480K, used 142837K [0x0000000080000000, 0x0000000100000000)
  region size 1024K, 8 young (8192K), 8 survivors (8192K)
 Metaspace       used 120902K, committed 121728K, reserved 1179648K
  class space    used 16746K, committed 17152K, reserved 1048576K
}
Event: 32.075 GC heap before
{Heap before GC invocations=46 (full 0):
 garbage-first heap   total 276480K, used 152053K [0x0000000080000000, 0x0000000100000000)
  region size 1024K, 9 young (9216K), 8 survivors (8192K)
 Metaspace       used 120902K, committed 121728K, reserved 1179648K
  class space    used 16746K, committed 17152K, reserved 1048576K
}
Event: 32.081 GC heap after
{Heap after GC invocations=47 (full 0):
 garbage-first heap   total 276480K, used 152297K [0x0000000080000000, 0x0000000100000000)
  region size 1024K, 4 young (4096K), 4 survivors (4096K)
 Metaspace       used 120902K, committed 121728K, reserved 1179648K
  class space    used 16746K, committed 17152K, reserved 1048576K
}
Event: 32.207 GC heap before
{Heap before GC invocations=47 (full 0):
 garbage-first heap   total 276480K, used 176873K [0x0000000080000000, 0x0000000100000000)
  region size 1024K, 20 young (20480K), 4 survivors (4096K)
 Metaspace       used 120973K, committed 121792K, reserved 1179648K
  class space    used 16751K, committed 17152K, reserved 1048576K
}
Event: 32.213 GC heap after
{Heap after GC invocations=48 (full 0):
 garbage-first heap   total 276480K, used 148614K [0x0000000080000000, 0x0000000100000000)
  region size 1024K, 10 young (10240K), 10 survivors (10240K)
 Metaspace       used 120973K, committed 121792K, reserved 1179648K
  class space    used 16751K, committed 17152K, reserved 1048576K
}
Event: 32.809 GC heap before
{Heap before GC invocations=49 (full 0):
 garbage-first heap   total 276480K, used 210054K [0x0000000080000000, 0x0000000100000000)
  region size 1024K, 67 young (68608K), 10 survivors (10240K)
 Metaspace       used 122118K, committed 123008K, reserved 1179648K
  class space    used 17028K, committed 17472K, reserved 1048576K
}
Event: 32.839 GC heap after
{Heap after GC invocations=50 (full 0):
 garbage-first heap   total 276480K, used 172361K [0x0000000080000000, 0x0000000100000000)
  region size 1024K, 9 young (9216K), 9 survivors (9216K)
 Metaspace       used 122118K, committed 123008K, reserved 1179648K
  class space    used 17028K, committed 17472K, reserved 1048576K
}
Event: 32.864 GC heap before
{Heap before GC invocations=50 (full 0):
 garbage-first heap   total 276480K, used 176457K [0x0000000080000000, 0x0000000100000000)
  region size 1024K, 13 young (13312K), 9 survivors (9216K)
 Metaspace       used 122129K, committed 123008K, reserved 1179648K
  class space    used 17028K, committed 17472K, reserved 1048576K
}
Event: 32.883 GC heap after
{Heap after GC invocations=51 (full 0):
 garbage-first heap   total 276480K, used 176112K [0x0000000080000000, 0x0000000100000000)
  region size 1024K, 2 young (2048K), 2 survivors (2048K)
 Metaspace       used 122129K, committed 123008K, reserved 1179648K
  class space    used 17028K, committed 17472K, reserved 1048576K
}
Event: 33.051 GC heap before
{Heap before GC invocations=51 (full 0):
 garbage-first heap   total 276480K, used 211952K [0x0000000080000000, 0x0000000100000000)
  region size 1024K, 39 young (39936K), 2 survivors (2048K)
 Metaspace       used 122172K, committed 123008K, reserved 1179648K
  class space    used 17029K, committed 17472K, reserved 1048576K
}

