# JRE version: OpenJDK Runtime Environment (17.0.7) (build 17.0.7+0-b2043.56-10550314)
# Java VM: OpenJDK 64-Bit Server VM (17.0.7+0-b2043.56-10550314, mixed mode, tiered, compressed oops, compressed class ptrs, g1 gc, windows-amd64)
GC Precious Log:
 CPUs: 8 total, 8 available
 Memory: 7995M
 Large Page Support: Disabled
 NUMA Support: Disabled
 Compressed Oops: Enabled (32-bit)
 Heap Region Size: 1M
 Heap Min Capacity: 8M
 Heap Initial Capacity: 126M
 Heap Max Capacity: 2000M
 Pre-touch: Disabled
 Parallel Workers: 8
 Concurrent Workers: 2
 Concurrent Refinement Workers: 8
 Periodic GC: Disabled
Heap:
 garbage-first heap   total 100352K, used 62333K [0x0000000083000000, 0x0000000100000000)
  region size 1024K, 15 young (15360K), 4 survivors (4096K)
 Metaspace       used 67815K, committed 68096K, reserved 1114112K
  class space    used 7892K, committed 8000K, reserved 1048576K
GC Heap History (20 events):
Event: 2.450 GC heap before
{Heap before GC invocations=9 (full 0):
 garbage-first heap   total 68608K, used 54620K [0x0000000083000000, 0x0000000100000000)
  region size 1024K, 39 young (39936K), 3 survivors (3072K)
 Metaspace       used 44231K, committed 44480K, reserved 1114112K
  class space    used 5460K, committed 5568K, reserved 1048576K
}
Event: 2.455 GC heap after
{Heap after GC invocations=10 (full 0):
 garbage-first heap   total 68608K, used 21461K [0x0000000083000000, 0x0000000100000000)
  region size 1024K, 5 young (5120K), 5 survivors (5120K)
 Metaspace       used 44231K, committed 44480K, reserved 1114112K
  class space    used 5460K, committed 5568K, reserved 1048576K
}
Event: 2.860 GC heap before
{Heap before GC invocations=10 (full 0):
 garbage-first heap   total 68608K, used 51157K [0x0000000083000000, 0x0000000100000000)
  region size 1024K, 31 young (31744K), 5 survivors (5120K)
 Metaspace       used 46550K, committed 46784K, reserved 1114112K
  class space    used 5702K, committed 5824K, reserved 1048576K
}
Event: 2.872 GC heap after
{Heap after GC invocations=11 (full 0):
 garbage-first heap   total 68608K, used 28959K [0x0000000083000000, 0x0000000100000000)
  region size 1024K, 4 young (4096K), 4 survivors (4096K)
 Metaspace       used 46550K, committed 46784K, reserved 1114112K
  class space    used 5702K, committed 5824K, reserved 1048576K
}
Event: 3.264 GC heap before
{Heap before GC invocations=11 (full 0):
 garbage-first heap   total 68608K, used 49439K [0x0000000083000000, 0x0000000100000000)
  region size 1024K, 24 young (24576K), 4 survivors (4096K)
 Metaspace       used 47621K, committed 47808K, reserved 1114112K
  class space    used 5817K, committed 5888K, reserved 1048576K
}
Event: 3.271 GC heap after
{Heap after GC invocations=12 (full 0):
 garbage-first heap   total 82944K, used 31300K [0x0000000083000000, 0x0000000100000000)
  region size 1024K, 2 young (2048K), 2 survivors (2048K)
 Metaspace       used 47621K, committed 47808K, reserved 1114112K
  class space    used 5817K, committed 5888K, reserved 1048576K
}
Event: 3.930 GC heap before
{Heap before GC invocations=12 (full 0):
 garbage-first heap   total 82944K, used 60996K [0x0000000083000000, 0x0000000100000000)
  region size 1024K, 31 young (31744K), 2 survivors (2048K)
 Metaspace       used 49764K, committed 50048K, reserved 1114112K
  class space    used 5966K, committed 6080K, reserved 1048576K
}
Event: 3.944 GC heap after
{Heap after GC invocations=13 (full 0):
 garbage-first heap   total 82944K, used 36568K [0x0000000083000000, 0x0000000100000000)
  region size 1024K, 4 young (4096K), 4 survivors (4096K)
 Metaspace       used 49764K, committed 50048K, reserved 1114112K
  class space    used 5966K, committed 6080K, reserved 1048576K
}
Event: 4.248 GC heap before
{Heap before GC invocations=13 (full 0):
 garbage-first heap   total 82944K, used 60120K [0x0000000083000000, 0x0000000100000000)
  region size 1024K, 28 young (28672K), 4 survivors (4096K)
 Metaspace       used 50520K, committed 50816K, reserved 1114112K
  class space    used 6025K, committed 6144K, reserved 1048576K
}
Event: 4.258 GC heap after
{Heap after GC invocations=14 (full 0):
 garbage-first heap   total 82944K, used 40558K [0x0000000083000000, 0x0000000100000000)
  region size 1024K, 4 young (4096K), 4 survivors (4096K)
 Metaspace       used 50520K, committed 50816K, reserved 1114112K
  class space    used 6025K, committed 6144K, reserved 1048576K
}
Event: 4.530 GC heap before
{Heap before GC invocations=14 (full 0):
 garbage-first heap   total 82944K, used 62062K [0x0000000083000000, 0x0000000100000000)
  region size 1024K, 26 young (26624K), 4 survivors (4096K)
 Metaspace       used 53094K, committed 53248K, reserved 1114112K
  class space    used 6329K, committed 6400K, reserved 1048576K
}
Event: 4.539 GC heap after
{Heap after GC invocations=15 (full 0):
 garbage-first heap   total 82944K, used 42227K [0x0000000083000000, 0x0000000100000000)
  region size 1024K, 2 young (2048K), 2 survivors (2048K)
 Metaspace       used 53094K, committed 53248K, reserved 1114112K
  class space    used 6329K, committed 6400K, reserved 1048576K
}
Event: 5.153 GC heap before
{Heap before GC invocations=15 (full 0):
 garbage-first heap   total 82944K, used 62707K [0x0000000083000000, 0x0000000100000000)
  region size 1024K, 23 young (23552K), 2 survivors (2048K)
 Metaspace       used 57205K, committed 57408K, reserved 1114112K
  class space    used 6811K, committed 6912K, reserved 1048576K
}
Event: 5.162 GC heap after
{Heap after GC invocations=16 (full 0):
 garbage-first heap   total 100352K, used 44903K [0x0000000083000000, 0x0000000100000000)
  region size 1024K, 3 young (3072K), 3 survivors (3072K)
 Metaspace       used 57205K, committed 57408K, reserved 1114112K
  class space    used 6811K, committed 6912K, reserved 1048576K
}
Event: 5.748 GC heap before
{Heap before GC invocations=17 (full 0):
 garbage-first heap   total 100352K, used 77671K [0x0000000083000000, 0x0000000100000000)
  region size 1024K, 35 young (35840K), 3 survivors (3072K)
 Metaspace       used 61992K, committed 62208K, reserved 1114112K
  class space    used 7299K, committed 7360K, reserved 1048576K
}
Event: 5.760 GC heap after
{Heap after GC invocations=18 (full 0):
 garbage-first heap   total 100352K, used 48784K [0x0000000083000000, 0x0000000100000000)
  region size 1024K, 4 young (4096K), 4 survivors (4096K)
 Metaspace       used 61992K, committed 62208K, reserved 1114112K
  class space    used 7299K, committed 7360K, reserved 1048576K
}
Event: 5.785 GC heap before
{Heap before GC invocations=18 (full 0):
 garbage-first heap   total 100352K, used 48784K [0x0000000083000000, 0x0000000100000000)
  region size 1024K, 5 young (5120K), 4 survivors (4096K)
 Metaspace       used 62256K, committed 62528K, reserved 1114112K
  class space    used 7338K, committed 7424K, reserved 1048576K
}
Event: 5.791 GC heap after
{Heap after GC invocations=19 (full 0):
 garbage-first heap   total 100352K, used 47943K [0x0000000083000000, 0x0000000100000000)
  region size 1024K, 1 young (1024K), 1 survivors (1024K)
 Metaspace       used 62256K, committed 62528K, reserved 1114112K
  class space    used 7338K, committed 7424K, reserved 1048576K
}
Event: 6.216 GC heap before
{Heap before GC invocations=19 (full 0):
 garbage-first heap   total 100352K, used 77639K [0x0000000083000000, 0x0000000100000000)
  region size 1024K, 30 young (30720K), 1 survivors (1024K)
 Metaspace       used 66177K, committed 66432K, reserved 1114112K
  class space    used 7716K, committed 7808K, reserved 1048576K
}
Event: 6.228 GC heap after
{Heap after GC invocations=20 (full 0):
 garbage-first heap   total 100352K, used 52093K [0x0000000083000000, 0x0000000100000000)
  region size 1024K, 4 young (4096K), 4 survivors (4096K)
 Metaspace       used 66177K, committed 66432K, reserved 1114112K
  class space    used 7716K, committed 7808K, reserved 1048576K
}

