# JRE version: OpenJDK Runtime Environment (17.0.7) (build 17.0.7+0-b2043.56-10550314)
# Java VM: OpenJDK 64-Bit Server VM (17.0.7+0-b2043.56-10550314, mixed mode, tiered, compressed oops, compressed class ptrs, g1 gc, windows-amd64)
GC Precious Log:
 CPUs: 8 total, 8 available
 Memory: 7995M
 Large Page Support: Disabled
 NUMA Support: Disabled
 Compressed Oops: Enabled (32-bit)
 Heap Region Size: 1M
 Heap Min Capacity: 8M
 Heap Initial Capacity: 126M
 Heap Max Capacity: 2G
 Pre-touch: Disabled
 Parallel Workers: 8
 Concurrent Workers: 2
 Concurrent Refinement Workers: 8
 Periodic GC: Disabled
Heap:
 garbage-first heap   total 393216K, used 242052K [0x0000000080000000, 0x0000000100000000)
  region size 1024K, 10 young (10240K), 10 survivors (10240K)
 Metaspace       used 113511K, committed 114304K, reserved 1179648K
  class space    used 15716K, committed 16064K, reserved 1048576K
GC Heap History (20 events):
Event: 9.802 GC heap after
{Heap after GC invocations=46 (full 0):
 garbage-first heap   total 317440K, used 98291K [0x0000000080000000, 0x0000000100000000)
  region size 1024K, 6 young (6144K), 6 survivors (6144K)
 Metaspace       used 97480K, committed 98176K, reserved 1179648K
  class space    used 13390K, committed 13696K, reserved 1048576K
}
Event: 10.834 GC heap before
{Heap before GC invocations=47 (full 0):
 garbage-first heap   total 317440K, used 239603K [0x0000000080000000, 0x0000000100000000)
  region size 1024K, 140 young (143360K), 6 survivors (6144K)
 Metaspace       used 101705K, committed 102464K, reserved 1179648K
  class space    used 13924K, committed 14272K, reserved 1048576K
}
Event: 10.847 GC heap after
{Heap after GC invocations=48 (full 0):
 garbage-first heap   total 317440K, used 109202K [0x0000000080000000, 0x0000000100000000)
  region size 1024K, 17 young (17408K), 17 survivors (17408K)
 Metaspace       used 101705K, committed 102464K, reserved 1179648K
  class space    used 13924K, committed 14272K, reserved 1048576K
}
Event: 11.886 GC heap before
{Heap before GC invocations=48 (full 0):
 garbage-first heap   total 317440K, used 283282K [0x0000000080000000, 0x0000000100000000)
  region size 1024K, 145 young (148480K), 17 survivors (17408K)
 Metaspace       used 106285K, committed 107072K, reserved 1179648K
  class space    used 14574K, committed 14976K, reserved 1048576K
}
Event: 11.908 GC heap after
{Heap after GC invocations=49 (full 0):
 garbage-first heap   total 321536K, used 149795K [0x0000000080000000, 0x0000000100000000)
  region size 1024K, 19 young (19456K), 19 survivors (19456K)
 Metaspace       used 106285K, committed 107072K, reserved 1179648K
  class space    used 14574K, committed 14976K, reserved 1048576K
}
Event: 12.596 GC heap before
{Heap before GC invocations=49 (full 0):
 garbage-first heap   total 321536K, used 253219K [0x0000000080000000, 0x0000000100000000)
  region size 1024K, 118 young (120832K), 19 survivors (19456K)
 Metaspace       used 109090K, committed 109824K, reserved 1179648K
  class space    used 15134K, committed 15488K, reserved 1048576K
}
Event: 12.653 GC heap after
{Heap after GC invocations=50 (full 0):
 garbage-first heap   total 321536K, used 193845K [0x0000000080000000, 0x0000000100000000)
  region size 1024K, 15 young (15360K), 15 survivors (15360K)
 Metaspace       used 109090K, committed 109824K, reserved 1179648K
  class space    used 15134K, committed 15488K, reserved 1048576K
}
Event: 13.049 GC heap before
{Heap before GC invocations=50 (full 0):
 garbage-first heap   total 321536K, used 245045K [0x0000000080000000, 0x0000000100000000)
  region size 1024K, 66 young (67584K), 15 survivors (15360K)
 Metaspace       used 111742K, committed 112512K, reserved 1179648K
  class space    used 15494K, committed 15872K, reserved 1048576K
}
Event: 13.087 GC heap after
{Heap after GC invocations=51 (full 0):
 garbage-first heap   total 321536K, used 209920K [0x0000000080000000, 0x0000000100000000)
  region size 1024K, 9 young (9216K), 9 survivors (9216K)
 Metaspace       used 111742K, committed 112512K, reserved 1179648K
  class space    used 15494K, committed 15872K, reserved 1048576K
}
Event: 13.529 GC heap before
{Heap before GC invocations=52 (full 0):
 garbage-first heap   total 386048K, used 252928K [0x0000000080000000, 0x0000000100000000)
  region size 1024K, 51 young (52224K), 9 survivors (9216K)
 Metaspace       used 112766K, committed 113536K, reserved 1179648K
  class space    used 15633K, committed 16000K, reserved 1048576K
}
Event: 13.545 GC heap after
{Heap after GC invocations=53 (full 0):
 garbage-first heap   total 386048K, used 216351K [0x0000000080000000, 0x0000000100000000)
  region size 1024K, 5 young (5120K), 5 survivors (5120K)
 Metaspace       used 112766K, committed 113536K, reserved 1179648K
  class space    used 15633K, committed 16000K, reserved 1048576K
}
Event: 13.743 GC heap before
{Heap before GC invocations=53 (full 0):
 garbage-first heap   total 386048K, used 235807K [0x0000000080000000, 0x0000000100000000)
  region size 1024K, 18 young (18432K), 5 survivors (5120K)
 Metaspace       used 112776K, committed 113536K, reserved 1179648K
  class space    used 15633K, committed 16000K, reserved 1048576K
}
Event: 13.753 GC heap after
{Heap after GC invocations=54 (full 0):
 garbage-first heap   total 386048K, used 224147K [0x0000000080000000, 0x0000000100000000)
  region size 1024K, 2 young (2048K), 2 survivors (2048K)
 Metaspace       used 112776K, committed 113536K, reserved 1179648K
  class space    used 15633K, committed 16000K, reserved 1048576K
}
Event: 14.073 GC heap before
{Heap before GC invocations=54 (full 0):
 garbage-first heap   total 386048K, used 238483K [0x0000000080000000, 0x0000000100000000)
  region size 1024K, 18 young (18432K), 2 survivors (2048K)
 Metaspace       used 112973K, committed 113664K, reserved 1179648K
  class space    used 15654K, committed 16000K, reserved 1048576K
}
Event: 14.082 GC heap after
{Heap after GC invocations=55 (full 0):
 garbage-first heap   total 386048K, used 225196K [0x0000000080000000, 0x0000000100000000)
  region size 1024K, 3 young (3072K), 3 survivors (3072K)
 Metaspace       used 112973K, committed 113664K, reserved 1179648K
  class space    used 15654K, committed 16000K, reserved 1048576K
}
Event: 15.175 GC heap before
{Heap before GC invocations=56 (full 0):
 garbage-first heap   total 393216K, used 304044K [0x0000000080000000, 0x0000000100000000)
  region size 1024K, 79 young (80896K), 3 survivors (3072K)
 Metaspace       used 113501K, committed 114240K, reserved 1179648K
  class space    used 15715K, committed 16064K, reserved 1048576K
}
Event: 15.187 GC heap after
{Heap after GC invocations=57 (full 0):
 garbage-first heap   total 393216K, used 234437K [0x0000000080000000, 0x0000000100000000)
  region size 1024K, 10 young (10240K), 10 survivors (10240K)
 Metaspace       used 113501K, committed 114240K, reserved 1179648K
  class space    used 15715K, committed 16064K, reserved 1048576K
}
Event: 15.217 GC heap before
{Heap before GC invocations=57 (full 0):
 garbage-first heap   total 393216K, used 243653K [0x0000000080000000, 0x0000000100000000)
  region size 1024K, 19 young (19456K), 10 survivors (10240K)
 Metaspace       used 113501K, committed 114240K, reserved 1179648K
  class space    used 15715K, committed 16064K, reserved 1048576K
}
Event: 15.228 GC heap after
{Heap after GC invocations=58 (full 0):
 garbage-first heap   total 393216K, used 235547K [0x0000000080000000, 0x0000000100000000)
  region size 1024K, 3 young (3072K), 3 survivors (3072K)
 Metaspace       used 113501K, committed 114240K, reserved 1179648K
  class space    used 15715K, committed 16064K, reserved 1048576K
}
Event: 15.412 GC heap before
{Heap before GC invocations=58 (full 0):
 garbage-first heap   total 393216K, used 262171K [0x0000000080000000, 0x0000000100000000)
  region size 1024K, 30 young (30720K), 3 survivors (3072K)
 Metaspace       used 113511K, committed 114304K, reserved 1179648K
  class space    used 15716K, committed 16064K, reserved 1048576K
}

