# JRE version: OpenJDK Runtime Environment (17.0.7) (build 17.0.7+0-b2043.56-10550314)
# Java VM: OpenJDK 64-Bit Server VM (17.0.7+0-b2043.56-10550314, mixed mode, tiered, compressed oops, compressed class ptrs, g1 gc, windows-amd64)
GC Precious Log:
 CPUs: 8 total, 8 available
 Memory: 7995M
 Large Page Support: Disabled
 NUMA Support: Disabled
 Compressed Oops: Enabled (32-bit)
 Heap Region Size: 1M
 Heap Min Capacity: 8M
 Heap Initial Capacity: 126M
 Heap Max Capacity: 2G
 Pre-touch: Disabled
 Parallel Workers: 8
 Concurrent Workers: 2
 Concurrent Refinement Workers: 8
 Periodic GC: Disabled
Heap:
 garbage-first heap   total 398336K, used 238110K [0x0000000080000000, 0x0000000100000000)
  region size 1024K, 2 young (2048K), 2 survivors (2048K)
 Metaspace       used 186059K, committed 187008K, reserved 1245184K
  class space    used 24650K, committed 25152K, reserved 1048576K
GC Heap History (20 events):
Event: 58.597 GC heap after
{Heap after GC invocations=69 (full 0):
 garbage-first heap   total 339968K, used 202393K [0x0000000080000000, 0x0000000100000000)
  region size 1024K, 5 young (5120K), 5 survivors (5120K)
 Metaspace       used 167753K, committed 168640K, reserved 1245184K
  class space    used 21676K, committed 22144K, reserved 1048576K
}
Event: 59.997 GC heap before
{Heap before GC invocations=69 (full 0):
 garbage-first heap   total 339968K, used 276121K [0x0000000080000000, 0x0000000100000000)
  region size 1024K, 78 young (79872K), 5 survivors (5120K)
 Metaspace       used 170249K, committed 171200K, reserved 1245184K
  class space    used 21975K, committed 22464K, reserved 1048576K
}
Event: 60.006 GC heap after
{Heap after GC invocations=70 (full 0):
 garbage-first heap   total 339968K, used 203472K [0x0000000080000000, 0x0000000100000000)
  region size 1024K, 6 young (6144K), 6 survivors (6144K)
 Metaspace       used 170249K, committed 171200K, reserved 1245184K
  class space    used 21975K, committed 22464K, reserved 1048576K
}
Event: 61.853 GC heap before
{Heap before GC invocations=71 (full 0):
 garbage-first heap   total 339968K, used 261840K [0x0000000080000000, 0x0000000100000000)
  region size 1024K, 81 young (82944K), 6 survivors (6144K)
 Metaspace       used 171968K, committed 172864K, reserved 1245184K
  class space    used 22257K, committed 22720K, reserved 1048576K
}
Event: 61.860 GC heap after
{Heap after GC invocations=72 (full 0):
 garbage-first heap   total 339968K, used 192052K [0x0000000080000000, 0x0000000100000000)
  region size 1024K, 11 young (11264K), 11 survivors (11264K)
 Metaspace       used 171968K, committed 172864K, reserved 1245184K
  class space    used 22257K, committed 22720K, reserved 1048576K
}
Event: 61.886 GC heap before
{Heap before GC invocations=72 (full 0):
 garbage-first heap   total 339968K, used 196148K [0x0000000080000000, 0x0000000100000000)
  region size 1024K, 16 young (16384K), 11 survivors (11264K)
 Metaspace       used 171997K, committed 172928K, reserved 1245184K
  class space    used 22264K, committed 22720K, reserved 1048576K
}
Event: 61.893 GC heap after
{Heap after GC invocations=73 (full 0):
 garbage-first heap   total 339968K, used 180464K [0x0000000080000000, 0x0000000100000000)
  region size 1024K, 2 young (2048K), 2 survivors (2048K)
 Metaspace       used 171997K, committed 172928K, reserved 1245184K
  class space    used 22264K, committed 22720K, reserved 1048576K
}
Event: 62.844 GC heap before
{Heap before GC invocations=73 (full 0):
 garbage-first heap   total 339968K, used 277744K [0x0000000080000000, 0x0000000100000000)
  region size 1024K, 98 young (100352K), 2 survivors (2048K)
 Metaspace       used 176798K, committed 177728K, reserved 1245184K
  class space    used 22984K, committed 23424K, reserved 1048576K
}
Event: 62.856 GC heap after
{Heap after GC invocations=74 (full 0):
 garbage-first heap   total 339968K, used 194876K [0x0000000080000000, 0x0000000100000000)
  region size 1024K, 13 young (13312K), 13 survivors (13312K)
 Metaspace       used 176798K, committed 177728K, reserved 1245184K
  class space    used 22984K, committed 23424K, reserved 1048576K
}
Event: 63.157 GC heap before
{Heap before GC invocations=74 (full 0):
 garbage-first heap   total 339968K, used 276796K [0x0000000080000000, 0x0000000100000000)
  region size 1024K, 94 young (96256K), 13 survivors (13312K)
 Metaspace       used 179507K, committed 180480K, reserved 1245184K
  class space    used 23414K, committed 23872K, reserved 1048576K
}
Event: 63.178 GC heap after
{Heap after GC invocations=75 (full 0):
 garbage-first heap   total 339968K, used 207872K [0x0000000080000000, 0x0000000100000000)
  region size 1024K, 12 young (12288K), 12 survivors (12288K)
 Metaspace       used 179507K, committed 180480K, reserved 1245184K
  class space    used 23414K, committed 23872K, reserved 1048576K
}
Event: 63.328 GC heap before
{Heap before GC invocations=75 (full 0):
 garbage-first heap   total 339968K, used 277504K [0x0000000080000000, 0x0000000100000000)
  region size 1024K, 81 young (82944K), 12 survivors (12288K)
 Metaspace       used 181638K, committed 182592K, reserved 1245184K
  class space    used 23820K, committed 24256K, reserved 1048576K
}
Event: 63.348 GC heap after
{Heap after GC invocations=76 (full 0):
 garbage-first heap   total 339968K, used 219224K [0x0000000080000000, 0x0000000100000000)
  region size 1024K, 11 young (11264K), 11 survivors (11264K)
 Metaspace       used 181638K, committed 182592K, reserved 1245184K
  class space    used 23820K, committed 24256K, reserved 1048576K
}
Event: 63.452 GC heap before
{Heap before GC invocations=76 (full 0):
 garbage-first heap   total 339968K, used 280664K [0x0000000080000000, 0x0000000100000000)
  region size 1024K, 71 young (72704K), 11 survivors (11264K)
 Metaspace       used 182269K, committed 183232K, reserved 1245184K
  class space    used 23920K, committed 24384K, reserved 1048576K
}
Event: 63.469 GC heap after
{Heap after GC invocations=77 (full 0):
 garbage-first heap   total 339968K, used 228916K [0x0000000080000000, 0x0000000100000000)
  region size 1024K, 9 young (9216K), 9 survivors (9216K)
 Metaspace       used 182269K, committed 183232K, reserved 1245184K
  class space    used 23920K, committed 24384K, reserved 1048576K
}
Event: 63.572 GC heap before
{Heap before GC invocations=77 (full 0):
 garbage-first heap   total 339968K, used 282164K [0x0000000080000000, 0x0000000100000000)
  region size 1024K, 62 young (63488K), 9 survivors (9216K)
 Metaspace       used 183202K, committed 184192K, reserved 1245184K
  class space    used 24122K, committed 24640K, reserved 1048576K
}
Event: 63.587 GC heap after
{Heap after GC invocations=78 (full 0):
 garbage-first heap   total 339968K, used 237834K [0x0000000080000000, 0x0000000100000000)
  region size 1024K, 8 young (8192K), 8 survivors (8192K)
 Metaspace       used 183202K, committed 184192K, reserved 1245184K
  class space    used 24122K, committed 24640K, reserved 1048576K
}
Event: 63.812 GC heap before
{Heap before GC invocations=79 (full 0):
 garbage-first heap   total 398336K, used 282890K [0x0000000080000000, 0x0000000100000000)
  region size 1024K, 55 young (56320K), 8 survivors (8192K)
 Metaspace       used 185214K, committed 186176K, reserved 1245184K
  class space    used 24478K, committed 24960K, reserved 1048576K
}
Event: 63.822 GC heap after
{Heap after GC invocations=80 (full 0):
 garbage-first heap   total 398336K, used 241936K [0x0000000080000000, 0x0000000100000000)
  region size 1024K, 6 young (6144K), 6 survivors (6144K)
 Metaspace       used 185214K, committed 186176K, reserved 1245184K
  class space    used 24478K, committed 24960K, reserved 1048576K
}
Event: 63.887 GC heap before
{Heap before GC invocations=80 (full 0):
 garbage-first heap   total 398336K, used 255248K [0x0000000080000000, 0x0000000100000000)
  region size 1024K, 19 young (19456K), 6 survivors (6144K)
 Metaspace       used 186059K, committed 187008K, reserved 1245184K
  class space    used 24650K, committed 25152K, reserved 1048576K
}

