# JRE version: OpenJDK Runtime Environment (17.0.7) (build 17.0.7+0-b2043.56-10550314)
# Java VM: OpenJDK 64-Bit Server VM (17.0.7+0-b2043.56-10550314, mixed mode, tiered, compressed oops, compressed class ptrs, g1 gc, windows-amd64)
GC Precious Log:
 CPUs: 8 total, 8 available
 Memory: 7995M
 Large Page Support: Disabled
 NUMA Support: Disabled
 Compressed Oops: Enabled (32-bit)
 Heap Region Size: 1M
 Heap Min Capacity: 8M
 Heap Initial Capacity: 126M
 Heap Max Capacity: 2000M
 Pre-touch: Disabled
 Parallel Workers: 8
 Concurrent Workers: 2
 Concurrent Refinement Workers: 8
 Periodic GC: Disabled
Heap:
 garbage-first heap   total 68608K, used 26793K [0x0000000083000000, 0x0000000100000000)
  region size 1024K, 4 young (4096K), 4 survivors (4096K)
 Metaspace       used 46527K, committed 46720K, reserved 1114112K
  class space    used 5702K, committed 5824K, reserved 1048576K
GC Heap History (19 events):
Event: 0.437 GC heap before
{Heap before GC invocations=0 (full 0):
 garbage-first heap   total 129024K, used 27648K [0x0000000083000000, 0x0000000100000000)
  region size 1024K, 23 young (23552K), 0 survivors (0K)
 Metaspace       used 13345K, committed 13440K, reserved 1114112K
  class space    used 1289K, committed 1344K, reserved 1048576K
}
Event: 0.440 GC heap after
{Heap after GC invocations=1 (full 0):
 garbage-first heap   total 129024K, used 6826K [0x0000000083000000, 0x0000000100000000)
  region size 1024K, 3 young (3072K), 3 survivors (3072K)
 Metaspace       used 13345K, committed 13440K, reserved 1114112K
  class space    used 1289K, committed 1344K, reserved 1048576K
}
Event: 0.904 GC heap before
{Heap before GC invocations=1 (full 0):
 garbage-first heap   total 129024K, used 37546K [0x0000000083000000, 0x0000000100000000)
  region size 1024K, 34 young (34816K), 3 survivors (3072K)
 Metaspace       used 21330K, committed 21504K, reserved 1114112K
  class space    used 2322K, committed 2432K, reserved 1048576K
}
Event: 0.910 GC heap after
{Heap after GC invocations=2 (full 0):
 garbage-first heap   total 129024K, used 10362K [0x0000000083000000, 0x0000000100000000)
  region size 1024K, 4 young (4096K), 4 survivors (4096K)
 Metaspace       used 21330K, committed 21504K, reserved 1114112K
  class space    used 2322K, committed 2432K, reserved 1048576K
}
Event: 1.244 GC heap before
{Heap before GC invocations=3 (full 0):
 garbage-first heap   total 40960K, used 31866K [0x0000000083000000, 0x0000000100000000)
  region size 1024K, 26 young (26624K), 4 survivors (4096K)
 Metaspace       used 28641K, committed 28800K, reserved 1114112K
  class space    used 3548K, committed 3648K, reserved 1048576K
}
Event: 1.249 GC heap after
{Heap after GC invocations=4 (full 0):
 garbage-first heap   total 40960K, used 11714K [0x0000000083000000, 0x0000000100000000)
  region size 1024K, 2 young (2048K), 2 survivors (2048K)
 Metaspace       used 28641K, committed 28800K, reserved 1114112K
  class space    used 3548K, committed 3648K, reserved 1048576K
}
Event: 1.264 GC heap before
{Heap before GC invocations=4 (full 0):
 garbage-first heap   total 40960K, used 12738K [0x0000000083000000, 0x0000000100000000)
  region size 1024K, 3 young (3072K), 2 survivors (2048K)
 Metaspace       used 28769K, committed 29056K, reserved 1114112K
  class space    used 3548K, committed 3648K, reserved 1048576K
}
Event: 1.268 GC heap after
{Heap after GC invocations=5 (full 0):
 garbage-first heap   total 40960K, used 12300K [0x0000000083000000, 0x0000000100000000)
  region size 1024K, 1 young (1024K), 1 survivors (1024K)
 Metaspace       used 28769K, committed 29056K, reserved 1114112K
  class space    used 3548K, committed 3648K, reserved 1048576K
}
Event: 1.453 GC heap before
{Heap before GC invocations=5 (full 0):
 garbage-first heap   total 40960K, used 32780K [0x0000000083000000, 0x0000000100000000)
  region size 1024K, 19 young (19456K), 1 survivors (1024K)
 Metaspace       used 31207K, committed 31360K, reserved 1114112K
  class space    used 4036K, committed 4096K, reserved 1048576K
}
Event: 1.460 GC heap after
{Heap after GC invocations=6 (full 0):
 garbage-first heap   total 40960K, used 18010K [0x0000000083000000, 0x0000000100000000)
  region size 1024K, 3 young (3072K), 3 survivors (3072K)
 Metaspace       used 31207K, committed 31360K, reserved 1114112K
  class space    used 4036K, committed 4096K, reserved 1048576K
}
Event: 1.611 GC heap before
{Heap before GC invocations=6 (full 0):
 garbage-first heap   total 40960K, used 31322K [0x0000000083000000, 0x0000000100000000)
  region size 1024K, 16 young (16384K), 3 survivors (3072K)
 Metaspace       used 34351K, committed 34560K, reserved 1114112K
  class space    used 4380K, committed 4480K, reserved 1048576K
}
Event: 1.617 GC heap after
{Heap after GC invocations=7 (full 0):
 garbage-first heap   total 73728K, used 17429K [0x0000000083000000, 0x0000000100000000)
  region size 1024K, 2 young (2048K), 2 survivors (2048K)
 Metaspace       used 34351K, committed 34560K, reserved 1114112K
  class space    used 4380K, committed 4480K, reserved 1048576K
}
Event: 1.696 GC heap before
{Heap before GC invocations=7 (full 0):
 garbage-first heap   total 73728K, used 24597K [0x0000000083000000, 0x0000000100000000)
  region size 1024K, 10 young (10240K), 2 survivors (2048K)
 Metaspace       used 35765K, committed 35968K, reserved 1114112K
  class space    used 4534K, committed 4672K, reserved 1048576K
}
Event: 1.700 GC heap after
{Heap after GC invocations=8 (full 0):
 garbage-first heap   total 73728K, used 18211K [0x0000000083000000, 0x0000000100000000)
  region size 1024K, 3 young (3072K), 3 survivors (3072K)
 Metaspace       used 35765K, committed 35968K, reserved 1114112K
  class space    used 4534K, committed 4672K, reserved 1048576K
}
Event: 2.081 GC heap before
{Heap before GC invocations=9 (full 0):
 garbage-first heap   total 68608K, used 49955K [0x0000000083000000, 0x0000000100000000)
  region size 1024K, 34 young (34816K), 3 survivors (3072K)
 Metaspace       used 42738K, committed 43008K, reserved 1114112K
  class space    used 5250K, committed 5376K, reserved 1048576K
}
Event: 2.089 GC heap after
{Heap after GC invocations=10 (full 0):
 garbage-first heap   total 68608K, used 20774K [0x0000000083000000, 0x0000000100000000)
  region size 1024K, 5 young (5120K), 5 survivors (5120K)
 Metaspace       used 42738K, committed 43008K, reserved 1114112K
  class space    used 5250K, committed 5376K, reserved 1048576K
}
Event: 2.109 GC heap before
{Heap before GC invocations=10 (full 0):
 garbage-first heap   total 68608K, used 21798K [0x0000000083000000, 0x0000000100000000)
  region size 1024K, 6 young (6144K), 5 survivors (5120K)
 Metaspace       used 43033K, committed 43200K, reserved 1114112K
  class space    used 5289K, committed 5376K, reserved 1048576K
}
Event: 2.116 GC heap after
{Heap after GC invocations=11 (full 0):
 garbage-first heap   total 68608K, used 20346K [0x0000000083000000, 0x0000000100000000)
  region size 1024K, 1 young (1024K), 1 survivors (1024K)
 Metaspace       used 43033K, committed 43200K, reserved 1114112K
  class space    used 5289K, committed 5376K, reserved 1048576K
}
Event: 2.445 GC heap before
{Heap before GC invocations=11 (full 0):
 garbage-first heap   total 68608K, used 51066K [0x0000000083000000, 0x0000000100000000)
  region size 1024K, 28 young (28672K), 1 survivors (1024K)
 Metaspace       used 46527K, committed 46720K, reserved 1114112K
  class space    used 5702K, committed 5824K, reserved 1048576K
}

