# JRE version: OpenJDK Runtime Environment (17.0.7) (build 17.0.7+0-b2043.56-10550314)
# Java VM: OpenJDK 64-Bit Server VM (17.0.7+0-b2043.56-10550314, mixed mode, tiered, compressed oops, compressed class ptrs, g1 gc, windows-amd64)
GC Precious Log:
 CPUs: 8 total, 8 available
 Memory: 7995M
 Large Page Support: Disabled
 NUMA Support: Disabled
 Compressed Oops: Enabled (32-bit)
 Heap Region Size: 1M
 Heap Min Capacity: 8M
 Heap Initial Capacity: 126M
 Heap Max Capacity: 2G
 Pre-touch: Disabled
 Parallel Workers: 8
 Concurrent Workers: 2
 Concurrent Refinement Workers: 8
 Periodic GC: Disabled
Heap:
 garbage-first heap   total 373760K, used 291648K [0x0000000080000000, 0x0000000100000000)
  region size 1024K, 43 young (44032K), 2 survivors (2048K)
 Metaspace       used 122479K, committed 123328K, reserved 1179648K
  class space    used 16988K, committed 17408K, reserved 1048576K
GC Heap History (20 events):
Event: 34.536 GC heap before
{Heap before GC invocations=66 (full 0):
 garbage-first heap   total 227328K, used 185590K [0x0000000080000000, 0x0000000100000000)
  region size 1024K, 70 young (71680K), 4 survivors (4096K)
 Metaspace       used 119604K, committed 120448K, reserved 1179648K
  class space    used 16544K, committed 16960K, reserved 1048576K
}
Event: 34.540 GC heap after
{Heap after GC invocations=67 (full 0):
 garbage-first heap   total 227328K, used 120318K [0x0000000080000000, 0x0000000100000000)
  region size 1024K, 5 young (5120K), 5 survivors (5120K)
 Metaspace       used 119604K, committed 120448K, reserved 1179648K
  class space    used 16544K, committed 16960K, reserved 1048576K
}
Event: 34.604 GC heap before
{Heap before GC invocations=67 (full 0):
 garbage-first heap   total 227328K, used 135678K [0x0000000080000000, 0x0000000100000000)
  region size 1024K, 11 young (11264K), 5 survivors (5120K)
 Metaspace       used 120028K, committed 120896K, reserved 1179648K
  class space    used 16618K, committed 17024K, reserved 1048576K
}
Event: 34.608 GC heap after
{Heap after GC invocations=68 (full 0):
 garbage-first heap   total 227328K, used 131655K [0x0000000080000000, 0x0000000100000000)
  region size 1024K, 2 young (2048K), 2 survivors (2048K)
 Metaspace       used 120028K, committed 120896K, reserved 1179648K
  class space    used 16618K, committed 17024K, reserved 1048576K
}
Event: 34.926 GC heap before
{Heap before GC invocations=68 (full 0):
 garbage-first heap   total 227328K, used 217671K [0x0000000080000000, 0x0000000100000000)
  region size 1024K, 54 young (55296K), 2 survivors (2048K)
 Metaspace       used 120618K, committed 121472K, reserved 1179648K
  class space    used 16743K, committed 17152K, reserved 1048576K
}
Event: 34.946 GC heap after
{Heap after GC invocations=69 (full 0):
 garbage-first heap   total 241664K, used 163231K [0x0000000080000000, 0x0000000100000000)
  region size 1024K, 8 young (8192K), 8 survivors (8192K)
 Metaspace       used 120618K, committed 121472K, reserved 1179648K
  class space    used 16743K, committed 17152K, reserved 1048576K
}
Event: 35.187 GC heap before
{Heap before GC invocations=69 (full 0):
 garbage-first heap   total 241664K, used 197023K [0x0000000080000000, 0x0000000100000000)
  region size 1024K, 42 young (43008K), 8 survivors (8192K)
 Metaspace       used 121642K, committed 122432K, reserved 1179648K
  class space    used 16945K, committed 17344K, reserved 1048576K
}
Event: 35.204 GC heap after
{Heap after GC invocations=70 (full 0):
 garbage-first heap   total 241664K, used 178777K [0x0000000080000000, 0x0000000100000000)
  region size 1024K, 6 young (6144K), 6 survivors (6144K)
 Metaspace       used 121642K, committed 122432K, reserved 1179648K
  class space    used 16945K, committed 17344K, reserved 1048576K
}
Event: 35.307 GC heap before
{Heap before GC invocations=70 (full 0):
 garbage-first heap   total 241664K, used 199257K [0x0000000080000000, 0x0000000100000000)
  region size 1024K, 26 young (26624K), 6 survivors (6144K)
 Metaspace       used 121708K, committed 122496K, reserved 1179648K
  class space    used 16945K, committed 17344K, reserved 1048576K
}
Event: 35.323 GC heap after
{Heap after GC invocations=71 (full 0):
 garbage-first heap   total 373760K, used 190126K [0x0000000080000000, 0x0000000100000000)
  region size 1024K, 4 young (4096K), 4 survivors (4096K)
 Metaspace       used 121708K, committed 122496K, reserved 1179648K
  class space    used 16945K, committed 17344K, reserved 1048576K
}
Event: 35.799 GC heap before
{Heap before GC invocations=72 (full 0):
 garbage-first heap   total 373760K, used 274094K [0x0000000080000000, 0x0000000100000000)
  region size 1024K, 83 young (84992K), 4 survivors (4096K)
 Metaspace       used 121933K, committed 122752K, reserved 1179648K
  class space    used 16964K, committed 17344K, reserved 1048576K
}
Event: 35.819 GC heap after
{Heap after GC invocations=73 (full 0):
 garbage-first heap   total 373760K, used 219040K [0x0000000080000000, 0x0000000100000000)
  region size 1024K, 11 young (11264K), 11 survivors (11264K)
 Metaspace       used 121933K, committed 122752K, reserved 1179648K
  class space    used 16964K, committed 17344K, reserved 1048576K
}
Event: 35.890 GC heap before
{Heap before GC invocations=73 (full 0):
 garbage-first heap   total 373760K, used 225184K [0x0000000080000000, 0x0000000100000000)
  region size 1024K, 18 young (18432K), 11 survivors (11264K)
 Metaspace       used 122031K, committed 122816K, reserved 1179648K
  class space    used 16971K, committed 17344K, reserved 1048576K
}
Event: 35.904 GC heap after
{Heap after GC invocations=74 (full 0):
 garbage-first heap   total 373760K, used 222409K [0x0000000080000000, 0x0000000100000000)
  region size 1024K, 3 young (3072K), 3 survivors (3072K)
 Metaspace       used 122031K, committed 122816K, reserved 1179648K
  class space    used 16971K, committed 17344K, reserved 1048576K
}
Event: 36.629 GC heap before
{Heap before GC invocations=74 (full 0):
 garbage-first heap   total 373760K, used 299209K [0x0000000080000000, 0x0000000100000000)
  region size 1024K, 63 young (64512K), 3 survivors (3072K)
 Metaspace       used 122247K, committed 123008K, reserved 1179648K
  class space    used 16978K, committed 17344K, reserved 1048576K
}
Event: 36.638 GC heap after
{Heap after GC invocations=75 (full 0):
 garbage-first heap   total 373760K, used 241865K [0x0000000080000000, 0x0000000100000000)
  region size 1024K, 6 young (6144K), 6 survivors (6144K)
 Metaspace       used 122247K, committed 123008K, reserved 1179648K
  class space    used 16978K, committed 17344K, reserved 1048576K
}
Event: 36.985 GC heap before
{Heap before GC invocations=75 (full 0):
 garbage-first heap   total 373760K, used 302281K [0x0000000080000000, 0x0000000100000000)
  region size 1024K, 59 young (60416K), 6 survivors (6144K)
 Metaspace       used 122363K, committed 123200K, reserved 1179648K
  class space    used 16989K, committed 17408K, reserved 1048576K
}
Event: 36.999 GC heap after
{Heap after GC invocations=76 (full 0):
 garbage-first heap   total 373760K, used 257664K [0x0000000080000000, 0x0000000100000000)
  region size 1024K, 8 young (8192K), 8 survivors (8192K)
 Metaspace       used 122363K, committed 123200K, reserved 1179648K
  class space    used 16989K, committed 17408K, reserved 1048576K
}
Event: 37.130 GC heap before
{Heap before GC invocations=76 (full 0):
 garbage-first heap   total 373760K, used 284288K [0x0000000080000000, 0x0000000100000000)
  region size 1024K, 36 young (36864K), 8 survivors (8192K)
 Metaspace       used 122368K, committed 123200K, reserved 1179648K
  class space    used 16989K, committed 17408K, reserved 1048576K
}
Event: 37.134 GC heap after
{Heap after GC invocations=77 (full 0):
 garbage-first heap   total 373760K, used 254784K [0x0000000080000000, 0x0000000100000000)
  region size 1024K, 2 young (2048K), 2 survivors (2048K)
 Metaspace       used 122368K, committed 123200K, reserved 1179648K
  class space    used 16989K, committed 17408K, reserved 1048576K
}

