# JRE version: OpenJDK Runtime Environment (17.0.7) (build 17.0.7+0-b2043.56-10550314)
# Java VM: OpenJDK 64-Bit Server VM (17.0.7+0-b2043.56-10550314, mixed mode, tiered, compressed oops, compressed class ptrs, g1 gc, windows-amd64)
GC Precious Log:
 CPUs: 8 total, 8 available
 Memory: 7995M
 Large Page Support: Disabled
 NUMA Support: Disabled
 Compressed Oops: Enabled (32-bit)
 Heap Region Size: 1M
 Heap Min Capacity: 8M
 Heap Initial Capacity: 126M
 Heap Max Capacity: 2000M
 Pre-touch: Disabled
 Parallel Workers: 8
 Concurrent Workers: 2
 Concurrent Refinement Workers: 8
 Periodic GC: Disabled
Heap:
 garbage-first heap   total 164864K, used 55385K [0x0000000083000000, 0x0000000100000000)
  region size 1024K, 7 young (7168K), 1 survivors (1024K)
 Metaspace       used 68187K, committed 68416K, reserved 1114112K
  class space    used 7868K, committed 7936K, reserved 1048576K
GC Heap History (20 events):
Event: 1.608 GC heap before
{Heap before GC invocations=6 (full 0):
 garbage-first heap   total 40960K, used 31285K [0x0000000083000000, 0x0000000100000000)
  region size 1024K, 16 young (16384K), 3 survivors (3072K)
 Metaspace       used 34377K, committed 34560K, reserved 1114112K
  class space    used 4380K, committed 4480K, reserved 1048576K
}
Event: 1.614 GC heap after
{Heap after GC invocations=7 (full 0):
 garbage-first heap   total 81920K, used 17792K [0x0000000083000000, 0x0000000100000000)
  region size 1024K, 2 young (2048K), 2 survivors (2048K)
 Metaspace       used 34377K, committed 34560K, reserved 1114112K
  class space    used 4380K, committed 4480K, reserved 1048576K
}
Event: 1.695 GC heap before
{Heap before GC invocations=7 (full 0):
 garbage-first heap   total 81920K, used 24960K [0x0000000083000000, 0x0000000100000000)
  region size 1024K, 10 young (10240K), 2 survivors (2048K)
 Metaspace       used 35767K, committed 35968K, reserved 1114112K
  class space    used 4534K, committed 4672K, reserved 1048576K
}
Event: 1.698 GC heap after
{Heap after GC invocations=8 (full 0):
 garbage-first heap   total 81920K, used 18400K [0x0000000083000000, 0x0000000100000000)
  region size 1024K, 3 young (3072K), 3 survivors (3072K)
 Metaspace       used 35767K, committed 35968K, reserved 1114112K
  class space    used 4534K, committed 4672K, reserved 1048576K
}
Event: 2.148 GC heap before
{Heap before GC invocations=9 (full 0):
 garbage-first heap   total 68608K, used 54240K [0x0000000083000000, 0x0000000100000000)
  region size 1024K, 39 young (39936K), 3 survivors (3072K)
 Metaspace       used 44127K, committed 44416K, reserved 1114112K
  class space    used 5449K, committed 5568K, reserved 1048576K
}
Event: 2.155 GC heap after
{Heap after GC invocations=10 (full 0):
 garbage-first heap   total 68608K, used 21169K [0x0000000083000000, 0x0000000100000000)
  region size 1024K, 5 young (5120K), 5 survivors (5120K)
 Metaspace       used 44127K, committed 44416K, reserved 1114112K
  class space    used 5449K, committed 5568K, reserved 1048576K
}
Event: 2.171 GC heap before
{Heap before GC invocations=10 (full 0):
 garbage-first heap   total 68608K, used 22193K [0x0000000083000000, 0x0000000100000000)
  region size 1024K, 6 young (6144K), 5 survivors (5120K)
 Metaspace       used 44419K, committed 44672K, reserved 1114112K
  class space    used 5480K, committed 5568K, reserved 1048576K
}
Event: 2.179 GC heap after
{Heap after GC invocations=11 (full 0):
 garbage-first heap   total 68608K, used 20777K [0x0000000083000000, 0x0000000100000000)
  region size 1024K, 1 young (1024K), 1 survivors (1024K)
 Metaspace       used 44419K, committed 44672K, reserved 1114112K
  class space    used 5480K, committed 5568K, reserved 1048576K
}
Event: 2.432 GC heap before
{Heap before GC invocations=11 (full 0):
 garbage-first heap   total 68608K, used 51497K [0x0000000083000000, 0x0000000100000000)
  region size 1024K, 28 young (28672K), 1 survivors (1024K)
 Metaspace       used 46573K, committed 46784K, reserved 1114112K
  class space    used 5702K, committed 5824K, reserved 1048576K
}
Event: 2.440 GC heap after
{Heap after GC invocations=12 (full 0):
 garbage-first heap   total 137216K, used 28695K [0x0000000083000000, 0x0000000100000000)
  region size 1024K, 4 young (4096K), 4 survivors (4096K)
 Metaspace       used 46573K, committed 46784K, reserved 1114112K
  class space    used 5702K, committed 5824K, reserved 1048576K
}
Event: 3.339 GC heap before
{Heap before GC invocations=12 (full 0):
 garbage-first heap   total 137216K, used 100375K [0x0000000083000000, 0x0000000100000000)
  region size 1024K, 74 young (75776K), 4 survivors (4096K)
 Metaspace       used 50462K, committed 50752K, reserved 1114112K
  class space    used 6023K, committed 6144K, reserved 1048576K
}
Event: 3.354 GC heap after
{Heap after GC invocations=13 (full 0):
 garbage-first heap   total 137216K, used 38747K [0x0000000083000000, 0x0000000100000000)
  region size 1024K, 10 young (10240K), 10 survivors (10240K)
 Metaspace       used 50462K, committed 50752K, reserved 1114112K
  class space    used 6023K, committed 6144K, reserved 1048576K
}
Event: 4.007 GC heap before
{Heap before GC invocations=13 (full 0):
 garbage-first heap   total 137216K, used 91995K [0x0000000083000000, 0x0000000100000000)
  region size 1024K, 62 young (63488K), 10 survivors (10240K)
 Metaspace       used 58104K, committed 58368K, reserved 1114112K
  class space    used 6849K, committed 6976K, reserved 1048576K
}
Event: 4.023 GC heap after
{Heap after GC invocations=14 (full 0):
 garbage-first heap   total 137216K, used 44904K [0x0000000083000000, 0x0000000100000000)
  region size 1024K, 6 young (6144K), 6 survivors (6144K)
 Metaspace       used 58104K, committed 58368K, reserved 1114112K
  class space    used 6849K, committed 6976K, reserved 1048576K
}
Event: 4.209 GC heap before
{Heap before GC invocations=14 (full 0):
 garbage-first heap   total 137216K, used 59240K [0x0000000083000000, 0x0000000100000000)
  region size 1024K, 21 young (21504K), 6 survivors (6144K)
 Metaspace       used 60210K, committed 60416K, reserved 1114112K
  class space    used 7079K, committed 7168K, reserved 1048576K
}
Event: 4.216 GC heap after
{Heap after GC invocations=15 (full 0):
 garbage-first heap   total 137216K, used 47283K [0x0000000083000000, 0x0000000100000000)
  region size 1024K, 2 young (2048K), 2 survivors (2048K)
 Metaspace       used 60210K, committed 60416K, reserved 1114112K
  class space    used 7079K, committed 7168K, reserved 1048576K
}
Event: 4.804 GC heap before
{Heap before GC invocations=16 (full 0):
 garbage-first heap   total 137216K, used 99507K [0x0000000083000000, 0x0000000100000000)
  region size 1024K, 55 young (56320K), 2 survivors (2048K)
 Metaspace       used 66881K, committed 67136K, reserved 1114112K
  class space    used 7752K, committed 7872K, reserved 1048576K
}
Event: 4.814 GC heap after
{Heap after GC invocations=17 (full 0):
 garbage-first heap   total 137216K, used 50355K [0x0000000083000000, 0x0000000100000000)
  region size 1024K, 7 young (7168K), 7 survivors (7168K)
 Metaspace       used 66881K, committed 67136K, reserved 1114112K
  class space    used 7752K, committed 7872K, reserved 1048576K
}
Event: 4.817 GC heap before
{Heap before GC invocations=17 (full 0):
 garbage-first heap   total 137216K, used 51379K [0x0000000083000000, 0x0000000100000000)
  region size 1024K, 8 young (8192K), 7 survivors (7168K)
 Metaspace       used 66885K, committed 67136K, reserved 1114112K
  class space    used 7752K, committed 7872K, reserved 1048576K
}
Event: 4.824 GC heap after
{Heap after GC invocations=18 (full 0):
 garbage-first heap   total 164864K, used 50265K [0x0000000083000000, 0x0000000100000000)
  region size 1024K, 1 young (1024K), 1 survivors (1024K)
 Metaspace       used 66885K, committed 67136K, reserved 1114112K
  class space    used 7752K, committed 7872K, reserved 1048576K
}

