# JRE version: OpenJDK Runtime Environment (17.0.7) (build 17.0.7+0-b2043.56-10550314)
# Java VM: OpenJDK 64-Bit Server VM (17.0.7+0-b2043.56-10550314, mixed mode, tiered, compressed oops, compressed class ptrs, g1 gc, windows-amd64)
GC Precious Log:
 CPUs: 8 total, 8 available
 Memory: 7995M
 Large Page Support: Disabled
 NUMA Support: Disabled
 Compressed Oops: Enabled (32-bit)
 Heap Region Size: 1M
 Heap Min Capacity: 8M
 Heap Initial Capacity: 126M
 Heap Max Capacity: 2G
 Pre-touch: Disabled
 Parallel Workers: 8
 Concurrent Workers: 2
 Concurrent Refinement Workers: 8
 Periodic GC: Disabled
Heap:
 garbage-first heap   total 291840K, used 219136K [0x0000000080000000, 0x0000000100000000)
  region size 1024K, 1 young (1024K), 1 survivors (1024K)
 Metaspace       used 121386K, committed 122240K, reserved 1179648K
  class space    used 16851K, committed 17280K, reserved 1048576K
GC Heap History (20 events):
Event: 19.346 GC heap after
{Heap after GC invocations=54 (full 0):
 garbage-first heap   total 206848K, used 114001K [0x0000000080000000, 0x0000000100000000)
  region size 1024K, 2 young (2048K), 2 survivors (2048K)
 Metaspace       used 103881K, committed 104640K, reserved 1179648K
  class space    used 14186K, committed 14592K, reserved 1048576K
}
Event: 20.114 GC heap before
{Heap before GC invocations=54 (full 0):
 garbage-first heap   total 206848K, used 169297K [0x0000000080000000, 0x0000000100000000)
  region size 1024K, 57 young (58368K), 2 survivors (2048K)
 Metaspace       used 106208K, committed 107072K, reserved 1179648K
  class space    used 14499K, committed 14912K, reserved 1048576K
}
Event: 20.120 GC heap after
{Heap after GC invocations=55 (full 0):
 garbage-first heap   total 206848K, used 117379K [0x0000000080000000, 0x0000000100000000)
  region size 1024K, 5 young (5120K), 5 survivors (5120K)
 Metaspace       used 106208K, committed 107072K, reserved 1179648K
  class space    used 14499K, committed 14912K, reserved 1048576K
}
Event: 24.698 GC heap before
{Heap before GC invocations=56 (full 0):
 garbage-first heap   total 208896K, used 170627K [0x0000000080000000, 0x0000000100000000)
  region size 1024K, 58 young (59392K), 5 survivors (5120K)
 Metaspace       used 111088K, committed 111936K, reserved 1179648K
  class space    used 15200K, committed 15616K, reserved 1048576K
}
Event: 24.704 GC heap after
{Heap after GC invocations=57 (full 0):
 garbage-first heap   total 208896K, used 119206K [0x0000000080000000, 0x0000000100000000)
  region size 1024K, 6 young (6144K), 6 survivors (6144K)
 Metaspace       used 111088K, committed 111936K, reserved 1179648K
  class space    used 15200K, committed 15616K, reserved 1048576K
}
Event: 24.759 GC heap before
{Heap before GC invocations=57 (full 0):
 garbage-first heap   total 208896K, used 123302K [0x0000000080000000, 0x0000000100000000)
  region size 1024K, 10 young (10240K), 6 survivors (6144K)
 Metaspace       used 111668K, committed 112512K, reserved 1179648K
  class space    used 15291K, committed 15744K, reserved 1048576K
}
Event: 24.764 GC heap after
{Heap after GC invocations=58 (full 0):
 garbage-first heap   total 208896K, used 119454K [0x0000000080000000, 0x0000000100000000)
  region size 1024K, 1 young (1024K), 1 survivors (1024K)
 Metaspace       used 111668K, committed 112512K, reserved 1179648K
  class space    used 15291K, committed 15744K, reserved 1048576K
}
Event: 26.085 GC heap before
{Heap before GC invocations=58 (full 0):
 garbage-first heap   total 208896K, used 184990K [0x0000000080000000, 0x0000000100000000)
  region size 1024K, 56 young (57344K), 1 survivors (1024K)
 Metaspace       used 119371K, committed 120256K, reserved 1179648K
  class space    used 16461K, committed 16896K, reserved 1048576K
}
Event: 26.087 GC heap after
{Heap after GC invocations=59 (full 0):
 garbage-first heap   total 250880K, used 131014K [0x0000000080000000, 0x0000000100000000)
  region size 1024K, 3 young (3072K), 3 survivors (3072K)
 Metaspace       used 119371K, committed 120256K, reserved 1179648K
  class space    used 16461K, committed 16896K, reserved 1048576K
}
Event: 26.135 GC heap before
{Heap before GC invocations=59 (full 0):
 garbage-first heap   total 250880K, used 139206K [0x0000000080000000, 0x0000000100000000)
  region size 1024K, 7 young (7168K), 3 survivors (3072K)
 Metaspace       used 119731K, committed 120576K, reserved 1179648K
  class space    used 16522K, committed 16960K, reserved 1048576K
}
Event: 26.139 GC heap after
{Heap after GC invocations=60 (full 0):
 garbage-first heap   total 250880K, used 137756K [0x0000000080000000, 0x0000000100000000)
  region size 1024K, 3 young (3072K), 3 survivors (3072K)
 Metaspace       used 119731K, committed 120576K, reserved 1179648K
  class space    used 16522K, committed 16960K, reserved 1048576K
}
Event: 26.715 GC heap before
{Heap before GC invocations=61 (full 0):
 garbage-first heap   total 291840K, used 232988K [0x0000000080000000, 0x0000000100000000)
  region size 1024K, 69 young (70656K), 3 survivors (3072K)
 Metaspace       used 121092K, committed 121920K, reserved 1179648K
  class space    used 16836K, committed 17280K, reserved 1048576K
}
Event: 26.736 GC heap after
{Heap after GC invocations=62 (full 0):
 garbage-first heap   total 291840K, used 168414K [0x0000000080000000, 0x0000000100000000)
  region size 1024K, 9 young (9216K), 9 survivors (9216K)
 Metaspace       used 121092K, committed 121920K, reserved 1179648K
  class space    used 16836K, committed 17280K, reserved 1048576K
}
Event: 26.776 GC heap before
{Heap before GC invocations=62 (full 0):
 garbage-first heap   total 291840K, used 172510K [0x0000000080000000, 0x0000000100000000)
  region size 1024K, 14 young (14336K), 9 survivors (9216K)
 Metaspace       used 121125K, committed 121984K, reserved 1179648K
  class space    used 16836K, committed 17280K, reserved 1048576K
}
Event: 26.788 GC heap after
{Heap after GC invocations=63 (full 0):
 garbage-first heap   total 291840K, used 172851K [0x0000000080000000, 0x0000000100000000)
  region size 1024K, 2 young (2048K), 2 survivors (2048K)
 Metaspace       used 121125K, committed 121984K, reserved 1179648K
  class space    used 16836K, committed 17280K, reserved 1048576K
}
Event: 27.015 GC heap before
{Heap before GC invocations=63 (full 0):
 garbage-first heap   total 291840K, used 231219K [0x0000000080000000, 0x0000000100000000)
  region size 1024K, 58 young (59392K), 2 survivors (2048K)
 Metaspace       used 121196K, committed 122048K, reserved 1179648K
  class space    used 16836K, committed 17280K, reserved 1048576K
}
Event: 27.036 GC heap after
{Heap after GC invocations=64 (full 0):
 garbage-first heap   total 291840K, used 203515K [0x0000000080000000, 0x0000000100000000)
  region size 1024K, 8 young (8192K), 8 survivors (8192K)
 Metaspace       used 121196K, committed 122048K, reserved 1179648K
  class space    used 16836K, committed 17280K, reserved 1048576K
}
Event: 27.190 GC heap before
{Heap before GC invocations=64 (full 0):
 garbage-first heap   total 291840K, used 234235K [0x0000000080000000, 0x0000000100000000)
  region size 1024K, 38 young (38912K), 8 survivors (8192K)
 Metaspace       used 121368K, committed 122240K, reserved 1179648K
  class space    used 16851K, committed 17280K, reserved 1048576K
}
Event: 27.208 GC heap after
{Heap after GC invocations=65 (full 0):
 garbage-first heap   total 291840K, used 217010K [0x0000000080000000, 0x0000000100000000)
  region size 1024K, 5 young (5120K), 5 survivors (5120K)
 Metaspace       used 121368K, committed 122240K, reserved 1179648K
  class space    used 16851K, committed 17280K, reserved 1048576K
}
Event: 27.236 GC heap before
{Heap before GC invocations=65 (full 0):
 garbage-first heap   total 291840K, used 222130K [0x0000000080000000, 0x0000000100000000)
  region size 1024K, 11 young (11264K), 5 survivors (5120K)
 Metaspace       used 121386K, committed 122240K, reserved 1179648K
  class space    used 16851K, committed 17280K, reserved 1048576K
}

